[    0.000000] Initializing cgroup subsys cpuset
[    0.000000] Initializing cgroup subsys cpu
[    0.000000] Initializing cgroup subsys cpuacct
[    0.000000] Linux version 4.4.0-62-generic (buildd@lcy01-30) (gcc version 5.4.0 20160609 (Ubuntu 5.4.0-6ubuntu1~16.04.4) ) #83-Ubuntu SMP Wed Jan 18 14:10:15 UTC 2017 (Ubuntu 4.4.0-62.83-generic 4.4.40)
[    0.000000] Command line: BOOT_IMAGE=/boot/vmlinuz-4.4.0-62-generic root=LABEL=cloudimg-rootfs ro console=tty1 console=ttyS0
[    0.000000] KERNEL supported cpus:
[    0.000000]   Intel GenuineIntel
[    0.000000]   AMD AuthenticAMD
[    0.000000]   Centaur CentaurHauls
[    0.000000] x86/fpu: xstate_offset[2]:  576, xstate_sizes[2]:  256
[    0.000000] x86/fpu: Supporting XSAVE feature 0x01: 'x87 floating point registers'
[    0.000000] x86/fpu: Supporting XSAVE feature 0x02: 'SSE registers'
[    0.000000] x86/fpu: Supporting XSAVE feature 0x04: 'AVX registers'
[    0.000000] x86/fpu: Enabled xstate features 0x7, context size is 832 bytes, using 'standard' format.
[    0.000000] x86/fpu: Using 'lazy' FPU context switches.
[    0.000000] e820: BIOS-provided physical RAM map:
[    0.000000] BIOS-e820: [mem 0x0000000000000000-0x000000000009fbff] usable
[    0.000000] BIOS-e820: [mem 0x000000000009fc00-0x000000000009ffff] reserved
[    0.000000] BIOS-e820: [mem 0x00000000000f0000-0x00000000000fffff] reserved
[    0.000000] BIOS-e820: [mem 0x0000000000100000-0x000000003ffeffff] usable
[    0.000000] BIOS-e820: [mem 0x000000003fff0000-0x000000003fffffff] ACPI data
[    0.000000] BIOS-e820: [mem 0x00000000fec00000-0x00000000fec00fff] reserved
[    0.000000] BIOS-e820: [mem 0x00000000fee00000-0x00000000fee00fff] reserved
[    0.000000] BIOS-e820: [mem 0x00000000fffc0000-0x00000000ffffffff] reserved
[    0.000000] NX (Execute Disable) protection: active
[    0.000000] SMBIOS 2.5 present.
[    0.000000] Hypervisor detected: KVM
[    0.000000] e820: last_pfn = 0x3fff0 max_arch_pfn = 0x400000000
[    0.000000] MTRR: Disabled
[    0.000000] x86/PAT: MTRRs disabled, skipping PAT initialization too.
[    0.000000] x86/PAT: Configuration [0-7]: WB  WT  UC- UC  WB  WT  UC- UC  
[    0.000000] CPU MTRRs all blank - virtualized system.
[    0.000000] found SMP MP-table at [mem 0x0009fff0-0x0009ffff] mapped at [ffff88000009fff0]
[    0.000000] Scanning 1 areas for low memory corruption
[    0.000000] RAMDISK: [mem 0x36b76000-0x375b2fff]
[    0.000000] ACPI: Early table checksum verification disabled
[    0.000000] ACPI: RSDP 0x00000000000E0000 000024 (v02 VBOX  )
[    0.000000] ACPI: XSDT 0x000000003FFF0030 00003C (v01 VBOX   VBOXXSDT 00000001 ASL  00000061)
[    0.000000] ACPI: FACP 0x000000003FFF00F0 0000F4 (v04 VBOX   VBOXFACP 00000001 ASL  00000061)
[    0.000000] ACPI: DSDT 0x000000003FFF0470 00210F (v01 VBOX   VBOXBIOS 00000002 INTL 20100528)
[    0.000000] ACPI: FACS 0x000000003FFF0200 000040
[    0.000000] ACPI: FACS 0x000000003FFF0200 000040
[    0.000000] ACPI: APIC 0x000000003FFF0240 00005C (v02 VBOX   VBOXAPIC 00000001 ASL  00000061)
[    0.000000] ACPI: SSDT 0x000000003FFF02A0 0001CC (v01 VBOX   VBOXCPUT 00000002 INTL 20100528)
[    0.000000] No NUMA configuration found
[    0.000000] Faking a node at [mem 0x0000000000000000-0x000000003ffeffff]
[    0.000000] NODE_DATA(0) allocated [mem 0x3ffeb000-0x3ffeffff]
[    0.000000] kvm-clock: Using msrs 4b564d01 and 4b564d00
[    0.000000] kvm-clock: cpu 0, msr 0:3ffe3001, primary cpu clock
[    0.000000] kvm-clock: using sched offset of 3098654326 cycles
[    0.000000] clocksource: kvm-clock: mask: 0xffffffffffffffff max_cycles: 0x1cd42e4dffb, max_idle_ns: 881590591483 ns
[    0.000000] Zone ranges:
[    0.000000]   DMA      [mem 0x0000000000001000-0x0000000000ffffff]
[    0.000000]   DMA32    [mem 0x0000000001000000-0x000000003ffeffff]
[    0.000000]   Normal   empty
[    0.000000]   Device   empty
[    0.000000] Movable zone start for each node
[    0.000000] Early memory node ranges
[    0.000000]   node   0: [mem 0x0000000000001000-0x000000000009efff]
[    0.000000]   node   0: [mem 0x0000000000100000-0x000000003ffeffff]
[    0.000000] Initmem setup node 0 [mem 0x0000000000001000-0x000000003ffeffff]
[    0.000000] ACPI: PM-Timer IO Port: 0x4008
[    0.000000] IOAPIC[0]: apic_id 2, version 32, address 0xfec00000, GSI 0-23
[    0.000000] ACPI: INT_SRC_OVR (bus 0 bus_irq 0 global_irq 2 dfl dfl)
[    0.000000] ACPI: INT_SRC_OVR (bus 0 bus_irq 9 global_irq 9 high level)
[    0.000000] Using ACPI (MADT) for SMP configuration information
[    0.000000] smpboot: Allowing 2 CPUs, 0 hotplug CPUs
[    0.000000] PM: Registered nosave memory: [mem 0x00000000-0x00000fff]
[    0.000000] PM: Registered nosave memory: [mem 0x0009f000-0x0009ffff]
[    0.000000] PM: Registered nosave memory: [mem 0x000a0000-0x000effff]
[    0.000000] PM: Registered nosave memory: [mem 0x000f0000-0x000fffff]
[    0.000000] e820: [mem 0x40000000-0xfebfffff] available for PCI devices
[    0.000000] Booting paravirtualized kernel on KVM
[    0.000000] clocksource: refined-jiffies: mask: 0xffffffff max_cycles: 0xffffffff, max_idle_ns: 7645519600211568 ns
[    0.000000] setup_percpu: NR_CPUS:512 nr_cpumask_bits:512 nr_cpu_ids:2 nr_node_ids:1
[    0.000000] PERCPU: Embedded 33 pages/cpu @ffff88003fc00000 s98264 r8192 d28712 u1048576
[    0.000000] PV qspinlock hash table entries: 256 (order: 0, 4096 bytes)
[    0.000000] Built 1 zonelists in Node order, mobility grouping on.  Total pages: 257913
[    0.000000] Policy zone: DMA32
[    0.000000] Kernel command line: BOOT_IMAGE=/boot/vmlinuz-4.4.0-62-generic root=LABEL=cloudimg-rootfs ro console=tty1 console=ttyS0
[    0.000000] PID hash table entries: 4096 (order: 3, 32768 bytes)
[    0.000000] Memory: 1002096K/1048120K available (8436K kernel code, 1291K rwdata, 3960K rodata, 1488K init, 1316K bss, 46024K reserved, 0K cma-reserved)
[    0.000000] SLUB: HWalign=64, Order=0-3, MinObjects=0, CPUs=2, Nodes=1
[    0.000000] Hierarchical RCU implementation.
[    0.000000] 	Build-time adjustment of leaf fanout to 64.
[    0.000000] 	RCU restricting CPUs from NR_CPUS=512 to nr_cpu_ids=2.
[    0.000000] RCU: Adjusting geometry for rcu_fanout_leaf=64, nr_cpu_ids=2
[    0.000000] NR_IRQS:33024 nr_irqs:440 16
[    0.000000] Console: colour VGA+ 80x25
[    0.000000] console [tty1] enabled
[    0.000000] console [ttyS0] enabled
[    0.000000] tsc: Detected 2194.918 MHz processor
[   12.682709] Calibrating delay loop (skipped) preset value.. 4389.83 BogoMIPS (lpj=8779672)
[   12.710200] pid_max: default: 32768 minimum: 301
[   12.711021] ACPI: Core revision 20150930
[   12.712582] ACPI: 2 ACPI AML tables successfully acquired and loaded
[   12.714127] Security Framework initialized
[   12.803524] Yama: becoming mindful.
[   12.896250] AppArmor: AppArmor initialized
[   12.990252] Dentry cache hash table entries: 131072 (order: 8, 1048576 bytes)
[   13.143807] Inode-cache hash table entries: 65536 (order: 7, 524288 bytes)
[   13.244512] Mount-cache hash table entries: 2048 (order: 2, 16384 bytes)
[   13.372949] Mountpoint-cache hash table entries: 2048 (order: 2, 16384 bytes)
[   13.543178] Initializing cgroup subsys io
[   13.638991] Initializing cgroup subsys memory
[   13.727804] Initializing cgroup subsys devices
[   13.838502] Initializing cgroup subsys freezer
[   13.949656] Initializing cgroup subsys net_cls
[   14.062250] Initializing cgroup subsys perf_event
[   14.162210] Initializing cgroup subsys net_prio
[   14.265389] Initializing cgroup subsys hugetlb
[   14.330834] Initializing cgroup subsys pids
[   14.397233] CPU: Physical Processor ID: 0
[   14.490877] CPU: Processor Core ID: 0
[   14.568943] mce: CPU supports 0 MCE banks
[   14.657609] Last level iTLB entries: 4KB 1024, 2MB 1024, 4MB 1024
[   14.806307] Last level dTLB entries: 4KB 1024, 2MB 1024, 4MB 1024, 1GB 4
[   14.973057] Freeing SMP alternatives memory: 32K (ffffffff820b8000 - ffffffff820c0000)
[   15.166117] ftrace: allocating 32065 entries in 126 pages
[   15.335700] smpboot: APIC(0) Converting physical 0 to logical package 0
[   15.423142] smpboot: Max logical packages: 1
[   15.500180] x2apic enabled
[   15.576118] Switched APIC routing to physical x2apic.
[   15.702428] ..TIMER: vector=0x30 apic1=0 pin1=2 apic2=-1 pin2=-1
[   15.958819] smpboot: CPU0: Intel(R) Core(TM) i7-4770HQ CPU @ 2.20GHz (family: 0x6, model: 0x46, stepping: 0x1)
[   16.212778] Performance Events: unsupported p6 CPU model 70 no PMU driver, software events only.
[   16.456434] KVM setup paravirtual spinlock
[   16.516134] x86: Booting SMP configuration:
[   16.629940] .... node  #0, CPUs:      #1
[   16.665310] kvm-clock: cpu 1, msr 0:3ffe3041, secondary cpu clock
[   16.666882] mce: CPU supports 0 MCE banks
[   16.669346] x86: Booted up 1 node, 2 CPUs
[   16.670317] smpboot: Total of 2 processors activated (8779.67 BogoMIPS)
[   16.671762] devtmpfs: initialized
[   16.673682] evm: security.selinux
[   16.709191] evm: security.SMACK64
[   16.709862] evm: security.SMACK64EXEC
[   16.710576] evm: security.SMACK64TRANSMUTE
[   16.711329] evm: security.SMACK64MMAP
[   16.712030] evm: security.ima
[   16.712609] evm: security.capability
[   16.713574] clocksource: jiffies: mask: 0xffffffff max_cycles: 0xffffffff, max_idle_ns: 7645041785100000 ns
[   16.715360] pinctrl core: initialized pinctrl subsystem
[   16.842477] RTC time: 20:10:11, date: 02/28/17
[   16.948437] NET: Registered protocol family 16
[   17.072160] cpuidle: using governor ladder
[   17.167896] cpuidle: using governor menu
[   17.258724] PCCT header not found.
[   17.345693] ACPI: bus type PCI registered
[   17.440889] acpiphp: ACPI Hot Plug PCI Controller Driver version: 0.5
[   17.567077] PCI: Using configuration type 1 for base access
[   17.624860] ACPI: Added _OSI(Module Device)
[   17.694795] ACPI: Added _OSI(Processor Device)
[   17.798295] ACPI: Added _OSI(3.0 _SCP Extensions)
[   17.906149] ACPI: Added _OSI(Processor Aggregator Device)
[   18.045070] ACPI: Executed 1 blocks of module-level executable AML code
[   18.166679] ACPI: Interpreter enabled
[   18.167384] ACPI: (supports S0 S5)
[   18.168039] ACPI: Using IOAPIC for interrupt routing
[   18.168986] PCI: Using host bridge windows from ACPI; if necessary, use "pci=nocrs" and report a bug
[   18.366608] ACPI: PCI Root Bridge [PCI0] (domain 0000 [bus 00-ff])
[   18.507280] acpi PNP0A03:00: _OSC: OS supports [ASPM ClockPM Segments MSI]
[   18.646757] acpi PNP0A03:00: _OSC failed (AE_NOT_FOUND); disabling ASPM
[   18.695410] acpi PNP0A03:00: fail to add MMCONFIG information, can't access extended PCI configuration space under this bridge.
[   18.988682] PCI host bridge to bus 0000:00
[   19.096695] pci_bus 0000:00: root bus resource [io  0x0000-0x0cf7 window]
[   19.234927] pci_bus 0000:00: root bus resource [io  0x0d00-0xffff window]
[   19.400094] pci_bus 0000:00: root bus resource [mem 0x000a0000-0x000bffff window]
[   19.566361] pci_bus 0000:00: root bus resource [mem 0x40000000-0xffdfffff window]
[   19.719503] pci_bus 0000:00: root bus resource [bus 00-ff]
[   19.752005] pci 0000:00:01.1: legacy IDE quirk: reg 0x10: [io  0x01f0-0x01f7]
[   19.901744] pci 0000:00:01.1: legacy IDE quirk: reg 0x14: [io  0x03f6]
[   20.088023] pci 0000:00:01.1: legacy IDE quirk: reg 0x18: [io  0x0170-0x0177]
[   20.249842] pci 0000:00:01.1: legacy IDE quirk: reg 0x1c: [io  0x0376]
[   20.430662] pci 0000:00:07.0: quirk: [io  0x4000-0x403f] claimed by PIIX4 ACPI
[   20.609920] pci 0000:00:07.0: quirk: [io  0x4100-0x410f] claimed by PIIX4 SMB
[   20.796754] ACPI: PCI Interrupt Link [LNKA] (IRQs 5 9 10 *11)
[   20.838045] ACPI: PCI Interrupt Link [LNKB] (IRQs 5 9 10 *11)
[   20.959793] ACPI: PCI Interrupt Link [LNKC] (IRQs 5 9 *10 11)
[   21.090761] ACPI: PCI Interrupt Link [LNKD] (IRQs 5 *9 10 11)
[   21.219062] ACPI: Enabled 2 GPEs in block 00 to 07
[   21.344015] vgaarb: setting as boot device: PCI:0000:00:02.0
[   21.485822] vgaarb: device added: PCI:0000:00:02.0,decodes=io+mem,owns=io+mem,locks=none
[   21.661991] vgaarb: loaded
[   21.711210] vgaarb: bridge control possible 0000:00:02.0
[   21.857106] SCSI subsystem initialized
[   21.894691] ACPI: bus type USB registered
[   21.921206] usbcore: registered new interface driver usbfs
[   22.054101] usbcore: registered new interface driver hub
[   22.179127] usbcore: registered new device driver usb
[   22.300310] PCI: Using ACPI for IRQ routing
[   22.402367] NetLabel: Initializing
[   22.485763] NetLabel:  domain hash size = 128
[   22.596275] NetLabel:  protocols = UNLABELED CIPSOv4
[   22.718858] NetLabel:  unlabeled traffic allowed by default
[   22.856520] amd_nb: Cannot enumerate AMD northbridges
[   22.969794] clocksource: Switched to clocksource kvm-clock
[   23.082358] AppArmor: AppArmor Filesystem Enabled
[   23.217383] pnp: PnP ACPI init
[   23.309640] pnp: PnP ACPI: found 3 devices
[   23.427884] clocksource: acpi_pm: mask: 0xffffff max_cycles: 0xffffff, max_idle_ns: 2085701024 ns
[   23.672238] NET: Registered protocol family 2
[   23.804282] TCP established hash table entries: 8192 (order: 4, 65536 bytes)
[   24.023368] TCP bind hash table entries: 8192 (order: 5, 131072 bytes)
[   24.143589] TCP: Hash tables configured (established 8192 bind 8192)
[   24.324998] UDP hash table entries: 512 (order: 2, 16384 bytes)
[   24.491822] UDP-Lite hash table entries: 512 (order: 2, 16384 bytes)
[   24.670369] NET: Registered protocol family 1
[   24.793933] pci 0000:00:00.0: Limiting direct PCI/PCI transfers
[   24.967915] pci 0000:00:01.0: Activating ISA DMA hang workarounds
[   25.127331] Trying to unpack rootfs image as initramfs...
[   26.717248] Freeing initrd memory: 10484K (ffff880036b76000 - ffff8800375b3000)
[   26.882417] platform rtc_cmos: registered platform RTC device (no PNP device found)
[   27.107372] Scanning for low memory corruption every 60 seconds
[   27.254846] futex hash table entries: 512 (order: 3, 32768 bytes)
[   27.331719] audit: initializing netlink subsys (disabled)
[   27.420019] audit: type=2000 audit(1488312605.152:1): initialized
[   27.570584] Initialise system trusted keyring
[   27.611535] HugeTLB registered 2 MB page size, pre-allocated 0 pages
[   27.688071] zbud: loaded
[   27.710815] VFS: Disk quotas dquot_6.6.0
[   27.775937] VFS: Dquot-cache hash table entries: 512 (order 0, 4096 bytes)
[   27.960052] tsc: Refined TSC clocksource calibration: 2193.643 MHz
[   28.132639] clocksource: tsc: mask: 0xffffffffffffffff max_cycles: 0x1f9ebda7fc8, max_idle_ns: 440795291970 ns
[   28.132973] squashfs: version 4.0 (2009/01/31) Phillip Lougher
[   28.133177] fuse init (API version 7.23)
[   28.133279] Key type big_key registered
[   28.133298] Allocating IMA MOK and blacklist keyrings.
[   28.133491] Key type asymmetric registered
[   28.133497] Asymmetric key parser 'x509' registered
[   28.133527] Block layer SCSI generic (bsg) driver version 0.4 loaded (major 249)
[   28.133555] io scheduler noop registered
[   28.133557] io scheduler deadline registered (default)
[   28.133580] io scheduler cfq registered
[   28.133665] pci_hotplug: PCI Hot Plug PCI Core version: 0.5
[   28.133669] pciehp: PCI Express Hot Plug Controller Driver version: 0.4
[   28.134019] ACPI: AC Adapter [AC] (off-line)
[   28.134076] input: Power Button as /devices/LNXSYSTM:00/LNXPWRBN:00/input/input0
[   28.134079] ACPI: Power Button [PWRF]
[   28.134143] input: Sleep Button as /devices/LNXSYSTM:00/LNXSLPBN:00/input/input1
[   28.134144] ACPI: Sleep Button [SLPF]
[   28.134281] GHES: HEST is not enabled!
[   28.135240] ACPI: Battery Slot [BAT0] (battery present)
[   28.135298] Serial: 8250/16550 driver, 32 ports, IRQ sharing enabled
[   28.413110] 00:02: ttyS0 at I/O 0x3f8 (irq = 4, base_baud = 115200) is a 16550A
[   28.572096] Linux agpgart interface v0.103
[   28.717449] brd: module loaded
[   28.718108] loop: module loaded
[   28.718565] scsi host0: ata_piix
[   28.718613] scsi host1: ata_piix
[   28.718637] ata1: PATA max UDMA/33 cmd 0x1f0 ctl 0x3f6 bmdma 0xd000 irq 14
[   28.718638] ata2: PATA max UDMA/33 cmd 0x170 ctl 0x376 bmdma 0xd008 irq 15
[   28.718704] libphy: Fixed MDIO Bus: probed
[   28.718706] tun: Universal TUN/TAP device driver, 1.6
[   28.718707] tun: (C) 1999-2004 Max Krasnyansky <maxk@qualcomm.com>
[   28.718977] PPP generic driver version 2.4.2
[   28.719034] ehci_hcd: USB 2.0 'Enhanced' Host Controller (EHCI) Driver
[   28.719038] ehci-pci: EHCI PCI platform driver
[   28.719053] ehci-platform: EHCI generic platform driver
[   28.719060] ohci_hcd: USB 1.1 'Open' Host Controller (OHCI) Driver
[   28.719063] ohci-pci: OHCI PCI platform driver
[   28.719070] ohci-platform: OHCI generic platform driver
[   28.719076] uhci_hcd: USB Universal Host Controller Interface driver
[   28.719124] i8042: PNP: PS/2 Controller [PNP0303:PS2K,PNP0f03:PS2M] at 0x60,0x64 irq 1,12
[   28.798922] serio: i8042 KBD port at 0x60,0x64 irq 1
[   28.798930] serio: i8042 AUX port at 0x60,0x64 irq 12
[   28.799078] mousedev: PS/2 mouse device common for all mice
[   28.799391] rtc_cmos rtc_cmos: rtc core: registered rtc_cmos as rtc0
[   28.799442] rtc_cmos rtc_cmos: alarms up to one day, 114 bytes nvram
[   28.799448] i2c /dev entries driver
[   28.799505] device-mapper: uevent: version 1.0.3
[   28.799554] device-mapper: ioctl: 4.34.0-ioctl (2015-10-28) initialised: dm-devel@redhat.com
[   28.799570] ledtrig-cpu: registered to indicate activity on CPUs
[   28.799809] NET: Registered protocol family 10
[   28.799943] NET: Registered protocol family 17
[   28.799954] Key type dns_resolver registered
[   28.990473] microcode: CPU0 sig=0x40661, pf=0x40, revision=0x0
[   28.990535] microcode: CPU1 sig=0x40661, pf=0x40, revision=0x0
[   28.990617] microcode: Microcode Update Driver: v2.01 <tigran@aivazian.fsnet.co.uk>, Peter Oruba
[   28.990741] registered taskstats version 1
[   28.990757] Loading compiled-in X.509 certificates
[   28.991317] Loaded X.509 cert 'Build time autogenerated kernel key: a630254739635d6fdc487c9f0afa5d9a0ff04f04'
[   28.991337] zswap: loaded using pool lzo/zbud
[   28.992534] Key type trusted registered
[   28.994584] Key type encrypted registered
[   28.994590] AppArmor: AppArmor sha1 policy hashing enabled
[   28.994593] ima: No TPM chip found, activating TPM-bypass!
[   28.994609] evm: HMAC attrs: 0x1
[   28.994857]   Magic number: 5:817:195
[   29.141268] rtc_cmos rtc_cmos: setting system clock to 2017-02-28 20:10:24 UTC (1488312624)
[   29.141427] BIOS EDD facility v0.16 2004-Jun-25, 0 devices found
[   29.141428] EDD information not available.
[   29.667952] input: AT Translated Set 2 keyboard as /devices/platform/i8042/serio0/input/input2
[   34.671627] Freeing unused kernel memory: 1488K (ffffffff81f44000 - ffffffff820b8000)
[   34.866276] Write protecting the kernel read-only data: 14336k
[   34.889433] Freeing unused kernel memory: 1792K (ffff880001840000 - ffff880001a00000)
[   35.180326] Freeing unused kernel memory: 136K (ffff880001dde000 - ffff880001e00000)
Loading, please wait...
[   35.415411] random: systemd-udevd: uninitialized urandom read (16 bytes read, 5 bits of entropy available)
starting version[   35.415954] random: udevadm: uninitialized urandom read (16 bytes read, 5 bits of entropy available)
 229
[   35.415984] random: udevadm: uninitialized urandom read (16 bytes read, 5 bits of entropy available)
[   35.416079] random: udevadm: uninitialized urandom read (16 bytes read, 5 bits of entropy available)
[   35.416112] random: udevadm: uninitialized urandom read (16 bytes read, 5 bits of entropy available)
[   35.416146] random: udevadm: uninitialized urandom read (16 bytes read, 5 bits of entropy available)
[   35.416178] random: udevadm: uninitialized urandom read (16 bytes read, 5 bits of entropy available)
[   35.416209] random: udevadm: uninitialized urandom read (16 bytes read, 5 bits of entropy available)
[   35.416249] random: udevadm: uninitialized urandom read (16 bytes read, 5 bits of entropy available)
[   35.416285] random: udevadm: uninitialized urandom read (16 bytes read, 5 bits of entropy available)
[   38.254443] Fusion MPT base driver 3.04.20
[   38.348780] Copyright (c) 1999-2008 LSI Corporation
[   38.459625] e1000: Intel(R) PRO/1000 Network Driver - version 7.3.21-k8-NAPI
[   38.651152] e1000: Copyright (c) 1999-2006 Intel Corporation.
[   38.874511] Fusion MPT SPI Host driver 3.04.20
[   39.062190] AVX version of gcm_enc/dec engaged.
[   39.185097] AES CTR mode by8 optimization enabled
[   39.210320] input: ImExPS/2 Generic Explorer Mouse as /devices/platform/i8042/serio1/input/input4
[   39.525346] e1000 0000:00:03.0 eth0: (PCI:33MHz:32-bit) 02:f2:f2:0c:4e:d5
[   39.669373] e1000 0000:00:03.0 eth0: Intel(R) PRO/1000 Network Connection
[   39.671610] e1000 0000:00:03.0 enp0s3: renamed from eth0
[   39.672812] mptbase: ioc0: Initiating bringup
[   39.746639] ioc0: LSI53C1030 A0: Capabilities={Initiator}
[   40.070669] scsi host2: ioc0: LSI53C1030 A0, FwRev=00000000h, Ports=1, MaxQ=256, IRQ=20
[   40.399709] scsi 2:0:0:0: Direct-Access     VBOX     HARDDISK         1.0  PQ: 0 ANSI: 5
[   40.642132] scsi target2:0:0: Beginning Domain Validation
[   40.777276] scsi target2:0:0: Domain Validation skipping write tests
[   40.954356] scsi target2:0:0: Ending Domain Validation
[   41.103835] scsi target2:0:0: asynchronous
[   41.227437] scsi 2:0:1:0: Direct-Access     VBOX     HARDDISK         1.0  PQ: 0 ANSI: 5
[   41.397678] scsi target2:0:1: Beginning Domain Validation
[   41.466124] floppy0: no floppy controllers found
[   41.466164] work still pending
[   41.709484] scsi target2:0:1: Domain Validation skipping write tests
[   41.779155] scsi target2:0:1: Ending Domain Validation
[   41.908606] scsi target2:0:1: asynchronous
[   42.033995] sd 2:0:0:0: Attached scsi generic sg0 type 0
[   42.246076] sd 2:0:0:0: [sda] 20971520 512-byte logical blocks: (10.7 GB/10.0 GiB)
[   42.246364] sd 2:0:1:0: [sdb] 20480 512-byte logical blocks: (10.5 MB/10.0 MiB)
[   42.246386] sd 2:0:1:0: Attached scsi generic sg1 type 0
[   42.246661] sd 2:0:1:0: [sdb] Write Protect is off
[   42.246899] sd 2:0:1:0: [sdb] Incomplete mode parameter data
[   42.246900] sd 2:0:1:0: [sdb] Assuming drive cache: write through
[   42.248625] sd 2:0:1:0: [sdb] Attached SCSI disk
[   42.861333] sd 2:0:0:0: [sda] Write Protect is off
[   42.871901] sd 2:0:0:0: [sda] Incomplete mode parameter data
[   42.899380] sd 2:0:0:0: [sda] Assuming drive cache: write through
[   42.903309]  sda: sda1
[   42.916922] sd 2:0:0:0: [sda] Attached SCSI disk
Begin: Loading e[   44.225571] md: linear personality registered for level -1
ssential drivers ... [   44.389203] md: multipath personality registered for level -4
[   44.525238] md: raid0 personality registered for level 0
[   44.605348] md: raid1 personality registered for level 1
[   44.699202] raid6: sse2x1   gen() 10308 MB/s
[   45.006054] raid6: sse2x1   xor()  8119 MB/s
[   45.297510] raid6: sse2x2   gen() 13026 MB/s
[   45.590201] raid6: sse2x2   xor()  8808 MB/s
[   45.753210] raid6: sse2x4   gen() 14393 MB/s
[   45.965914] raid6: sse2x4   xor()  9956 MB/s
[   46.175000] raid6: using algorithm sse2x4 gen() 14393 MB/s
[   46.389216] raid6: .... xor() 9956 MB/s, rmw enabled
[   46.609177] raid6: using ssse3x2 recovery algorithm
[   46.761317] xor: automatically using best checksumming function:
[   46.853805]    avx       : 18756.000 MB/sec
[   46.962277] async_tx: api initialized (async)
[   47.176458] md: raid6 personality registered for level 6
[   47.355851] md: raid5 personality registered for level 5
[   47.515194] md: raid4 personality registered for level 4
[   47.723916] md: raid10 personality registered for level 10
done.
Begin: Running /scripts/init-premount ... done.
Begin: Mounting root file system ... Begin: Running /scripts/local-top ... done.
Begin: Running /scripts/local-premount ... [   47.890345] Btrfs loaded
Scanning for Btrfs filesystems
done.
Warning: fsck no[   47.983114] EXT4-fs (sda1): INFO: recovery required on readonly filesystem
t present, so skipping root file system
[   48.175666] EXT4-fs (sda1): write access will be enabled during recovery
[   48.189250] EXT4-fs (sda1): orphan cleanup on readonly fs
[   48.191272] EXT4-fs (sda1): 6 orphan inodes deleted
[   48.228700] EXT4-fs (sda1): recovery complete
[   48.344909] EXT4-fs (sda1): mounted filesystem with ordered data mode. Opts: (null)
done.
Begin: Running /scripts/local-bottom ... done.
Begin: Running /scripts/init-bottom ... done.
[   48.639261] systemd[1]: systemd 229 running in system mode. (+PAM +AUDIT +SELINUX +IMA +APPARMOR +SMACK +SYSVINIT +UTMP +LIBCRYPTSETUP +GCRYPT +GNUTLS +ACL +XZ -LZ4 +SECCOMP +BLKID +ELFUTILS +KMOD -IDN)
[   49.007773] systemd[1]: Detected virtualization oracle.
[   49.149392] systemd[1]: Detected architecture x86-64.

Welcome to [1mUbuntu 16.04.2 LTS[0m!

[   49.310897] systemd[1]: Set hostname to <ubuntu-xenial>.
[   49.546494] systemd[1]: Created slice User and Session Slice.
[[0;32m  OK  [0m] Created slice User and Session Slice.
[   49.730801] systemd[1]: Listening on Device-mapper event daemon FIFOs.
[[0;32m  OK  [0m] Listening on Device-mapper event daemon FIFOs.
[   49.966482] systemd[1]: Listening on LVM2 poll daemon socket.
[[0;32m  OK  [0m] Listening on LVM2 poll daemon socket.
[   50.130538] systemd[1]: Listening on Journal Socket (/dev/log).
[[0;32m  OK  [0m] Listening on Journal Socket (/dev/log).
[   50.350917] systemd[1]: Set up automount Arbitrary Executable File Formats File System Automount Point.
[[0;32m  OK  [0m] Set up automount Arbitrary Executab...ats File System Automount Point.
[   50.682614] systemd[1]: Listening on LVM2 metadata daemon socket.
[[0;32m  OK  [0m] Listening on LVM2 metadata daemon socket.
[   50.878809] systemd[1]: Listening on udev Kernel Socket.
[[0;32m  OK  [0m] Listening on udev Kernel Socket.
[   51.078174] systemd[1]: Listening on udev Control Socket.
[[0;32m  OK  [0m] Listening on udev Control Socket.
[   51.218267] systemd[1]: Listening on Journal Socket.
[[0;32m  OK  [0m] Listening on Journal Socket.
[   51.370219] systemd[1]: Listening on /dev/initctl Compatibility Named Pipe.
[[0;32m  OK  [0m] Listening on /dev/initctl Compatibility Named Pipe.
[   51.634319] systemd[1]: Reached target Encrypted Volumes.
[[0;32m  OK  [0m] Reached target Encrypted Volumes.
[   51.826627] systemd[1]: Created slice System Slice.
[[0;32m  OK  [0m] Created slice System Slice.
[   52.023139] systemd[1]: Starting Remount Root and Kernel File Systems...
         Starting Remount[   52.179345] EXT4-fs (sda1): re-mounted. Opts: (null)
 Root and Kernel File Systems...
[   52.222009] systemd[1]: Mounting Huge Pages File System...
         Mounting Huge Pages File System...
[   52.406930] systemd[1]: Created slice system-serial\x2dgetty.slice.
[[0;32m  OK  [0m] Created slice system-serial\x2dgetty.slice.
[   52.662123] systemd[1]: Mounting Debug File System...
         Mounting Debug File System...
[   52.814370] systemd[1]: Starting Uncomplicated firewall...
[   52.947389] random: nonblocking pool is initialized
         Starting Uncomplicated firewall...
[   53.130381] systemd[1]: Mounting POSIX Message Queue File System...
         Mounting POSIX Message Queue File System...
[   53.320067] systemd[1]: Starting Load Kernel Modules...
         Starting Load Ke[   53.479288] Loading iSCSI transport class v2.0-870.
rnel Modules...
[   53.697423] systemd[1]: Starting Create list of required static device nodes for the current kernel...
[   54.082931] iscsi: registered transport (tcp)
         Starting Create list of required[   54.250595] iscsi: registered transport (iser)
 st... nodes for the current kernel...
[   54.353989] systemd[1]: Reached target Slices.
[[0;32m  OK  [0m] Reached target Slices.
[   54.453671] systemd[1]: Reached target User and Group Name Lookups.
[[0;32m  OK  [0m] Reached target User and Group Name Lookups.
[   54.670549] systemd[1]: Listening on Syslog Socket.
[[0;32m  OK  [0m] Listening on Syslog Socket.
[   54.838819] systemd[1]: Reached target Swap.
[[0;32m  OK  [0m] Reached target Swap.
[   54.990398] systemd[1]: Listening on Journal Audit Socket.
[[0;32m  OK  [0m] Listening on Journal Audit Socket.
[   55.198441] systemd[1]: Starting Journal Service...
         Starting Journal Service...
[   55.366429] systemd[1]: Starting Nameserver information manager...
         Starting Nameserver information manager...
[   55.455746] systemd[1]: Starting Monitoring of LVM2 mirrors, snapshots etc. using dmeventd or progress polling...
         Starting Monitoring of LVM2 mirrors... dmeventd or progress polling...
[   55.794893] systemd[1]: Starting Set console keymap...
         Starting Set console keymap...
[   55.944763] systemd[1]: Started Forward Password Requests to Wall Directory Watch.
[[0;32m  OK  [0m] Started Forward Password Requests to Wall Directory Watch.
[   55.948137] systemd[1]: Mounted POSIX Message Queue File System.
[[0;32m  OK  [0m] Mounted POSIX Message Queue File System.
[   55.950070] systemd[1]: Mounted Huge Pages File System.
[[0;32m  OK  [0m] Mounted Huge Pages File System.
[   55.966148] systemd[1]: Mounted Debug File System.
[[0;32m  OK  [0m] Mounted Debug File System.
[   56.210896] systemd[1]: Started Journal Service.
[[0;32m  OK  [0m] Started Journal Service.
[[0;32m  OK  [0m] Started Remount Root and Kernel File Systems.
[[0;32m  OK  [0m] Started Uncomplicated firewall.
[[0;32m  OK  [0m] Started Load Kernel Modules.
[[0;32m  OK  [0m] Started Create list of required sta...ce nodes for the current kernel.
[[0;32m  OK  [0m] Started Set console keymap.
[[0;32m  OK  [0m] Started Nameserver information manager.
[[0;32m  OK  [0m] Started LVM2 metadata daemon.
         Starting Create Static Device Nodes in /dev...
         Mounting FUSE Control File System...
         Starting Apply Kernel Variables...
         Starting Initial cloud-init job (pre-networking)...
         Starting Load/Save Random Seed...
         Starting udev Coldplug all Devices...
         Starting Flush Journal to Persistent Storage...
[[0;32m  OK  [0m] Mounted FUSE Control File System.
[[0;32m  OK  [0m] Started Create Static Device Nodes in /dev.
[[0;32m  OK  [0m] Started Apply Kernel Variables.
[[0;32m  OK  [0m] Started Load/Save Random Seed.
[[0;32m  OK  [0m] Started Monitoring of LVM2 mirrors,...ng dmeventd or progress polling.
[[0;32m  OK  [0m] Started Flush Journal to Persistent Storage.
[[0;32m  OK  [0m] Started udev Coldplug all Devices.
         Starting udev Kernel Device Manager...
[[0;32m  OK  [0m] Started udev Kernel Device Manager.
[[0;32m  OK  [0m] Reached target Local File Systems (Pre).
[[0;32m  OK  [0m] Reached target Local File Systems.
         Starting Tell Plymouth To Write Out Runtime Data...
         Starting Create Volatile Files and Directories...
         Starting Set console font and keymap...
         Starting LSB: AppArmor initialization...
[[0;32m  OK  [0m] Started Dispatch Password Requests to Console Directory Watch.
[[0;32m  OK  [0m] Started Tell Plymouth To Write Out Runtime Data.
[[0;32m  OK  [0m] Started Create Volatile Files and Directories.
[[0;32m  OK  [0m] Found device /dev/ttyS0.
         Starting Update UTMP about System Boot/Shutdown...
[[   35.196424] cloud-init[475]: Cloud-init v. 0.7.8 running 'init-local' at Tue, 28 Feb 2017 20:10:52 +0000. Up 34.75 seconds.
[0;32m  OK  [0m] Reached target System Time Synchronized.
[[0;32m  OK  [0m] Started Set console font and keymap.
[[0;32m  OK  [0m] Started LSB: AppArmor initialization.
[[0;32m  OK  [0m] Started Initial cloud-init job (pre-networking).
[[0;32m  OK  [0m] Started Update UTMP about System Boot/Shutdown.
[[0;32m  OK  [0m] Listening on Load/Save RF Kill Switch Status /dev/rfkill Watch.
[[0;32m  OK  [0m] Reached target Network (Pre).
[[0;32m  OK  [0m] Started ifup for enp0s3.
         Starting Raise network interfaces...
[[0;32m  OK  [0m] Created slice system-getty.slice.
[[0;1;31mFAILED[0m] Failed to start Raise network interfaces.
See 'systemctl status networking.service' for details.
[[0;32m  OK  [0m] Reached target Network.
         Starting Initial cloud-init job (metadata service crawler)...
[   38.414962] cloud-init[1089]: Cloud-init v. 0.7.8 running 'init' at Tue, 28 Feb 2017 20:10:56 +0000. Up 38.20 seconds.
[   38.464581] cloud-init[1089]: ci-info: +++++++++++++++++++++++++++++++++++++Net device info++++++++++++++++++++++++++++++++++++++
[   38.465056] cloud-init[1089]: ci-info: +--------+------+----------------------------+---------------+-------+-------------------+
[[0;32m  OK  [0m] Started Initial cloud-init job (metadata service crawler).
[   38.465266] cloud-init[1089]: ci-info: | Device |  Up  |          Address           |      Mask     | Scope |     Hw-Address    |
[   38.836699] cloud-init[1089]: ci-info: +--------+------+----------------------------+---------------+-------+-------------------+
[   38.837103] cloud-init[1089]: ci-info: |   lo   | True |         127.0.0.1          |   255.0.0.0   |   .   |         .         |
[[0;32m  OK  [0m] Reached target Network is Online.
[   38.837307] cloud-init[1089]: ci-info: |   lo   | True |          ::1/128           |       .       |  host |         .         |
[   39.200858] cloud-init[1089]: ci-info: | enp0s3 | True |         10.0.2.15          | 255.255.255.0 |   .   | 02:f2:f2:0c:4e:d5 |
[   39.201405] cloud-init[1089]: ci-info: | enp0s3 | True | fe80::f2:f2ff:fe0c:4ed5/64 |       .       |  link | 02:f2:f2:0c:4e:d5 |
         Starting iSCSI initiator daemon (iscsid)...
[[   39.201629] cloud-init[1089]: ci-info: +--------+------+----------------------------+---------------+-------+-------------------+
[   39.441582] cloud-init[1089]: ci-info: +++++++++++++++++++++++++++Route IPv4 info++++++++++++++++++++++++++++
[0;32m  OK  [0m] Reached target Cloud-config availability.
[[   39.441756] cloud-init[1089]: ci-info: +-------+-------------+----------+---------------+-----------+-------+
[   39.589234] cloud-init[1089]: ci-info: | Route | Destination | Gateway  |    Genmask    | Interface | Flags |
[0;32m  OK  [0m] Reached target System Initialization.
         [   39.589387] Starting Socket activation for snappy daemon.cloud-init
[1089]: ci-info: +-------+-------------+----------+---------------+-----------+-------+
[   39.922063] cloud-init[1089]: ci-info: |   0   |   0.0.0.0   | 10.0.2.2 |    0.0.0.0    |   enp0s3  |   UG  |
[   39.922446] cloud-init[1089]: ci-info: |   1   |   10.0.2.0  | 0.0.0.0  | 255.255.255.0 |   enp0s3  |   U   |
         Starting LXD - unix socket.
[[   39.922624] cloud-init[1089]: ci-info: +-------+-------------+----------+---------------+-----------+-------+
[0;32m  OK  [0m] Started Trigger resolvconf update for networkd DNS.
[[0;32m  OK  [0m] Started Daily apt activities.
[[0;32m  OK  [0m] Started Daily Cleanup of Temporary Directories.
[[0;32m  OK  [0m] Started ACPI Events Check.
[[0;32m  OK  [0m] Reached target Paths.
[[0;32m  OK  [0m] Listening on UUID daemon activation socket.
[[0;32m  OK  [0m] Listening on D-Bus System Message Bus Socket.
[[0;32m  OK  [0m] Started Timer to automatically refresh installed snaps.
[[0;32m  OK  [0m] Reached target Timers.
[[0;32m  OK  [0m] Listening on ACPID Listen Socket.
[[0;32m  OK  [0m] Listening on Socket activation for snappy daemon.
[[0;32m  OK  [0m] Listening on LXD - unix socket.
[[0;32m  OK  [0m] Started iSCSI initiator daemon (iscsid).
         Starting Login to default iSCSI targets...
[[0;32m  OK  [0m] Reached target Sockets.
[[0;32m  OK  [0m] Reached target Basic System.
         Starting Login Service...
[[0;32m  OK  [0m] Started Snappy daemon.
         Starting Apply the settings specified in cloud-config...
[[0;32m  OK  [0m] Started D-Bus System Message Bus.
         Starting System Logging Service...
         Starting OpenBSD Secure Shell server...
[[0;32m  OK  [0m] Started Deferred execution scheduler.
         Starting Accounts Service...
[[0;32m  OK  [0m] Started FUSE filesystem for LXC.
         Starting LXD - container startup/shutdown...
[[0;32m  OK  [0m] Started ACPI event daemon.
         Starting MySQL Community Server...
         Starting LSB: MD monitoring daemon...
[[0;32m  OK  [0m] Started Regular background program processing daemon.
         Starting /etc/rc.local Compatibility...
         Starting LSB: Record successful boot for GRUB...
[   41.430212] cloud-init[1152]: Cloud-init v. 0.7.8 running 'modules:config' at Tue, 28 Feb 2017 20:10:59 +0000. Up 41.33 seconds.
         Starting Auto import assertions from block devices...
[[0;32m  OK  [0m] Started System Logging Service.
[[0;32m  OK  [0m] Started OpenBSD Secure Shell server.
[[0;32m  OK  [0m] Started Apply the settings specified in cloud-config.
[[0;32m  OK  [0m] Started LXD - container startup/shutdown.
[[0;32m  OK  [0m] Started /etc/rc.local Compatibility.
[[0;32m  OK  [0m] Started Auto import assertions from block devices.
[[0;32m  OK  [0m] Started Login to default iSCSI targets.
[[0;32m  OK  [0m] Started LSB: MD monitoring daemon.
[[0;32m  OK  [0m] Started LSB: Record successful boot for GRUB.
[[0;32m  OK  [0m] Started Login Service.
         Starting Authenticate and Authorize Users to Run Privileged Tasks...
[[0;32m  OK  [0m] Reached target Remote File Systems (Pre).
[[0;32m  OK  [0m] Reached target Remote File Systems.
         Starting LSB: VirtualBox Linux Additions...
         Starting LSB: Apache2 web server...
         Starting LSB: automatic crash report generation...
         Starting Permit User Sessions...
         Starting LSB: daemon to balance interrupts for SMP systems...
         Starting LSB: Set the CPU Frequency Scaling governor to "ondemand"...
[[0;32m  OK  [0m] Started Permit User Sessions.
[[0;32m  OK  [0m] Started Authenticate and Authorize Users to Run Privileged Tasks.
[[0;32m  OK  [0m] Started Accounts Service.
         Starting Terminate Plymouth Boot Screen...
         Starting Hold until boot process finishes up...
[[0;32m  OK  [0m] Started LSB: VirtualBox Linux Additions.
[[0;32m  OK  [0m] Started LSB: automatic crash report generation.
[[0;32m  OK  [0m] Started LSB: daemon to balance interrupts for SMP systems.
[[0;32m  OK  [0m] Started LSB: Set the CPU Frequency Scaling governor to "ondemand".
[[0;32m  OK  [0m] Started Terminate Plymouth Boot Screen.
[[0;32m  OK  [0m] Started Hold until boot process finishes up.
         Starting Set console scheme...
[[0;32m  OK  [0m] Started Getty on tty1.
[[0;32m  OK  [0m] Started Serial Getty on ttyS0.
[[0;32m  OK  [0m] Reached target Login Prompts.
[[0;32m  OK  [0m] Started Set console scheme.
[[0;32m  OK  [0m] Created slice User Slice of ubuntu.
         Starting User Manager for UID 1000...
[[0;32m  OK  [0m] Started User Manager for UID 1000.
[[0;32m  OK  [0m] Started Session 1 of user ubuntu.
[[0;32m  OK  [0m] Started MySQL Community Server.
[[0;32m  OK  [0m] Started LSB: Apache2 web server.
[[0;32m  OK  [0m] Reached target Multi-User System.
         Starting Execute cloud user/final scripts...
[[0;32m  OK  [0m] Reached target Graphical Interface.
         Starting Update UTMP about System Runlevel Changes...
[[0;32m  OK  [0m] Started Update UTMP about System Runlevel Changes.
[   43.854119] cloud-init[1450]: Cloud-init v. 0.7.8 running 'modules:final' at Tue, 28 Feb 2017 20:11:01 +0000. Up 43.74 seconds.
[   43.916774] cloud-init[1450]: Cloud-init v. 0.7.8 finished at Tue, 28 Feb 2017 20:11:01 +0000. Datasource DataSourceNoCloud [seed=/dev/sdb][dsmode=net].  Up 43.84 seconds
[[0;32m  OK  [0m] Started Execute cloud user/final scripts.
[[0;32m  OK  [0m] Reached target Cloud-init target.

Ubuntu 16.04.2 LTS ubuntu-xenial ttyS0

ubuntu-xenial login: 