[    0.000000] Initializing cgroup subsys cpuset
[    0.000000] Initializing cgroup subsys cpu
[    0.000000] Initializing cgroup subsys cpuacct
[    0.000000] Linux version 4.4.0-66-generic (buildd@lgw01-28) (gcc version 5.4.0 20160609 (Ubuntu 5.4.0-6ubuntu1~16.04.4) ) #87-Ubuntu SMP Fri Mar 3 15:29:05 UTC 2017 (Ubuntu 4.4.0-66.87-generic 4.4.44)
[    0.000000] Command line: BOOT_IMAGE=/boot/vmlinuz-4.4.0-66-generic root=UUID=7664720c-3742-49b9-b4d5-196d2a148900 ro console=tty1 console=ttyS0
[    0.000000] KERNEL supported cpus:
[    0.000000]   Intel GenuineIntel
[    0.000000]   AMD AuthenticAMD
[    0.000000]   Centaur CentaurHauls
[    0.000000] x86/fpu: xstate_offset[2]:  576, xstate_sizes[2]:  256
[    0.000000] x86/fpu: Supporting XSAVE feature 0x01: 'x87 floating point registers'
[    0.000000] x86/fpu: Supporting XSAVE feature 0x02: 'SSE registers'
[    0.000000] x86/fpu: Supporting XSAVE feature 0x04: 'AVX registers'
[    0.000000] x86/fpu: Enabled xstate features 0x7, context size is 832 bytes, using 'standard' format.
[    0.000000] x86/fpu: Using 'lazy' FPU context switches.
[    0.000000] e820: BIOS-provided physical RAM map:
[    0.000000] BIOS-e820: [mem 0x0000000000000000-0x000000000009fbff] usable
[    0.000000] BIOS-e820: [mem 0x000000000009fc00-0x000000000009ffff] reserved
[    0.000000] BIOS-e820: [mem 0x00000000000f0000-0x00000000000fffff] reserved
[    0.000000] BIOS-e820: [mem 0x0000000000100000-0x000000003ffeffff] usable
[    0.000000] BIOS-e820: [mem 0x000000003fff0000-0x000000003fffffff] ACPI data
[    0.000000] BIOS-e820: [mem 0x00000000fec00000-0x00000000fec00fff] reserved
[    0.000000] BIOS-e820: [mem 0x00000000fee00000-0x00000000fee00fff] reserved
[    0.000000] BIOS-e820: [mem 0x00000000fffc0000-0x00000000ffffffff] reserved
[    0.000000] NX (Execute Disable) protection: active
[    0.000000] SMBIOS 2.5 present.
[    0.000000] Hypervisor detected: KVM
[    0.000000] e820: last_pfn = 0x3fff0 max_arch_pfn = 0x400000000
[    0.000000] MTRR: Disabled
[    0.000000] x86/PAT: MTRRs disabled, skipping PAT initialization too.
[    0.000000] x86/PAT: Configuration [0-7]: WB  WT  UC- UC  WB  WT  UC- UC  
[    0.000000] CPU MTRRs all blank - virtualized system.
[    0.000000] found SMP MP-table at [mem 0x0009fff0-0x0009ffff] mapped at [ffff88000009fff0]
[    0.000000] Scanning 1 areas for low memory corruption
[    0.000000] RAMDISK: [mem 0x3623a000-0x37114fff]
[    0.000000] ACPI: Early table checksum verification disabled
[    0.000000] ACPI: RSDP 0x00000000000E0000 000024 (v02 VBOX  )
[    0.000000] ACPI: XSDT 0x000000003FFF0030 00003C (v01 VBOX   VBOXXSDT 00000001 ASL  00000061)
[    0.000000] ACPI: FACP 0x000000003FFF00F0 0000F4 (v04 VBOX   VBOXFACP 00000001 ASL  00000061)
[    0.000000] ACPI: DSDT 0x000000003FFF0470 00210F (v01 VBOX   VBOXBIOS 00000002 INTL 20100528)
[    0.000000] ACPI: FACS 0x000000003FFF0200 000040
[    0.000000] ACPI: FACS 0x000000003FFF0200 000040
[    0.000000] ACPI: APIC 0x000000003FFF0240 00005C (v02 VBOX   VBOXAPIC 00000001 ASL  00000061)
[    0.000000] ACPI: SSDT 0x000000003FFF02A0 0001CC (v01 VBOX   VBOXCPUT 00000002 INTL 20100528)
[    0.000000] No NUMA configuration found
[    0.000000] Faking a node at [mem 0x0000000000000000-0x000000003ffeffff]
[    0.000000] NODE_DATA(0) allocated [mem 0x3ffeb000-0x3ffeffff]
[    0.000000] kvm-clock: Using msrs 4b564d01 and 4b564d00
[    0.000000] kvm-clock: cpu 0, msr 0:3ffe3001, primary cpu clock
[    0.000000] kvm-clock: using sched offset of 3217995184 cycles
[    0.000000] clocksource: kvm-clock: mask: 0xffffffffffffffff max_cycles: 0x1cd42e4dffb, max_idle_ns: 881590591483 ns
[    0.000000] Zone ranges:
[    0.000000]   DMA      [mem 0x0000000000001000-0x0000000000ffffff]
[    0.000000]   DMA32    [mem 0x0000000001000000-0x000000003ffeffff]
[    0.000000]   Normal   empty
[    0.000000]   Device   empty
[    0.000000] Movable zone start for each node
[    0.000000] Early memory node ranges
[    0.000000]   node   0: [mem 0x0000000000001000-0x000000000009efff]
[    0.000000]   node   0: [mem 0x0000000000100000-0x000000003ffeffff]
[    0.000000] Initmem setup node 0 [mem 0x0000000000001000-0x000000003ffeffff]
[    0.000000] ACPI: PM-Timer IO Port: 0x4008
[    0.000000] IOAPIC[0]: apic_id 2, version 32, address 0xfec00000, GSI 0-23
[    0.000000] ACPI: INT_SRC_OVR (bus 0 bus_irq 0 global_irq 2 dfl dfl)
[    0.000000] ACPI: INT_SRC_OVR (bus 0 bus_irq 9 global_irq 9 high level)
[    0.000000] Using ACPI (MADT) for SMP configuration information
[    0.000000] smpboot: Allowing 2 CPUs, 0 hotplug CPUs
[    0.000000] PM: Registered nosave memory: [mem 0x00000000-0x00000fff]
[    0.000000] PM: Registered nosave memory: [mem 0x0009f000-0x0009ffff]
[    0.000000] PM: Registered nosave memory: [mem 0x000a0000-0x000effff]
[    0.000000] PM: Registered nosave memory: [mem 0x000f0000-0x000fffff]
[    0.000000] e820: [mem 0x40000000-0xfebfffff] available for PCI devices
[    0.000000] Booting paravirtualized kernel on KVM
[    0.000000] clocksource: refined-jiffies: mask: 0xffffffff max_cycles: 0xffffffff, max_idle_ns: 7645519600211568 ns
[    0.000000] setup_percpu: NR_CPUS:512 nr_cpumask_bits:512 nr_cpu_ids:2 nr_node_ids:1
[    0.000000] PERCPU: Embedded 33 pages/cpu @ffff88003fc00000 s98264 r8192 d28712 u1048576
[    0.000000] PV qspinlock hash table entries: 256 (order: 0, 4096 bytes)
[    0.000000] Built 1 zonelists in Node order, mobility grouping on.  Total pages: 257913
[    0.000000] Policy zone: DMA32
[    0.000000] Kernel command line: BOOT_IMAGE=/boot/vmlinuz-4.4.0-66-generic root=UUID=7664720c-3742-49b9-b4d5-196d2a148900 ro console=tty1 console=ttyS0
[    0.000000] PID hash table entries: 4096 (order: 3, 32768 bytes)
[    0.000000] Memory: 997364K/1048120K available (8452K kernel code, 1293K rwdata, 3980K rodata, 1488K init, 1316K bss, 50756K reserved, 0K cma-reserved)
[    0.000000] SLUB: HWalign=64, Order=0-3, MinObjects=0, CPUs=2, Nodes=1
[    0.000000] Hierarchical RCU implementation.
[    0.000000] 	Build-time adjustment of leaf fanout to 64.
[    0.000000] 	RCU restricting CPUs from NR_CPUS=512 to nr_cpu_ids=2.
[    0.000000] RCU: Adjusting geometry for rcu_fanout_leaf=64, nr_cpu_ids=2
[    0.000000] NR_IRQS:33024 nr_irqs:440 16
[    0.000000] Console: colour VGA+ 80x25
[    0.000000] console [tty1] enabled
[    0.000000] console [ttyS0] enabled
[    0.000000] tsc: Detected 2194.918 MHz processor
[    7.478176] Calibrating delay loop (skipped) preset value.. 4389.83 BogoMIPS (lpj=8779672)
[    7.522188] pid_max: default: 32768 minimum: 301
[    7.584298] ACPI: Core revision 20150930
[    7.640322] ACPI: 2 ACPI AML tables successfully acquired and loaded
[    7.730307] Security Framework initialized
[    7.792326] Yama: becoming mindful.
[    7.806886] AppArmor: AppArmor initialized
[    7.818043] Dentry cache hash table entries: 131072 (order: 8, 1048576 bytes)
[    7.819325] Inode-cache hash table entries: 65536 (order: 7, 524288 bytes)
[    7.948266] Mount-cache hash table entries: 2048 (order: 2, 16384 bytes)
[    8.079387] Mountpoint-cache hash table entries: 2048 (order: 2, 16384 bytes)
[    8.229595] Initializing cgroup subsys io
[    8.286477] Initializing cgroup subsys memory
[    8.379827] Initializing cgroup subsys devices
[    8.476457] Initializing cgroup subsys freezer
[    8.549073] Initializing cgroup subsys net_cls
[    8.610872] Initializing cgroup subsys perf_event
[    8.694124] Initializing cgroup subsys net_prio
[    8.772551] Initializing cgroup subsys hugetlb
[    8.837619] Initializing cgroup subsys pids
[    8.878573] CPU: Physical Processor ID: 0
[    8.909654] CPU: Processor Core ID: 0
[    8.959651] mce: CPU supports 0 MCE banks
[    9.030775] Last level iTLB entries: 4KB 1024, 2MB 1024, 4MB 1024
[    9.140712] Last level dTLB entries: 4KB 1024, 2MB 1024, 4MB 1024, 1GB 4
[    9.249212] Freeing SMP alternatives memory: 32K (ffffffff820b9000 - ffffffff820c1000)
[    9.425364] ftrace: allocating 32123 entries in 126 pages
[    9.562222] smpboot: APIC(0) Converting physical 0 to logical package 0
[    9.667207] smpboot: Max logical packages: 1
[    9.735236] x2apic enabled
[    9.774399] Switched APIC routing to physical x2apic.
[    9.841721] ..TIMER: vector=0x30 apic1=0 pin1=2 apic2=-1 pin2=-1
[   10.057024] smpboot: CPU0: Intel(R) Core(TM) i7-4770HQ CPU @ 2.20GHz (family: 0x6, model: 0x46, stepping: 0x1)
[   10.226774] Performance Events: unsupported p6 CPU model 70 no PMU driver, software events only.
[   10.388635] KVM setup paravirtual spinlock
[   10.478826] x86: Booting SMP configuration:
[   10.560597] .... node  #0, CPUs:      #1
[   10.626920] kvm-clock: cpu 1, msr 0:3ffe3041, secondary cpu clock
[   10.644394] mce: CPU supports 0 MCE banks
[   10.691149] x86: Booted up 1 node, 2 CPUs
[   10.773292] smpboot: Total of 2 processors activated (8779.67 BogoMIPS)
[   10.900550] devtmpfs: initialized
[   10.970013] evm: security.selinux
[   11.025145] evm: security.SMACK64
[   11.044414] evm: security.SMACK64EXEC
[   11.056579] evm: security.SMACK64TRANSMUTE
[   11.081374] evm: security.SMACK64MMAP
[   11.146384] evm: security.ima
[   11.193110] evm: security.capability
[   11.259907] clocksource: jiffies: mask: 0xffffffff max_cycles: 0xffffffff, max_idle_ns: 7645041785100000 ns
[   11.426897] pinctrl core: initialized pinctrl subsystem
[   11.518309] RTC time:  1:28:27, date: 03/13/17
[   11.616728] NET: Registered protocol family 16
[   11.701355] cpuidle: using governor ladder
[   11.777043] cpuidle: using governor menu
[   11.843720] PCCT header not found.
[   11.894580] ACPI: bus type PCI registered
[   11.927659] acpiphp: ACPI Hot Plug PCI Controller Driver version: 0.5
[   11.987372] PCI: Using configuration type 1 for base access
[   12.017188] ACPI: Added _OSI(Module Device)
[   12.032755] ACPI: Added _OSI(Processor Device)
[   12.090784] ACPI: Added _OSI(3.0 _SCP Extensions)
[   12.120470] ACPI: Added _OSI(Processor Aggregator Device)
[   12.164775] ACPI: Executed 1 blocks of module-level executable AML code
[   12.228084] ACPI: Interpreter enabled
[   12.273191] ACPI: (supports S0 S5)
[   12.285636] ACPI: Using IOAPIC for interrupt routing
[   12.315181] PCI: Using host bridge windows from ACPI; if necessary, use "pci=nocrs" and report a bug
[   12.390398] ACPI: PCI Root Bridge [PCI0] (domain 0000 [bus 00-ff])
[   12.410927] acpi PNP0A03:00: _OSC: OS supports [ASPM ClockPM Segments MSI]
[   12.456076] acpi PNP0A03:00: _OSC failed (AE_NOT_FOUND); disabling ASPM
[   12.482043] acpi PNP0A03:00: fail to add MMCONFIG information, can't access extended PCI configuration space under this bridge.
[   12.604837] PCI host bridge to bus 0000:00
[   12.663436] pci_bus 0000:00: root bus resource [io  0x0000-0x0cf7 window]
[   12.737276] pci_bus 0000:00: root bus resource [io  0x0d00-0xffff window]
[   12.773765] pci_bus 0000:00: root bus resource [mem 0x000a0000-0x000bffff window]
[   12.855621] pci_bus 0000:00: root bus resource [mem 0x40000000-0xffdfffff window]
[   12.945080] pci_bus 0000:00: root bus resource [bus 00-ff]
[   12.990116] pci 0000:00:01.1: legacy IDE quirk: reg 0x10: [io  0x01f0-0x01f7]
[   13.081148] pci 0000:00:01.1: legacy IDE quirk: reg 0x14: [io  0x03f6]
[   13.121303] pci 0000:00:01.1: legacy IDE quirk: reg 0x18: [io  0x0170-0x0177]
[   13.222775] pci 0000:00:01.1: legacy IDE quirk: reg 0x1c: [io  0x0376]
[   13.281284] pci 0000:00:07.0: quirk: [io  0x4000-0x403f] claimed by PIIX4 ACPI
[   13.378726] pci 0000:00:07.0: quirk: [io  0x4100-0x410f] claimed by PIIX4 SMB
[   13.465942] ACPI: PCI Interrupt Link [LNKA] (IRQs 5 9 10 *11)
[   13.518846] ACPI: PCI Interrupt Link [LNKB] (IRQs 5 9 10 *11)
[   13.605847] ACPI: PCI Interrupt Link [LNKC] (IRQs 5 9 *10 11)
[   13.701736] ACPI: PCI Interrupt Link [LNKD] (IRQs 5 *9 10 11)
[   13.810762] ACPI: Enabled 2 GPEs in block 00 to 07
[   13.880178] vgaarb: setting as boot device: PCI:0000:00:02.0
[   13.979109] vgaarb: device added: PCI:0000:00:02.0,decodes=io+mem,owns=io+mem,locks=none
[   14.060839] vgaarb: loaded
[   14.078140] vgaarb: bridge control possible 0000:00:02.0
[   14.140710] SCSI subsystem initialized
[   14.161128] ACPI: bus type USB registered
[   14.210329] usbcore: registered new interface driver usbfs
[   14.225684] usbcore: registered new interface driver hub
[   14.235462] usbcore: registered new device driver usb
[   14.304995] PCI: Using ACPI for IRQ routing
[   14.336947] NetLabel: Initializing
[   14.368904] NetLabel:  domain hash size = 128
[   14.401981] NetLabel:  protocols = UNLABELED CIPSOv4
[   14.475114] NetLabel:  unlabeled traffic allowed by default
[   14.539104] amd_nb: Cannot enumerate AMD northbridges
[   14.615148] clocksource: Switched to clocksource kvm-clock
[   14.705135] AppArmor: AppArmor Filesystem Enabled
[   14.805239] pnp: PnP ACPI init
[   14.880998] pnp: PnP ACPI: found 3 devices
[   14.917991] clocksource: acpi_pm: mask: 0xffffff max_cycles: 0xffffff, max_idle_ns: 2085701024 ns
[   15.093294] NET: Registered protocol family 2
[   15.135662] TCP established hash table entries: 8192 (order: 4, 65536 bytes)
[   15.229219] TCP bind hash table entries: 8192 (order: 5, 131072 bytes)
[   15.335403] TCP: Hash tables configured (established 8192 bind 8192)
[   15.389336] UDP hash table entries: 512 (order: 2, 16384 bytes)
[   15.477754] UDP-Lite hash table entries: 512 (order: 2, 16384 bytes)
[   15.600464] NET: Registered protocol family 1
[   15.664539] pci 0000:00:00.0: Limiting direct PCI/PCI transfers
[   15.811270] pci 0000:00:01.0: Activating ISA DMA hang workarounds
[   15.895472] Trying to unpack rootfs image as initramfs...
[   16.155188] Freeing initrd memory: 15212K (ffff88003623a000 - ffff880037115000)
[   16.268650] platform rtc_cmos: registered platform RTC device (no PNP device found)
[   16.418123] Scanning for low memory corruption every 60 seconds
[   16.531353] futex hash table entries: 512 (order: 3, 32768 bytes)
[   16.562473] audit: initializing netlink subsys (disabled)
[   16.644154] audit: type=2000 audit(1489368503.596:1): initialized
[   16.748250] Initialise system trusted keyring
[   16.829511] HugeTLB registered 2 MB page size, pre-allocated 0 pages
[   16.965433] zbud: loaded
[   16.977873] VFS: Disk quotas dquot_6.6.0
[   17.024321] VFS: Dquot-cache hash table entries: 512 (order 0, 4096 bytes)
[   17.128782] squashfs: version 4.0 (2009/01/31) Phillip Lougher
[   17.185538] fuse init (API version 7.23)
[   17.228446] Key type big_key registered
[   17.285497] tsc: Refined TSC clocksource calibration: 2193.683 MHz
[   17.398866] clocksource: tsc: mask: 0xffffffffffffffff max_cycles: 0x1f9ee37e031, max_idle_ns: 440795245298 ns
[   17.398943] Allocating IMA MOK and blacklist keyrings.
[   17.399142] Key type asymmetric registered
[   17.399148] Asymmetric key parser 'x509' registered
[   17.399198] Block layer SCSI generic (bsg) driver version 0.4 loaded (major 249)
[   17.399225] io scheduler noop registered
[   17.399227] io scheduler deadline registered (default)
[   17.399251] io scheduler cfq registered
[   17.399348] pci_hotplug: PCI Hot Plug PCI Core version: 0.5
[   17.399354] pciehp: PCI Express Hot Plug Controller Driver version: 0.4
[   17.399689] ACPI: AC Adapter [AC] (off-line)
[   17.399735] input: Power Button as /devices/LNXSYSTM:00/LNXPWRBN:00/input/input0
[   17.399738] ACPI: Power Button [PWRF]
[   17.399800] input: Sleep Button as /devices/LNXSYSTM:00/LNXSLPBN:00/input/input1
[   17.399802] ACPI: Sleep Button [SLPF]
[   17.399923] GHES: HEST is not enabled!
[   17.556552] ACPI: Battery Slot [BAT0] (battery present)
[   17.556935] Serial: 8250/16550 driver, 32 ports, IRQ sharing enabled
[   17.609524] 00:02: ttyS0 at I/O 0x3f8 (irq = 4, base_baud = 115200) is a 16550A
[   17.626207] Linux agpgart interface v0.103
[   17.709756] brd: module loaded
[   17.710788] loop: module loaded
[   17.711567] scsi host0: ata_piix
[   17.711705] scsi host1: ata_piix
[   17.711754] ata1: PATA max UDMA/33 cmd 0x1f0 ctl 0x3f6 bmdma 0xd000 irq 14
[   17.711755] ata2: PATA max UDMA/33 cmd 0x170 ctl 0x376 bmdma 0xd008 irq 15
[   17.711866] libphy: Fixed MDIO Bus: probed
[   17.711869] tun: Universal TUN/TAP device driver, 1.6
[   17.711869] tun: (C) 1999-2004 Max Krasnyansky <maxk@qualcomm.com>
[   17.712214] PPP generic driver version 2.4.2
[   17.712277] ehci_hcd: USB 2.0 'Enhanced' Host Controller (EHCI) Driver
[   17.712283] ehci-pci: EHCI PCI platform driver
[   17.712297] ehci-platform: EHCI generic platform driver
[   17.712306] ohci_hcd: USB 1.1 'Open' Host Controller (OHCI) Driver
[   17.712308] ohci-pci: OHCI PCI platform driver
[   17.712315] ohci-platform: OHCI generic platform driver
[   17.712321] uhci_hcd: USB Universal Host Controller Interface driver
[   17.712376] i8042: PNP: PS/2 Controller [PNP0303:PS2K,PNP0f03:PS2M] at 0x60,0x64 irq 1,12
[   17.712809] serio: i8042 KBD port at 0x60,0x64 irq 1
[   17.712813] serio: i8042 AUX port at 0x60,0x64 irq 12
[   17.712900] mousedev: PS/2 mouse device common for all mice
[   17.713162] input: AT Translated Set 2 keyboard as /devices/platform/i8042/serio0/input/input2
[   17.713478] rtc_cmos rtc_cmos: rtc core: registered rtc_cmos as rtc0
[   17.713538] rtc_cmos rtc_cmos: alarms up to one day, 114 bytes nvram
[   17.713544] i2c /dev entries driver
[   17.713594] device-mapper: uevent: version 1.0.3
[   17.713655] device-mapper: ioctl: 4.34.0-ioctl (2015-10-28) initialised: dm-devel@redhat.com
[   17.713691] ledtrig-cpu: registered to indicate activity on CPUs
[   17.713923] NET: Registered protocol family 10
[   17.714100] NET: Registered protocol family 17
[   17.714111] Key type dns_resolver registered
[   17.714248] microcode: CPU0 sig=0x40661, pf=0x40, revision=0x0
[   17.738075] microcode: CPU1 sig=0x40661, pf=0x40, revision=0x0
[   17.738145] microcode: Microcode Update Driver: v2.01 <tigran@aivazian.fsnet.co.uk>, Peter Oruba
[   17.738312] registered taskstats version 1
[   17.738326] Loading compiled-in X.509 certificates
[   17.738912] Loaded X.509 cert 'Build time autogenerated kernel key: 32ca4feee90b5cde51f5f8c0e024b22f8c679982'
[   17.738933] zswap: loaded using pool lzo/zbud
[   17.740780] Key type trusted registered
[   17.742824] Key type encrypted registered
[   17.742830] AppArmor: AppArmor sha1 policy hashing enabled
[   17.742832] ima: No TPM chip found, activating TPM-bypass!
[   17.742848] evm: HMAC attrs: 0x1
[   17.743073]   Magic number: 9:984:457
[   17.770552] rtc_cmos rtc_cmos: setting system clock to 2017-03-13 01:28:33 UTC (1489368513)
[   17.770683] BIOS EDD facility v0.16 2004-Jun-25, 0 devices found
[   17.770684] EDD information not available.
[   24.179563] Freeing unused kernel memory: 1488K (ffffffff81f45000 - ffffffff820b9000)
[   24.338766] Write protecting the kernel read-only data: 14336k
[   24.498726] Freeing unused kernel memory: 1776K (ffff880001844000 - ffff880001a00000)
[   24.708363] Freeing unused kernel memory: 116K (ffff880001de3000 - ffff880001e00000)
Loading, please [   24.942712] random: systemd-udevd: uninitialized urandom read (16 bytes read, 4 bits of entropy available)
wait...
startin[   24.943326] random: udevadm: uninitialized urandom read (16 bytes read, 4 bits of entropy available)
g version 229
[   24.943355] random: udevadm: uninitialized urandom read (16 bytes read, 4 bits of entropy available)
[   24.943446] random: udevadm: uninitialized urandom read (16 bytes read, 4 bits of entropy available)
[   24.943480] random: udevadm: uninitialized urandom read (16 bytes read, 4 bits of entropy available)
[   24.943511] random: udevadm: uninitialized urandom read (16 bytes read, 4 bits of entropy available)
[   24.943541] random: udevadm: uninitialized urandom read (16 bytes read, 4 bits of entropy available)
[   24.943570] random: udevadm: uninitialized urandom read (16 bytes read, 4 bits of entropy available)
[   24.943600] random: udevadm: uninitialized urandom read (16 bytes read, 4 bits of entropy available)
[   24.943629] random: udevadm: uninitialized urandom read (16 bytes read, 4 bits of entropy available)
[   26.675997] e1000: Intel(R) PRO/1000 Network Driver - version 7.3.21-k8-NAPI
[   26.818021] e1000: Copyright (c) 1999-2006 Intel Corporation.
[   26.889194] Fusion MPT base driver 3.04.20
[   26.922850] Copyright (c) 1999-2008 LSI Corporation
[   26.928261] AVX version of gcm_enc/dec engaged.
[   26.998539] AES CTR mode by8 optimization enabled
[   27.112079] input: ImExPS/2 Generic Explorer Mouse as /devices/platform/i8042/serio1/input/input4
[   27.232440] Fusion MPT SPI Host driver 3.04.20
[   27.404553] e1000 0000:00:03.0 eth0: (PCI:33MHz:32-bit) 02:f2:f2:0c:4e:d5
[   27.433925] e1000 0000:00:03.0 eth0: Intel(R) PRO/1000 Network Connection
[   27.461424] e1000 0000:00:03.0 enp0s3: renamed from eth0
[   27.537898] mptbase: ioc0: Initiating bringup
[   27.635393] ioc0: LSI53C1030 A0: Capabilities={Initiator}
[   27.862112] scsi host2: ioc0: LSI53C1030 A0, FwRev=00000000h, Ports=1, MaxQ=256, IRQ=20
[   27.985396] scsi 2:0:0:0: Direct-Access     VBOX     HARDDISK         1.0  PQ: 0 ANSI: 5
[   28.137671] scsi target2:0:0: Beginning Domain Validation
[   28.237932] scsi target2:0:0: Domain Validation skipping write tests
[   28.382777] scsi target2:0:0: Ending Domain Validation
[   28.492358] scsi target2:0:0: asynchronous
[   28.549807] scsi 2:0:1:0: Direct-Access     VBOX     HARDDISK         1.0  PQ: 0 ANSI: 5
[   28.733501] scsi target2:0:1: Beginning Domain Validation
[   28.867257] scsi target2:0:1: Domain Validation skipping write tests
[   29.003875] scsi target2:0:1: Ending Domain Validation
[   29.131975] scsi target2:0:1: asynchronous
[   29.159103] sd 2:0:0:0: Attached scsi generic sg0 type 0
[   29.224083] sd 2:0:0:0: [sda] 20971520 512-byte logical blocks: (10.7 GB/10.0 GiB)
[   29.256965] sd 2:0:0:0: [sda] Write Protect is off
[   29.291351] sd 2:0:1:0: [sdb] 20480 512-byte logical blocks: (10.5 MB/10.0 MiB)
[   29.291402] sd 2:0:1:0: Attached scsi generic sg1 type 0
[   29.315967] sd 2:0:0:0: [sda] Incomplete mode parameter data
[   29.316192] sd 2:0:1:0: [sdb] Write Protect is off
[   29.316300] sd 2:0:1:0: [sdb] Incomplete mode parameter data
[   29.316302] sd 2:0:1:0: [sdb] Assuming drive cache: write through
[   29.374134] sd 2:0:1:0: [sdb] Attached SCSI disk
[   29.567388] sd 2:0:0:0: [sda] Assuming drive cache: write through
[   29.626490]  sda: sda1
[   29.633277] sd 2:0:0:0: [sda] Attached SCSI disk
[   29.819824] floppy0: no floppy controllers found
Begin: Loading e[   31.198526] md: linear personality registered for level -1
ssential drivers[   31.316875] md: multipath personality registered for level -4
 ... [   31.455316] md: raid0 personality registered for level 0
[   31.557270] md: raid1 personality registered for level 1
[   31.783336] raid6: sse2x1   gen()  8762 MB/s
[   31.883203] raid6: sse2x1   xor()  6685 MB/s
[   32.063480] raid6: sse2x2   gen() 11158 MB/s
[   32.239649] raid6: sse2x2   xor()  7939 MB/s
[   32.407184] raid6: sse2x4   gen() 14042 MB/s
[   32.607310] raid6: sse2x4   xor()  9064 MB/s
[   32.747192] raid6: using algorithm sse2x4 gen() 14042 MB/s
[   32.891874] raid6: .... xor() 9064 MB/s, rmw enabled
[   32.908038] raid6: using ssse3x2 recovery algorithm
[   32.920407] xor: automatically using best checksumming function:
[   33.055725]    avx       : 23344.000 MB/sec
[   33.151009] async_tx: api initialized (async)
[   33.255951] md: raid6 personality registered for level 6
[   33.452830] md: raid5 personality registered for level 5
[   33.575834] md: raid4 personality registered for level 4
[   33.759695] md: raid10 personality registered for level 10
done.
Begin: Running /scripts/init-premount ... done.
Begin: M[   33.910220] Btrfs loaded
ounting root file system ... Begin: Running /scripts/local-top ... done.
Begin: Running /scripts/local-premount[   34.007869] EXT4-fs (sda1): mounted filesystem with ordered data mode. Opts: (null)
 ... Scanning for Btrfs filesystems
done.
Warning: fsck not present, so skipping root file system
done.
Begin: Running /scripts/local-bottom ... done.
Begin: Running /scripts/init-bottom ... done.
[   34.092474] systemd[1]: systemd 229 running in system mode. (+PAM +AUDIT +SELINUX +IMA +APPARMOR +SMACK +SYSVINIT +UTMP +LIBCRYPTSETUP +GCRYPT +GNUTLS +ACL +XZ -LZ4 +SECCOMP +BLKID +ELFUTILS +KMOD -IDN)
[   34.492499] systemd[1]: Detected virtualization oracle.
[   34.633902] systemd[1]: Detected architecture x86-64.

Welcome to [1mUbuntu 16.04.2 LTS[0m!

[   34.876418] systemd[1]: Set hostname to <ubuntu-xenial>.
[   35.129641] systemd[1]: Listening on Journal Socket.
[[0;32m  OK  [0m] Listening on Journal Socket.
[   35.235901] systemd[1]: Listening on udev Kernel Socket.
[[0;32m  OK  [0m] Listening on udev Kernel Socket.
[   35.404039] systemd[1]: Listening on Device-mapper event daemon FIFOs.
[[0;32m  OK  [0m] Listening on Device-mapper event daemon FIFOs.
[   35.636412] systemd[1]: Created slice System Slice.
[[0;32m  OK  [0m] Created slice System Slice.
[   35.796736] systemd[1]: Created slice system-serial\x2dgetty.slice.
[[0;32m  OK  [0m] Created slice system-serial\x2dgetty.slice.
[   35.959384] systemd[1]: Mounting Debug File System...
         Mounting Debug File System...
[   36.175313] systemd[1]: Starting Remount Root and Kernel File Systems...
[   36.180406] EXT4-fs (sda1): re-mounted. Opts: (null)
         Starting Remount Root and Kernel File Systems...
[   36.357488] systemd[1]: Mounting POSIX Message Queue File System...
         Mounting POSIX Message Queue File System...
[   36.436654] systemd[1]: Starting Create list of required static device nodes for the current kernel...
         Starting Create list of required st... nodes for the current kernel...
[   36.652581] systemd[1]: Created slice User and Session Slice.
[[0;32m  OK  [0m] Created slice User and Session Slice.
[   36.815619] systemd[1]: Reached target Slices.
[[0;32m  OK  [0m] Reached target Slices.
[   36.955671] systemd[1]: Listening on Syslog Socket.
[[0;32m  OK  [0m] Listening on Syslog Socket.
[   37.079730] systemd[1]: Starting Nameserver information manager...
         Starting Nameserver information manager...
[   37.219701] systemd[1]: Started Forward Password Requests to Wall Directory Watch.
[[0;32m  OK  [0m] Started Forward Password Requests to Wall Directory Watch.
[   37.275506] systemd[1]: Set up automount Arbitrary Executable File Formats File System Automount Point.
[[0;32m  OK  [0m] Set up automount Arbitrary Executab...ats File System Automount Point.
[   37.398606] systemd[1]: Listening on Journal Socket (/dev/log).
[[0;32m  OK  [0m] Listening on Journal Socket (/dev/log).
[   37.628069] systemd[1]: Starting Load Kernel Modules...
[   37.717655] Loading iSCSI transport class v2.0-870.
         Startin[   37.771155] random: nonblocking pool is initialized
g Load Kernel Modules...
[   37.862943] iscsi: registered transport (tcp)
[   37.974356] systemd[1]: Starting Set console keymap...
         Starting Set console keymap...
[   38.079268] systemd[1]: Starting Uncomplicated firewall...
         Starting Uncomplicated [   38.203733] iscsi: registered transport (iser)
firewall...
[   38.319938] systemd[1]: Listening on LVM2 poll daemon socket.
[[0;32m  OK  [0m] Listening on LVM2 poll daemon socket.
[   38.371165] systemd[1]: Reached target Encrypted Volumes.
[[0;32m  OK  [0m] Reached target Encrypted Volumes.
[   38.459542] systemd[1]: Reached target User and Group Name Lookups.
[[0;32m  OK  [0m] Reached target User and Group Name Lookups.
[   38.638239] systemd[1]: Listening on LVM2 metadata daemon socket.
[[0;32m  OK  [0m] Listening on LVM2 metadata daemon socket.
[   38.748166] systemd[1]: Starting Monitoring of LVM2 mirrors, snapshots etc. using dmeventd or progress polling...
         Starting Monitoring of LVM2 mirrors... dmeventd or progress polling...
[   39.049199] systemd[1]: Reached target Swap.
[[0;32m  OK  [0m] Reached target Swap.
[   39.192003] systemd[1]: Listening on udev Control Socket.
[[0;32m  OK  [0m] Listening on udev Control Socket.
[   39.339821] systemd[1]: Listening on Journal Audit Socket.
[[0;32m  OK  [0m] Listening on Journal Audit Socket.
[   39.455444] systemd[1]: Starting Journal Service...
         Starting Journal Service...
[   39.466252] systemd[1]: Mounting Huge Pages File System...
         Mounting Huge Pages File System...
[   39.499580] systemd[1]: Listening on /dev/initctl Compatibility Named Pipe.
[[0;32m  OK  [0m] Listening on /dev/initctl Compatibility Named Pipe.
[   39.740491] systemd[1]: Mounted POSIX Message Queue File System.
[[0;32m  OK  [0m] Mounted POSIX Message Queue File System.
[   39.891924] systemd[1]: Mounted Huge Pages File System.
[[0;32m  OK  [0m] Mounted Huge Pages File System.
[   40.036419] systemd[1]: Mounted Debug File System.
[[0;32m  OK  [0m] Mounted Debug File System.
[   40.051819] systemd[1]: Started Journal Service.
[[0;32m  OK  [0m] Started Journal Service.
[[0;32m  OK  [0m] Started Remount Root and Kernel File Systems.
[[0;32m  OK  [0m] Started Create list of required sta...ce nodes for the current kernel.
[[0;32m  OK  [0m] Started Load Kernel Modules.
[[0;32m  OK  [0m] Started Set console keymap.
[[0;32m  OK  [0m] Started Uncomplicated firewall.
[[0;32m  OK  [0m] Started Nameserver information manager.
[[0;32m  OK  [0m] Started LVM2 metadata daemon.
         Mounting FUSE Control File System...
         Starting Apply Kernel Variables...
         Starting Create Static Device Nodes in /dev...
         Starting Load/Save Random Seed...
         Starting Initial cloud-init job (pre-networking)...
         Starting udev Coldplug all Devices...
         Starting Flush Journal to Persistent Storage...
[[0;32m  OK  [0m] Mounted FUSE Control File System.
[[0;32m  OK  [0m] Started Monitoring of LVM2 mirrors,...ng dmeventd or progress polling.
[[0;32m  OK  [0m] Started Apply Kernel Variables.
[[0;32m  OK  [0m] Started Create Static Device Nodes in /dev.
[[0;32m  OK  [0m] Started Load/Save Random Seed.
[[0;32m  OK  [0m] Started Flush Journal to Persistent Storage.
[[0;32m  OK  [0m] Started udev Coldplug all Devices.
         Starting udev Kernel Device Manager...
[[0;32m  OK  [0m] Started udev Kernel Device Manager.
[[0;32m  OK  [0m] Started Dispatch Password Requests to Console Directory Watch.
[[0;32m  OK  [0m] Reached target Local File Systems (Pre).
[[0;32m  OK  [0m] Reached target Local File Systems.
         Starting Tell Plymouth To Write Out Runtime Data...
         Starting Set console font and keymap...
[   27.711060]          cloud-initStarting LSB: AppArmor initialization...[485]: 
Cloud-init v. 0.7.8 running 'init-local' at Mon, 13 Mar 2017 01:28:57 +0000. Up 27.33 seconds.
         Starting Create Volatile Files and Directories...
[[0;32m  OK  [0m] Started Tell Plymouth To Write Out Runtime Data.
[[0;32m  OK  [0m] Started Create Volatile Files and Directories.
[[0;32m  OK  [0m] Started Set console font and keymap.
[[0;32m  OK  [0m] Started Initial cloud-init job (pre-networking).
[[0;32m  OK  [0m] Found device /dev/ttyS0.
[[0;32m  OK  [0m] Listening on Load/Save RF Kill Switch Status /dev/rfkill Watch.
[[0;32m  OK  [0m] Reached target Network (Pre).
[[0;32m  OK  [0m] Created slice system-getty.slice.
[[0;32m  OK  [0m] Reached target System Time Synchronized.
         Starting Update UTMP about System Boot/Shutdown...
[[0;32m  OK  [0m] Started LSB: AppArmor initialization.
[[0;32m  OK  [0m] Started ifup for enp0s3.
         Starting Raise network interfaces...
[[0;32m  OK  [0m] Started Update UTMP about System Boot/Shutdown.
[[0;1;31mFAILED[0m] Failed to start Raise network interfaces.
See 'systemctl status networking.service' for details.
         Starting Initial cloud-init job (metadata service crawler)...
[[0;32m  OK  [0m] Reached target Network.
[   31.189924] cloud-init[1105]: Cloud-init v. 0.7.8 running 'init' at Mon, 13 Mar 2017 01:29:00 +0000. Up 30.96 seconds.
[   31.268958] [cloud-init[0;32m  OK  [0m[1105]: ci-info: +++++++++++++++++++++++++++++++++++++Net device info++++++++++++++++++++++++++++++++++++++
] Started Initial cloud-init job (metadata service crawler).
[   31.269390] cloud-init[1105]: ci-info: +--------+------+----------------------------+---------------+-------+-------------------+
[   31.424500] [cloud-init[0;32m  OK  [0m[1105]: ] ci-info: | Device |  Up  |          Address           |      Mask     | Scope |     Hw-Address    |Reached target System Initialization.

[   31.520641]          cloud-initStarting LXD - unix socket.[1105]: 
ci-info: +--------+------+----------------------------+---------------+-------+-------------------+
[   31.608448] [cloud-init[0;32m  OK  [0m[1105]: ] ci-info: |   lo   | True |         127.0.0.1          |   255.0.0.0   |   .   |         .         |Started Timer to automatically refresh installed snaps.

[   31.732292] cloud-init[1105]: ci-info: |   lo   | True |          ::1/128           |       .       |  host |         .         |
         Starting Socket activation for snappy daemon.
[   31.732742] [cloud-init[0;32m  OK  [0m[1105]: ] ci-info: | enp0s3 | True |         10.0.2.15          | 255.255.255.0 |   .   | 02:f2:f2:0c:4e:d5 |Listening on D-Bus System Message Bus Socket.

[[0;32m  OK  [0m] Started Daily Cleanup of Temporary Directories.
[[0;32m  OK  [0m] Listening on UUID daemon activation socket.
[   31.773611] cloud-init[1105]: ci-info: | enp0s3 | True | fe80::f2:f2ff:fe0c:4ed5/64 |       .       |  link | 02:f2:f2:0c:4e:d5 |
[   31.944756] [cloud-init[0;32m  OK  [0m[1105]: ] ci-info: +--------+------+----------------------------+---------------+-------+-------------------+Started Trigger resolvconf update for networkd DNS.

[   31.945205] cloud-init[1105]: ci-info: +++++++++++++++++++++++++++Route IPv4 info++++++++++++++++++++++++++++
[   32.079617] [[0;32m  OK  [0m] Started ACPI Events Check.
cloud-init[1105]: ci-info: +-------+-------------+----------+---------------+-----------+-------+
[   32.176326] [[0;32m  OK  [0m] Reached target Paths.
cloud-init[1105]: ci-info: | Route | Destination | Gateway  |    Genmask    | Interface | Flags |
[   32.252287] [cloud-init[0;32m  OK  [0m[1105]: ] ci-info: +-------+-------------+----------+---------------+-----------+-------+Started Daily apt activities.

[[0;32m  OK  [0m] Reached target Timers.
[   32.252780] cloud-init[1105]: ci-info: |   0   |   0.0.0.0   | 10.0.2.2 |    0.0.0.0    |   enp0s3  |   UG  |
[[0;32m  OK  [0m] Listening on ACPID Listen Socket.
[[0;32m  OK  [0m] Reached target Cloud-config availability.
[[0;32m  OK  [0m] Reached target Network is Online.
[   32.324901] cloud-init[1105]: ci-info: |   1   |   10.0.2.0  | 0.0.0.0  | 255.255.255.0 |   enp0s3  |   U   |
         Starting iSCSI initiator daemon (iscsid)...
[   32.496335] cloud-init[1105]: ci-info: +-------+-------------+----------+---------------+-----------+-------+
[[0;32m  OK  [0m] Listening on LXD - unix socket.
[[0;32m  OK  [0m] Listening on Socket activation for snappy daemon.
[[0;32m  OK  [0m] Started iSCSI initiator daemon (iscsid).
         Starting Login to default iSCSI targets...
[[0;32m  OK  [0m] Reached target Sockets.
[[0;32m  OK  [0m] Reached target Basic System.
[[0;32m  OK  [0m] Started FUSE filesystem for LXC.
[[0;32m  OK  [0m] Started Snappy daemon.
         Starting Accounts Service...
         Starting MySQL Community Server...
         Starting Login Service...
         Starting Auto import assertions from block devices...
[[0;32m  OK  [0m] Started Regular background program processing daemon.
[[0;32m  OK  [0m] Started D-Bus System Message Bus.
         Starting System Logging Service...
         Starting LSB: Record successful boot for GRUB...
[[0;32m  OK  [0m] Started Deferred execution scheduler.
         Starting Apply the settings specified in cloud-config...
         Starting /etc/rc.local Compatibility...
         Starting LSB: MD monitoring daemon...
         Starting OpenBSD Secure Shell server...
[[0;32m  OK  [0m] Started ACPI event daemon.
         Starting LXD - container startup/shutdown...
[[0;32m  OK  [0m] Started System Logging Service.
[[0;32m  OK  [0m] Started OpenBSD Secure Shell server.
[[0;32m  OK  [0m] Started Auto import assertions from block devices.
[[0;32m  OK  [0m] Started /etc/rc.local Compatibility.
[[0;32m  OK  [0m] Started LXD - container startup/shutdown.
[[0;32m  OK  [0m] Started Login to default iSCSI targets.
[   33.658453] cloud-init[1208]: Cloud-init v. 0.7.8 running 'modules:config' at Mon, 13 Mar 2017 01:29:03 +0000. Up 33.54 seconds.
[[0;32m  OK  [0m] Started LSB: MD monitoring daemon.
[[0;32m  OK  [0m] Started LSB: Record successful boot for GRUB.
[[0;32m  OK  [0m] Started Apply the settings specified in cloud-config.
[[0;32m  OK  [0m] Started Login Service.
         Starting Authenticate and Authorize Users to Run Privileged Tasks...
[[0;32m  OK  [0m] Reached target Remote File Systems (Pre).
[[0;32m  OK  [0m] Reached target Remote File Systems.
         Starting LSB: VirtualBox Linux Additions...
         Starting LSB: daemon to balance interrupts for SMP systems...
         Starting LSB: Apache2 web server...
         Starting LSB: automatic crash report generation...
         Starting LSB: Set the CPU Frequency Scaling governor to "ondemand"...
         Starting Permit User Sessions...
[[0;32m  OK  [0m] Started Permit User Sessions.
[[0;32m  OK  [0m] Started Authenticate and Authorize Users to Run Privileged Tasks.
[[0;32m  OK  [0m] Started Accounts Service.
         Starting Hold until boot process finishes up...
         Starting Terminate Plymouth Boot Screen...
[[0;32m  OK  [0m] Started LSB: VirtualBox Linux Additions.
[[0;32m  OK  [0m] Started LSB: daemon to balance interrupts for SMP systems.
[[0;32m  OK  [0m] Started LSB: automatic crash report generation.
[[0;32m  OK  [0m] Started LSB: Set the CPU Frequency Scaling governor to "ondemand".
[[0;32m  OK  [0m] Started MySQL Community Server.
[[0;32m  OK  [0m] Started Hold until boot process finishes up.
[[0;32m  OK  [0m] Started Terminate Plymouth Boot Screen.
[[0;32m  OK  [0m] Created slice User Slice of ubuntu.
[[0;32m  OK  [0m] Started Session 1 of user ubuntu.
         Starting User Manager for UID 1000...
[[0;32m  OK  [0m] Started Getty on tty1.
[[0;32m  OK  [0m] Started Serial Getty on ttyS0.
[[0;32m  OK  [0m] Reached target Login Prompts.
         Starting Set console scheme...
[[0;32m  OK  [0m] Started User Manager for UID 1000.
[[0;32m  OK  [0m] Started Set console scheme.
[[0;32m  OK  [0m] Started LSB: Apache2 web server.
[[0;32m  OK  [0m] Reached target Multi-User System.
[[0;32m  OK  [0m] Reached target Graphical Interface.
         Starting Execute cloud user/final scripts...
         Starting Update UTMP about System Runlevel Changes...
[[0;32m  OK  [0m] Started Update UTMP about System Runlevel Changes.
[   35.971467] cloud-init[1480]: Cloud-init v. 0.7.8 running 'modules:final' at Mon, 13 Mar 2017 01:29:05 +0000. Up 35.86 seconds.
[[0;32m  OK  [0m] Started Execute cloud user/final scripts.
[[0;32m  OK  [0m] Reached target Cloud-init target.
[   36.042942] cloud-init[1480]: Cloud-init v. 0.7.8 finished at Mon, 13 Mar 2017 01:29:05 +0000. Datasource DataSourceNoCloud [seed=/dev/sdb][dsmode=net].  Up 35.96 seconds

Ubuntu 16.04.2 LTS ubuntu-xenial ttyS0

ubuntu-xenial login: 