[    0.000000] Initializing cgroup subsys cpuset
[    0.000000] Initializing cgroup subsys cpu
[    0.000000] Initializing cgroup subsys cpuacct
[    0.000000] Linux version 4.4.0-66-generic (buildd@lgw01-28) (gcc version 5.4.0 20160609 (Ubuntu 5.4.0-6ubuntu1~16.04.4) ) #87-Ubuntu SMP Fri Mar 3 15:29:05 UTC 2017 (Ubuntu 4.4.0-66.87-generic 4.4.44)
[    0.000000] Command line: BOOT_IMAGE=/boot/vmlinuz-4.4.0-66-generic root=UUID=7664720c-3742-49b9-b4d5-196d2a148900 ro console=tty1 console=ttyS0
[    0.000000] KERNEL supported cpus:
[    0.000000]   Intel GenuineIntel
[    0.000000]   AMD AuthenticAMD
[    0.000000]   Centaur CentaurHauls
[    0.000000] x86/fpu: xstate_offset[2]:  576, xstate_sizes[2]:  256
[    0.000000] x86/fpu: Supporting XSAVE feature 0x01: 'x87 floating point registers'
[    0.000000] x86/fpu: Supporting XSAVE feature 0x02: 'SSE registers'
[    0.000000] x86/fpu: Supporting XSAVE feature 0x04: 'AVX registers'
[    0.000000] x86/fpu: Enabled xstate features 0x7, context size is 832 bytes, using 'standard' format.
[    0.000000] x86/fpu: Using 'lazy' FPU context switches.
[    0.000000] e820: BIOS-provided physical RAM map:
[    0.000000] BIOS-e820: [mem 0x0000000000000000-0x000000000009fbff] usable
[    0.000000] BIOS-e820: [mem 0x000000000009fc00-0x000000000009ffff] reserved
[    0.000000] BIOS-e820: [mem 0x00000000000f0000-0x00000000000fffff] reserved
[    0.000000] BIOS-e820: [mem 0x0000000000100000-0x000000003ffeffff] usable
[    0.000000] BIOS-e820: [mem 0x000000003fff0000-0x000000003fffffff] ACPI data
[    0.000000] BIOS-e820: [mem 0x00000000fec00000-0x00000000fec00fff] reserved
[    0.000000] BIOS-e820: [mem 0x00000000fee00000-0x00000000fee00fff] reserved
[    0.000000] BIOS-e820: [mem 0x00000000fffc0000-0x00000000ffffffff] reserved
[    0.000000] NX (Execute Disable) protection: active
[    0.000000] SMBIOS 2.5 present.
[    0.000000] Hypervisor detected: KVM
[    0.000000] e820: last_pfn = 0x3fff0 max_arch_pfn = 0x400000000
[    0.000000] MTRR: Disabled
[    0.000000] x86/PAT: MTRRs disabled, skipping PAT initialization too.
[    0.000000] x86/PAT: Configuration [0-7]: WB  WT  UC- UC  WB  WT  UC- UC  
[    0.000000] CPU MTRRs all blank - virtualized system.
[    0.000000] found SMP MP-table at [mem 0x0009fff0-0x0009ffff] mapped at [ffff88000009fff0]
[    0.000000] Scanning 1 areas for low memory corruption
[    0.000000] RAMDISK: [mem 0x3623a000-0x37114fff]
[    0.000000] ACPI: Early table checksum verification disabled
[    0.000000] ACPI: RSDP 0x00000000000E0000 000024 (v02 VBOX  )
[    0.000000] ACPI: XSDT 0x000000003FFF0030 00003C (v01 VBOX   VBOXXSDT 00000001 ASL  00000061)
[    0.000000] ACPI: FACP 0x000000003FFF00F0 0000F4 (v04 VBOX   VBOXFACP 00000001 ASL  00000061)
[    0.000000] ACPI: DSDT 0x000000003FFF0470 00210F (v01 VBOX   VBOXBIOS 00000002 INTL 20100528)
[    0.000000] ACPI: FACS 0x000000003FFF0200 000040
[    0.000000] ACPI: FACS 0x000000003FFF0200 000040
[    0.000000] ACPI: APIC 0x000000003FFF0240 00005C (v02 VBOX   VBOXAPIC 00000001 ASL  00000061)
[    0.000000] ACPI: SSDT 0x000000003FFF02A0 0001CC (v01 VBOX   VBOXCPUT 00000002 INTL 20100528)
[    0.000000] No NUMA configuration found
[    0.000000] Faking a node at [mem 0x0000000000000000-0x000000003ffeffff]
[    0.000000] NODE_DATA(0) allocated [mem 0x3ffeb000-0x3ffeffff]
[    0.000000] kvm-clock: Using msrs 4b564d01 and 4b564d00
[    0.000000] kvm-clock: cpu 0, msr 0:3ffe3001, primary cpu clock
[    0.000000] kvm-clock: using sched offset of 3180845854 cycles
[    0.000000] clocksource: kvm-clock: mask: 0xffffffffffffffff max_cycles: 0x1cd42e4dffb, max_idle_ns: 881590591483 ns
[    0.000000] Zone ranges:
[    0.000000]   DMA      [mem 0x0000000000001000-0x0000000000ffffff]
[    0.000000]   DMA32    [mem 0x0000000001000000-0x000000003ffeffff]
[    0.000000]   Normal   empty
[    0.000000]   Device   empty
[    0.000000] Movable zone start for each node
[    0.000000] Early memory node ranges
[    0.000000]   node   0: [mem 0x0000000000001000-0x000000000009efff]
[    0.000000]   node   0: [mem 0x0000000000100000-0x000000003ffeffff]
[    0.000000] Initmem setup node 0 [mem 0x0000000000001000-0x000000003ffeffff]
[    0.000000] ACPI: PM-Timer IO Port: 0x4008
[    0.000000] IOAPIC[0]: apic_id 2, version 32, address 0xfec00000, GSI 0-23
[    0.000000] ACPI: INT_SRC_OVR (bus 0 bus_irq 0 global_irq 2 dfl dfl)
[    0.000000] ACPI: INT_SRC_OVR (bus 0 bus_irq 9 global_irq 9 high level)
[    0.000000] Using ACPI (MADT) for SMP configuration information
[    0.000000] smpboot: Allowing 2 CPUs, 0 hotplug CPUs
[    0.000000] PM: Registered nosave memory: [mem 0x00000000-0x00000fff]
[    0.000000] PM: Registered nosave memory: [mem 0x0009f000-0x0009ffff]
[    0.000000] PM: Registered nosave memory: [mem 0x000a0000-0x000effff]
[    0.000000] PM: Registered nosave memory: [mem 0x000f0000-0x000fffff]
[    0.000000] e820: [mem 0x40000000-0xfebfffff] available for PCI devices
[    0.000000] Booting paravirtualized kernel on KVM
[    0.000000] clocksource: refined-jiffies: mask: 0xffffffff max_cycles: 0xffffffff, max_idle_ns: 7645519600211568 ns
[    0.000000] setup_percpu: NR_CPUS:512 nr_cpumask_bits:512 nr_cpu_ids:2 nr_node_ids:1
[    0.000000] PERCPU: Embedded 33 pages/cpu @ffff88003fc00000 s98264 r8192 d28712 u1048576
[    0.000000] PV qspinlock hash table entries: 256 (order: 0, 4096 bytes)
[    0.000000] Built 1 zonelists in Node order, mobility grouping on.  Total pages: 257913
[    0.000000] Policy zone: DMA32
[    0.000000] Kernel command line: BOOT_IMAGE=/boot/vmlinuz-4.4.0-66-generic root=UUID=7664720c-3742-49b9-b4d5-196d2a148900 ro console=tty1 console=ttyS0
[    0.000000] PID hash table entries: 4096 (order: 3, 32768 bytes)
[    0.000000] Memory: 997364K/1048120K available (8452K kernel code, 1293K rwdata, 3980K rodata, 1488K init, 1316K bss, 50756K reserved, 0K cma-reserved)
[    0.000000] SLUB: HWalign=64, Order=0-3, MinObjects=0, CPUs=2, Nodes=1
[    0.000000] Hierarchical RCU implementation.
[    0.000000] 	Build-time adjustment of leaf fanout to 64.
[    0.000000] 	RCU restricting CPUs from NR_CPUS=512 to nr_cpu_ids=2.
[    0.000000] RCU: Adjusting geometry for rcu_fanout_leaf=64, nr_cpu_ids=2
[    0.000000] NR_IRQS:33024 nr_irqs:440 16
[    0.000000] Console: colour VGA+ 80x25
[    0.000000] console [tty1] enabled
[    0.000000] console [ttyS0] enabled
[    0.000000] tsc: Detected 2194.918 MHz processor
[    8.819615] Calibrating delay loop (skipped) preset value.. 4389.83 BogoMIPS (lpj=8779672)
[    8.973143] pid_max: default: 32768 minimum: 301
[    9.049826] ACPI: Core revision 20150930
[    9.051425] ACPI: 2 ACPI AML tables successfully acquired and loaded
[    9.082391] Security Framework initialized
[    9.083153] Yama: becoming mindful.
[    9.083833] AppArmor: AppArmor initialized
[    9.084642] Dentry cache hash table entries: 131072 (order: 8, 1048576 bytes)
[    9.085907] Inode-cache hash table entries: 65536 (order: 7, 524288 bytes)
[    9.165301] Mount-cache hash table entries: 2048 (order: 2, 16384 bytes)
[    9.243419] Mountpoint-cache hash table entries: 2048 (order: 2, 16384 bytes)
[    9.404043] Initializing cgroup subsys io
[    9.507534] Initializing cgroup subsys memory
[    9.593059] Initializing cgroup subsys devices
[    9.708547] Initializing cgroup subsys freezer
[    9.795424] Initializing cgroup subsys net_cls
[    9.831425] Initializing cgroup subsys perf_event
[    9.832412] Initializing cgroup subsys net_prio
[    9.833400] Initializing cgroup subsys hugetlb
[    9.845445] Initializing cgroup subsys pids
[    9.877383] CPU: Physical Processor ID: 0
[    9.902327] CPU: Processor Core ID: 0
[    9.903814] mce: CPU supports 0 MCE banks
[    9.904568] Last level iTLB entries: 4KB 1024, 2MB 1024, 4MB 1024
[    9.905567] Last level dTLB entries: 4KB 1024, 2MB 1024, 4MB 1024, 1GB 4
[    9.908364] Freeing SMP alternatives memory: 32K (ffffffff820b9000 - ffffffff820c1000)
[    9.917904] ftrace: allocating 32123 entries in 126 pages
[   10.050708] smpboot: APIC(0) Converting physical 0 to logical package 0
[   10.208688] smpboot: Max logical packages: 1
[   10.311724] x2apic enabled
[   10.361134] Switched APIC routing to physical x2apic.
[   10.432342] ..TIMER: vector=0x30 apic1=0 pin1=2 apic2=-1 pin2=-1
[   10.539431] smpboot: CPU0: Intel(R) Core(TM) i7-4770HQ CPU @ 2.20GHz (family: 0x6, model: 0x46, stepping: 0x1)
[   10.795720] Performance Events: unsupported p6 CPU model 70 no PMU driver, software events only.
[   10.797546] KVM setup paravirtual spinlock
[   10.798956] x86: Booting SMP configuration:
[   10.874810] .... node  #0, CPUs:      #1
[   10.928944] kvm-clock: cpu 1, msr 0:3ffe3041, secondary cpu clock
[   10.979832] mce: CPU supports 0 MCE banks
[   10.995828] x86: Booted up 1 node, 2 CPUs
[   11.002066] smpboot: Total of 2 processors activated (8779.67 BogoMIPS)
[   11.148250] devtmpfs: initialized
[   11.224629] evm: security.selinux
[   11.284796] evm: security.SMACK64
[   11.359113] evm: security.SMACK64EXEC
[   11.441552] evm: security.SMACK64TRANSMUTE
[   11.524856] evm: security.SMACK64MMAP
[   11.600550] evm: security.ima
[   11.673910] evm: security.capability
[   11.754252] clocksource: jiffies: mask: 0xffffffff max_cycles: 0xffffffff, max_idle_ns: 7645041785100000 ns
[   11.912666] pinctrl core: initialized pinctrl subsystem
[   12.009272] RTC time:  2:17:02, date: 03/14/17
[   12.017842] NET: Registered protocol family 16
[   12.035235] cpuidle: using governor ladder
[   12.066912] cpuidle: using governor menu
[   12.084948] PCCT header not found.
[   12.103215] ACPI: bus type PCI registered
[   12.122262] acpiphp: ACPI Hot Plug PCI Controller Driver version: 0.5
[   12.184831] PCI: Using configuration type 1 for base access
[   12.256900] ACPI: Added _OSI(Module Device)
[   12.263678] ACPI: Added _OSI(Processor Device)
[   12.316229] ACPI: Added _OSI(3.0 _SCP Extensions)
[   12.363873] ACPI: Added _OSI(Processor Aggregator Device)
[   12.390622] ACPI: Executed 1 blocks of module-level executable AML code
[   12.412473] ACPI: Interpreter enabled
[   12.435880] ACPI: (supports S0 S5)
[   12.454199] ACPI: Using IOAPIC for interrupt routing
[   12.469985] PCI: Using host bridge windows from ACPI; if necessary, use "pci=nocrs" and report a bug
[   12.514203] ACPI: PCI Root Bridge [PCI0] (domain 0000 [bus 00-ff])
[   12.640997] acpi PNP0A03:00: _OSC: OS supports [ASPM ClockPM Segments MSI]
[   12.642117] acpi PNP0A03:00: _OSC failed (AE_NOT_FOUND); disabling ASPM
[   12.643186] acpi PNP0A03:00: fail to add MMCONFIG information, can't access extended PCI configuration space under this bridge.
[   12.645285] PCI host bridge to bus 0000:00
[   12.647579] pci_bus 0000:00: root bus resource [io  0x0000-0x0cf7 window]
[   12.649977] pci_bus 0000:00: root bus resource [io  0x0d00-0xffff window]
[   12.760323] pci_bus 0000:00: root bus resource [mem 0x000a0000-0x000bffff window]
[   12.911769] pci_bus 0000:00: root bus resource [mem 0x40000000-0xffdfffff window]
[   13.047928] pci_bus 0000:00: root bus resource [bus 00-ff]
[   13.154514] pci 0000:00:01.1: legacy IDE quirk: reg 0x10: [io  0x01f0-0x01f7]
[   13.187261] pci 0000:00:01.1: legacy IDE quirk: reg 0x14: [io  0x03f6]
[   13.199255] pci 0000:00:01.1: legacy IDE quirk: reg 0x18: [io  0x0170-0x0177]
[   13.343843] pci 0000:00:01.1: legacy IDE quirk: reg 0x1c: [io  0x0376]
[   13.396167] pci 0000:00:07.0: quirk: [io  0x4000-0x403f] claimed by PIIX4 ACPI
[   13.583258] pci 0000:00:07.0: quirk: [io  0x4100-0x410f] claimed by PIIX4 SMB
[   13.740654] ACPI: PCI Interrupt Link [LNKA] (IRQs 5 9 10 *11)
[   13.783395] ACPI: PCI Interrupt Link [LNKB] (IRQs 5 9 10 *11)
[   13.793175] ACPI: PCI Interrupt Link [LNKC] (IRQs 5 9 *10 11)
[   13.901878] ACPI: PCI Interrupt Link [LNKD] (IRQs 5 *9 10 11)
[   13.950672] ACPI: Enabled 2 GPEs in block 00 to 07
[   14.041918] vgaarb: setting as boot device: PCI:0000:00:02.0
[   14.082831] vgaarb: device added: PCI:0000:00:02.0,decodes=io+mem,owns=io+mem,locks=none
[   14.084656] vgaarb: loaded
[   14.085368] vgaarb: bridge control possible 0000:00:02.0
[   14.086773] SCSI subsystem initialized
[   14.089755] ACPI: bus type USB registered
[   14.160279] usbcore: registered new interface driver usbfs
[   14.240343] usbcore: registered new interface driver hub
[   14.266497] usbcore: registered new device driver usb
[   14.332844] PCI: Using ACPI for IRQ routing
[   14.415782] NetLabel: Initializing
[   14.497825] NetLabel:  domain hash size = 128
[   14.557738] NetLabel:  protocols = UNLABELED CIPSOv4
[   14.644252] NetLabel:  unlabeled traffic allowed by default
[   14.684426] amd_nb: Cannot enumerate AMD northbridges
[   14.685328] clocksource: Switched to clocksource kvm-clock
[   14.693752] AppArmor: AppArmor Filesystem Enabled
[   14.809218] pnp: PnP ACPI init
[   14.876082] pnp: PnP ACPI: found 3 devices
[   14.984626] clocksource: acpi_pm: mask: 0xffffff max_cycles: 0xffffff, max_idle_ns: 2085701024 ns
[   15.014882] NET: Registered protocol family 2
[   15.015849] TCP established hash table entries: 8192 (order: 4, 65536 bytes)
[   15.016948] TCP bind hash table entries: 8192 (order: 5, 131072 bytes)
[   15.034395] TCP: Hash tables configured (established 8192 bind 8192)
[   15.199123] UDP hash table entries: 512 (order: 2, 16384 bytes)
[   15.341441] UDP-Lite hash table entries: 512 (order: 2, 16384 bytes)
[   15.482951] NET: Registered protocol family 1
[   15.603614] pci 0000:00:00.0: Limiting direct PCI/PCI transfers
[   15.753965] pci 0000:00:01.0: Activating ISA DMA hang workarounds
[   15.800763] Trying to unpack rootfs image as initramfs...
[   16.046143] Freeing initrd memory: 15212K (ffff88003623a000 - ffff880037115000)
[   16.246811] platform rtc_cmos: registered platform RTC device (no PNP device found)
[   16.411327] Scanning for low memory corruption every 60 seconds
[   16.443570] futex hash table entries: 512 (order: 3, 32768 bytes)
[   16.528811] audit: initializing netlink subsys (disabled)
[   16.656947] audit: type=2000 audit(1489457817.217:1): initialized
[   16.816082] Initialise system trusted keyring
[   16.915388] HugeTLB registered 2 MB page size, pre-allocated 0 pages
[   17.078080] zbud: loaded
[   17.136045] VFS: Disk quotas dquot_6.6.0
[   17.216992] VFS: Dquot-cache hash table entries: 512 (order 0, 4096 bytes)
[   17.267377] tsc: Refined TSC clocksource calibration: 2194.052 MHz
[   17.268382] clocksource: tsc: mask: 0xffffffffffffffff max_cycles: 0x1fa04023125, max_idle_ns: 440795308325 ns
[   17.270301] squashfs: version 4.0 (2009/01/31) Phillip Lougher
[   17.271604] fuse init (API version 7.23)
[   17.377972] Key type big_key registered
[   17.487247] Allocating IMA MOK and blacklist keyrings.
[   17.500177] Key type asymmetric registered
[   17.520419] Asymmetric key parser 'x509' registered
[   17.535033] Block layer SCSI generic (bsg) driver version 0.4 loaded (major 249)
[   17.763424] io scheduler noop registered
[   17.880070] io scheduler deadline registered (default)
[   17.991027] io scheduler cfq registered
[   18.113767] pci_hotplug: PCI Hot Plug PCI Core version: 0.5
[   18.216020] pciehp: PCI Express Hot Plug Controller Driver version: 0.4
[   18.393320] ACPI: AC Adapter [AC] (off-line)
[   18.460354] input: Power Button as /devices/LNXSYSTM:00/LNXPWRBN:00/input/input0
[   18.578313] ACPI: Power Button [PWRF]
[   18.605917] input: Sleep Button as /devices/LNXSYSTM:00/LNXSLPBN:00/input/input1
[   18.634529] ACPI: Sleep Button [SLPF]
[   18.635464] GHES: HEST is not enabled!
[   18.636380] ACPI: Battery Slot [BAT0] (battery present)
[   18.714940] Serial: 8250/16550 driver, 32 ports, IRQ sharing enabled
[   18.867326] 00:02: ttyS0 at I/O 0x3f8 (irq = 4, base_baud = 115200) is a 16550A
[   19.097330] Linux agpgart interface v0.103
[   19.185618] brd: module loaded
[   19.216999] loop: module loaded
[   19.266672] scsi host0: ata_piix
[   19.267473] scsi host1: ata_piix
[   19.268137] ata1: PATA max UDMA/33 cmd 0x1f0 ctl 0x3f6 bmdma 0xd000 irq 14
[   19.447438] ata2: PATA max UDMA/33 cmd 0x170 ctl 0x376 bmdma 0xd008 irq 15
[   19.650100] libphy: Fixed MDIO Bus: probed
[   19.680132] tun: Universal TUN/TAP device driver, 1.6
[   19.692964] tun: (C) 1999-2004 Max Krasnyansky <maxk@qualcomm.com>
[   19.710832] PPP generic driver version 2.4.2
[   19.714032] ehci_hcd: USB 2.0 'Enhanced' Host Controller (EHCI) Driver
[   19.715104] ehci-pci: EHCI PCI platform driver
[   19.729701] ehci-platform: EHCI generic platform driver
[   19.889757] ohci_hcd: USB 1.1 'Open' Host Controller (OHCI) Driver
[   20.043137] ohci-pci: OHCI PCI platform driver
[   20.207122] ohci-platform: OHCI generic platform driver
[   20.373327] uhci_hcd: USB Universal Host Controller Interface driver
[   20.552196] i8042: PNP: PS/2 Controller [PNP0303:PS2K,PNP0f03:PS2M] at 0x60,0x64 irq 1,12
[   20.759119] serio: i8042 KBD port at 0x60,0x64 irq 1
[   20.776901] serio: i8042 AUX port at 0x60,0x64 irq 12
[   20.797810] mousedev: PS/2 mouse device common for all mice
[   20.799193] input: AT Translated Set 2 keyboard as /devices/platform/i8042/serio0/input/input2
[   20.970499] rtc_cmos rtc_cmos: rtc core: registered rtc_cmos as rtc0
[   20.970560] rtc_cmos rtc_cmos: alarms up to one day, 114 bytes nvram
[   20.970576] i2c /dev entries driver
[   20.970639] device-mapper: uevent: version 1.0.3
[   20.970695] device-mapper: ioctl: 4.34.0-ioctl (2015-10-28) initialised: dm-devel@redhat.com
[   20.970716] ledtrig-cpu: registered to indicate activity on CPUs
[   20.970950] NET: Registered protocol family 10
[   20.971071] NET: Registered protocol family 17
[   20.971079] Key type dns_resolver registered
[   20.971201] microcode: CPU0 sig=0x40661, pf=0x40, revision=0x0
[   21.040276] microcode: CPU1 sig=0x40661, pf=0x40, revision=0x0
[   21.040370] microcode: Microcode Update Driver: v2.01 <tigran@aivazian.fsnet.co.uk>, Peter Oruba
[   21.040488] registered taskstats version 1
[   21.040501] Loading compiled-in X.509 certificates
[   21.041056] Loaded X.509 cert 'Build time autogenerated kernel key: 32ca4feee90b5cde51f5f8c0e024b22f8c679982'
[   21.041072] zswap: loaded using pool lzo/zbud
[   21.042373] Key type trusted registered
[   21.044366] Key type encrypted registered
[   21.044370] AppArmor: AppArmor sha1 policy hashing enabled
[   21.044373] ima: No TPM chip found, activating TPM-bypass!
[   21.044387] evm: HMAC attrs: 0x1
[   21.044604]   Magic number: 9:959:257
[   21.158153] rtc_cmos rtc_cmos: setting system clock to 2017-03-14 02:17:11 UTC (1489457831)
[   21.158271] BIOS EDD facility v0.16 2004-Jun-25, 0 devices found
[   21.158272] EDD information not available.
[   24.039418] Freeing unused kernel memory: 1488K (ffffffff81f45000 - ffffffff820b9000)
[   24.096895] Write protecting the kernel read-only data: 14336k
[   24.232055] Freeing unused kernel memory: 1776K (ffff880001844000 - ffff880001a00000)
[   24.421426] Freeing unused kernel memory: 116K (ffff880001de3000 - ffff880001e00000)
Loading, please wait...
[   24.639321] random: systemd-udevd: uninitialized urandom read (16 bytes read, 3 bits of entropy available)
starting version[   24.639801] random: udevadm: uninitialized urandom read (16 bytes read, 3 bits of entropy available)
 229
[   24.639832] random: udevadm: uninitialized urandom read (16 bytes read, 3 bits of entropy available)
[   24.639923] random: udevadm: uninitialized urandom read (16 bytes read, 3 bits of entropy available)
[   24.639956] random: udevadm: uninitialized urandom read (16 bytes read, 3 bits of entropy available)
[   24.639987] random: udevadm: uninitialized urandom read (16 bytes read, 3 bits of entropy available)
[   24.640019] random: udevadm: uninitialized urandom read (16 bytes read, 3 bits of entropy available)
[   24.640049] random: udevadm: uninitialized urandom read (16 bytes read, 3 bits of entropy available)
[   24.640079] random: udevadm: uninitialized urandom read (16 bytes read, 3 bits of entropy available)
[   24.640107] random: udevadm: uninitialized urandom read (16 bytes read, 3 bits of entropy available)
[   25.560703] Fusion MPT base driver 3.04.20
[   25.693343] Copyright (c) 1999-2008 LSI Corporation
[   25.867050] Fusion MPT SPI Host driver 3.04.20
[   26.035871] e1000: Intel(R) PRO/1000 Network Driver - version 7.3.21-k8-NAPI
[   26.037069] mptbase: ioc0: Initiating bringup
[   26.229258] e1000: Copyright (c) 1999-2006 Intel Corporation.
[   26.296966] AVX version of gcm_enc/dec engaged.
[   26.341507] ioc0: LSI53C1030 A0: Capabilities={Initiator}
[   26.494623] input: ImExPS/2 Generic Explorer Mouse as /devices/platform/i8042/serio1/input/input4
[   26.521074] scsi host2: ioc0: LSI53C1030 A0, FwRev=00000000h, Ports=1, MaxQ=256, IRQ=20
[   26.640635] scsi 2:0:0:0: Direct-Access     VBOX     HARDDISK         1.0  PQ: 0 ANSI: 5
[   26.640641] scsi target2:0:0: Beginning Domain Validation
[   26.642429] scsi target2:0:0: Domain Validation skipping write tests
[   26.642430] scsi target2:0:0: Ending Domain Validation
[   26.642461] scsi target2:0:0: asynchronous
[   26.642683] scsi 2:0:1:0: Direct-Access     VBOX     HARDDISK         1.0  PQ: 0 ANSI: 5
[   26.642686] scsi target2:0:1: Beginning Domain Validation
[   26.643374] scsi target2:0:1: Domain Validation skipping write tests
[   26.643375] scsi target2:0:1: Ending Domain Validation
[   26.643428] scsi target2:0:1: asynchronous
[   26.994701] e1000 0000:00:03.0 eth0: (PCI:33MHz:32-bit) 02:f2:f2:0c:4e:d5
[   26.994704] e1000 0000:00:03.0 eth0: Intel(R) PRO/1000 Network Connection
[   27.305813] e1000 0000:00:03.0 enp0s3: renamed from eth0
[   27.624311] AES CTR mode by8 optimization enabled
[   27.654817] sd 2:0:0:0: Attached scsi generic sg0 type 0
[   27.735939] sd 2:0:0:0: [sda] 20971520 512-byte logical blocks: (10.7 GB/10.0 GiB)
[   27.918630] sd 2:0:0:0: [sda] Write Protect is off
[   28.050461] sd 2:0:1:0: Attached scsi generic sg1 type 0
[   28.050607] sd 2:0:0:0: [sda] Incomplete mode parameter data
[   28.050608] sd 2:0:0:0: [sda] Assuming drive cache: write through
[   28.053803]  sda: sda1
[   28.054767] sd 2:0:0:0: [sda] Attached SCSI disk
[   28.313360] sd 2:0:1:0: [sdb] 20480 512-byte logical blocks: (10.5 MB/10.0 MiB)
[   28.313759] sd 2:0:1:0: [sdb] Write Protect is off
[   28.313996] sd 2:0:1:0: [sdb] Incomplete mode parameter data
[   28.313997] sd 2:0:1:0: [sdb] Assuming drive cache: write through
[   28.318726] sd 2:0:1:0: [sdb] Attached SCSI disk
[   28.870889] floppy0: no floppy controllers found
[   28.870924] work still pending
Begin: Loading e[   30.805100] md: linear personality registered for level -1
ssential drivers[   30.959636] md: multipath personality registered for level -4
 ... [   31.119261] md: raid0 personality registered for level 0
[   31.407863] md: raid1 personality registered for level 1
[   31.625378] raid6: sse2x1   gen() 10004 MB/s
[   31.725570] raid6: sse2x1   xor()  7889 MB/s
[   31.901601] raid6: sse2x2   gen() 11865 MB/s
[   32.073394] raid6: sse2x2   xor()  8398 MB/s
[   32.185394] raid6: sse2x4   gen() 14699 MB/s
[   32.365589] raid6: sse2x4   xor() 10359 MB/s
[   32.431361] raid6: using algorithm sse2x4 gen() 14699 MB/s
[   32.583071] raid6: .... xor() 10359 MB/s, rmw enabled
[   32.706109] raid6: using ssse3x2 recovery algorithm
[   32.733299] xor: automatically using best checksumming function:
[   32.825352]    avx       : 37226.000 MB/sec
[   33.035030] async_tx: api initialized (async)
[   33.159128] md: raid6 personality registered for level 6
[   33.300124] md: raid5 personality registered for level 5
[   33.393050] md: raid4 personality registered for level 4
[   33.399180] md: raid10 personality registered for level 10
done.
Begin: Running /scripts/i[   33.745043] Btrfs loaded
nit-premount ... done.
Begin: Mounting root file system ... Begin: Running /scripts/local-top ... done.
Begin: Running /scripts/local-premount[   33.831836] EXT4-fs (sda1): mounted filesystem with ordered data mode. Opts: (null)
 ... Scanning for Btrfs filesystems
done.
Warning: fsck not present, so skipping root file system
done.
Begin: Running /scripts/local-bottom ... done.
Begin: Running /scripts/init-bottom ... done.
[   34.463954] systemd[1]: systemd 229 running in system mode. (+PAM +AUDIT +SELINUX +IMA +APPARMOR +SMACK +SYSVINIT +UTMP +LIBCRYPTSETUP +GCRYPT +GNUTLS +ACL +XZ -LZ4 +SECCOMP +BLKID +ELFUTILS +KMOD -IDN)
[   34.903268] systemd[1]: Detected virtualization oracle.
[   34.943916] systemd[1]: Detected architecture x86-64.

Welcome to [1mUbuntu 16.04.2 LTS[0m!

[   35.130266] systemd[1]: Set hostname to <ubuntu-xenial>.
[   35.406501] systemd[1]: Started Forward Password Requests to Wall Directory Watch.
[[0;32m  OK  [0m] Started Forward Password Requests to Wall Directory Watch.
[   35.838139] systemd[1]: Listening on /dev/initctl Compatibility Named Pipe.
[[0;32m  OK  [0m] Listening on /dev/initctl Compatibility Named Pipe.
[   35.934002] systemd[1]: Listening on Syslog Socket.
[[0;32m  OK  [0m] Listening on Syslog Socket.
[   35.994441] systemd[1]: Listeningoon udev Kernel Socket.
[[0;32m  OK  [0m] Listening on udev Kernel Socket.
[   36.245867] systemd[1]: Listening on LVM2 metadata daemon socket.
[[0;32m  OK  [0m] Listening on LVM2 metadata daemon socket.
[   36.437931] systemd[1]: Listening on Journal Socket (/dev/log).
[[0;32m  OK  [0m] Listening on Journal Socket (/dev/log).
[   36.710371] systemd[1]: Reached target Swap.
[[0;32m  OK  [0m] Reached target Swap.
[   36.821676] systemd[1]: Listenin  on Device-mapper event daemon FIFOs.
[[0;32m  OK  [0m] Listening on Device-mapper event daemon FIFOs.
[   37.073532] systemd[1]: Reached target User and Group Name Lookups.
[[0;32m  OK  [0m] Reached target User and Group Name Lookups.
[   37.239203] systemd[1]: Listening on LVM2 poll daemon socket.
[[0;32m  OK  [0m] Listening on LVM2 poll daemon socket.
[   37.530090] systemd[1]  Listenin  on udev Control Socket.
[[0;32m  OK  [0m] Listening on udev Control Socket.
[   37.833822] systemd[1]: Reached target Encrypted Volumes.
[[0;32m  OK  [0m] Reached target Encrypted Volumes.
[   38.129595] systemd[1]: Listening on Journal Audit Socket.
[[0;32m  OK  [0m] Listening on Journal Audit Socket.
[   38.182232] systemd[1]: Created slice System Slice.
[[0;32m  OK  [0m] Created slice System Slice.
[   38.422783] systemd[1]: Created slice system-serial\22ggetty.slice.
[[0;32m  OK  [0m] Created slice system-serial\x2dgetty.slice.
[   38.775386] systemd[1]: Created slice User and Session Slice.
[[0;32m  OK  [0m] Created slice User and Session Slice.
[   38.966196] systemd[1]: Reached target Slices.
[[0;32m  OK  [0m] Reached target Slices.
[   39.209604] systemd[1]: Listening on Journal Socket.
[[0;32m  OK  [0m] Listening on Journal Socket.
[   39.253563] systemd[1]: Starting Nameserver information manager...
         Starting Nameserver information manager...
[   39.453612] systemd[1]: Starting Journal Service...
[   39.464001] random: nonblocking pool is initialized
         Starting Journal Service...
[   39.830375] systemd[1]: Starting Remount Root and Kernel File Systems...
[   39.836293] EXT4-fs (sda1): re-mounted. Opts: (null)
         Starting Remount Root and Kernel File Systems...
[   40.317900] systemd[1]: Mounting Debug File System...
         Mounting Debug File System...
[   40.394745] systemd[1]: Starting Uncomplicated firewall...
         Starting Uncomplicated firewall...
[   40.525724] systemd[1]: Starting Monitoring of LVM2 mirrors, snapshots etc. using dmeventd or progress polling...
         Starting Monitoring of LVM2 mirrors... dmeventd or progress polling...
[   40.705699] systemd[1]: Starting Load Kernel Modules...
[   40.734124] Loading iSCSI transport class v2.0-870.
         Starting Load Kernel Mo[   40.845625] iscsi: registered transport (tcp)
dules...
[   40.973266] iscsi: registered transport (iser)
[   41.041502] systemd[1]: Mounting Huge Pages File System...
         Mounting Huge Pages File System...
[   41.193863] systemd[1]: Mounting POSIX Message Queue File System...
         Mounting POSIX Message Queue File System...
[   41.381674] systemd[1]: Starting Set console keymap...
         Starting Set console keymap...
[   41.470287] systemd[1]: Starting Create list of required static device nodes for the current kernel...
         Starting Create list of required st... nodes for the current kernel...
[   41.758095] systemd[1]: Set up automount Arbitrary Executable File Formats File System Automount Point.
[[0;32m  OK  [0m] Set up automount Arbitrary Executab...ats File System Automount Point.
[   41.910671] systemd[1]: Mounted POSIX Message Queue File System.
[[0;32m  OK  [0m] Mounted POSIX Message Queue File System.
[   41.987718] systemd[1]: Mounted Huge Pages File System.
[[0;32m  OK  [0m] Mounted Huge Pages File System.
[   42.033685] systemd[1]: Mounted Debug File System.
[[0;32m  OK  [0m] Mounted Debug File System.
[   42.202117] systemd[1]: Started Journal Service.
[[0;32m  OK  [0m] Started Journal Service.
[[0;32m  OK  [0m] Started Remount Root and Kernel File Systems.
[[0;32m  OK  [0m] Started Uncomplicated firewall.
[[0;32m  OK  [0m] Started Load Kernel Modules.
[[0;32m  OK  [0m] Started Set console keymap.
[[0;32m  OK  [0m] Started Create list of required sta...ce nodes for the current kernel.
[[0;32m  OK  [0m] Started Nameserver information manager.
[[0;32m  OK  [0m] Started LVM2 metadata daemon.
         Starting Create Static Device Nodes in /dev...
         Starting Apply Kernel Variables...
         Mounting FUSE Control File System...
         Starting Initial cloud-init job (pre-networking)...
         Starting udev Coldplug all Devices...
         Starting Load/Save Random Seed...
         Starting Flush Journal to Persistent Storage...
[[0;32m  OK  [0m] Mounted FUSE Control File System.
[[0;32m  OK  [0m] Started Monitoring of LVM2 mirrors,...ng dmeventd or progress polling.
[[0;32m  OK  [0m] Started Create Static Device Nodes in /dev.
[[0;32m  OK  [0m] Started Apply Kernel Variables.
[[0;32m  OK  [0m] Started Load/Save Random Seed.
[[0;32m  OK  [0m] Started udev Coldplug all Devices.
[[0;32m  OK  [0m] Started Flush Journal to Persistent Storage.
         Starting udev Kernel Device Manager...
[[0;32m  OK  [0m] Started udev Kernel Device Manager.
[[0;32m  OK  [0m] Started Dispatch Password Requests to Console Directory Watch.
[[0;32m  OK  [0m] Reached target Local File Systems (Pre).
[[0;32m  OK  [0m] Reached target Local File Systems.
         Starting Set console font and keymap...
         Starting Create Volatile Files and Directories...
         Starting Tell Plymouth To Write Out Runtime Data...
         Starting LSB: AppArmor initialization...
[[0;32m  OK  [0m] Started Create Volatile Files and Directories.
[[0;32m  OK  [0m] Started Tell Plymouth To Write Out Runtime Data.
[   29.785994] cloud-init[481]: Cloud-init v. 0.7.8 running 'init-local' at Tue, 14 Mar 2017 02:17:34 +0000. Up 29.44 seconds.
[[0;32m  OK  [0m] Started Initial cloud-init job (pre-networking).
[[0;32m  OK  [0m] Started Set console font and keymap.
[[0;32m  OK  [0m] Found device /dev/ttyS0.
[[0;32m  OK  [0m] Started LSB: AppArmor initialization.
[[0;32m  OK  [0m] Listening on Load/Save RF Kill Switch Status /dev/rfkill Watch.
[[0;32m  OK  [0m] Created slice system-getty.slice.
[[0;32m  OK  [0m] Reached target Network (Pre).
[[0;32m  OK  [0m] Started ifup for enp0s3.
         Starting Raise network interfaces...
         Starting Update UTMP about System Boot/Shutdown...
[[0;32m  OK  [0m] Reached target System Time Synchronized.
[[0;32m  OK  [0m] Started Update UTMP about System Boot/Shutdown.
[[0;1;31mFAILED[0m] Failed to start Raise network interfaces.
See 'systemctl status networking.service' for details.
[[0;32m  OK  [0m] Reached target Network.
         Starting Initial cloud-init job (metadata service crawler)...
[   32.958413] cloud-init[1089]: Cloud-init v. 0.7.8 running 'init' at Tue, 14 Mar 2017 02:17:37 +0000. Up 32.76 seconds.
[[0;32m  OK  [0m] Started Initial cloud-init job (metadata service crawler).
[   33.071550] cloud-init[1089]: ci-info: +++++++++++++++++++++++++++++++++++++Net device info++++++++++++++++++++++++++++++++++++++
[   33.240564] cloud-init[1089]: ci-info: +--------+------+----------------------------+---------------+-------+-------------------+
[   33.328492] cloud-init[1089]: ci-info: | Device |  Up  |          Address           |      Mask     | Scope |     Hw-Address    |
[   33.424494] cloud-init[1089]: ci-info: +--------+------+----------------------------+---------------+-------+-------------------+
[[   33.524269] cloud-init[1089]: ci-info: |   lo   | True |         127.0.0.1          |   255.0.0.0   |   .   |         .         |
[   33.524573] cloud-init[1089]: ci-info: |   lo   | True |          ::1/128           |       .       |  host |         .         |
[   33.524615] cloud-init[1089]: ci-info: | enp0s3 | True |         10.0.2.15          | 255.255.255.0 |   .   | 02:f2:f2:0c:4e:d5 |
[   33.524652] cloud-init[1089]: ci-info: | enp0s3 | True | fe80::f2:f2ff:fe0c:4ed5/64 |       .       |  link | 02:f2:f2:0c:4e:d5 |
[   33.524690] cloud-init[1089]: ci-info: +--------+------+----------------------------+---------------+-------+-------------------+
[   33.524726] cloud-init[1089]: ci-info: +++++++++++++++++++++++++++Route IPv4 info++++++++++++++++++++++++++++
[   33.524763] cloud-init[1089]: ci-info: +-------+-------------+----------+---------------+-----------+-------+
[   33.524799] cloud-init[1089]: ci-info: | Route | Destination | Gateway  |    Genmask    | Interface | Flags |
[   33.524836] cloud-init[1089]: ci-info: +-------+-------------+----------+---------------+-----------+-------+
[   33.524879] cloud-init[1089]: ci-info: |   0   |   0.0.0.0   | 10.0.2.2 |    0.0.0.0    |   enp0s3  |   UG  |
[   33.524919] cloud-init[1089]: ci-info: |   1   |   10.0.2.0  | 0.0.0.0  | 255.255.255.0 |   enp0s3  |   U   |
[   33.524956] cloud-init[1089]: ci-info: +-------+-------------+----------+---------------+-----------+-------+
[0;32m  OK  [0m] Reached target Cloud-config availability.
[[0;32m  OK  [0m] Reached target Network is Online.
         Starting iSCSI initiator daemon (iscsid)...
[[0;32m  OK  [0m] Reached target System Initialization.
[[0;32m  OK  [0m] Started Daily apt activities.
[[0;32m  OK  [0m] Listening on D-Bus System Message Bus Socket.
         Starting LXD - unix socket.
[[0;32m  OK  [0m] Started Timer to automatically refresh installed snaps.
         Starting Socket activation for snappy daemon.
[[0;32m  OK  [0m] Started Daily Cleanup of Temporary Directories.
[[0;32m  OK  [0m] Reached target Timers.
[[0;32m  OK  [0m] Listening on ACPID Listen Socket.
[[0;32m  OK  [0m] Started ACPI Events Check.
[[0;32m  OK  [0m] Started Trigger resolvconf update for networkd DNS.
[[0;32m  OK  [0m] Reached target Paths.
[[0;32m  OK  [0m] Listening on UUID daemon activation socket.
[[0;32m  OK  [0m] Listening on LXD - unix socket.
[[0;32m  OK  [0m] Listening on Socket activation for snappy daemon.
[[0;32m  OK  [0m] Started iSCSI initiator daemon (iscsid).
         Starting Login to default iSCSI targets...
[[0;32m  OK  [0m] Reached target Sockets.
[[0;32m  OK  [0m] Reached target Basic System.
         Starting Apply the settings specified in cloud-config...
         Starting /etc/rc.local Compatibility...
         Starting System Logging Service...
[[0;32m  OK  [0m] Started Deferred execution scheduler.
         Starting OpenBSD Secure Shell server...
[[0;32m  OK  [0m] Started ACPI event daemon.
         Starting LSB: MD monitoring daemon...
[   35.724028] cloud-init[1145]: Cloud-init v. 0.7.8 running 'modules:config' at Tue, 14 Mar 2017 02:17:40 +0000. Up 35.64 seconds.
[[0;32m  OK  [0m] Started FUSE filesystem for LXC.
         Starting LXD - container startup/shutdown...
[[0;32m  OK  [0m] Started Snappy daemon.
         Starting Accounts Service...
         Starting Login Service...
         Starting MySQL Community Server...
         Starting LSB: Record successful boot for GRUB...
[[0;32m  OK  [0m] Started Regular background program processing daemon.
         Starting Auto import assertions from block devices...
[[0;32m  OK  [0m] Started D-Bus System Message Bus.
[[0;32m  OK  [0m] Started System Logging Service.
[[0;32m  OK  [0m] Started OpenBSD Secure Shell server.
[[0;32m  OK  [0m] Started Apply the settings specified in cloud-config.
[[0;32m  OK  [0m] Started /etc/rc.local Compatibility.
[[0;32m  OK  [0m] Started LXD - container startup/shutdown.
[[0;32m  OK  [0m] Started Auto import assertions from block devices.
[[0;32m  OK  [0m] Started Login to default iSCSI targets.
[[0;32m  OK  [0m] Started LSB: MD monitoring daemon.
[[0;32m  OK  [0m] Started LSB: Record successful boot for GRUB.
[[0;32m  OK  [0m] Started Login Service.
         Starting Authenticate and Authorize Users to Run Privileged Tasks...
[[0;32m  OK  [0m] Reached target Remote File Systems (Pre).
[[0;32m  OK  [0m] Reached target Remote File Systems.
         Starting LSB: Set the CPU Frequency Scaling governor to "ondemand"...
         Starting LSB: VirtualBox Linux Additions...
         Starting LSB: Apache2 web server...
         Starting LSB: automatic crash report generation...
         Starting Permit User Sessions...
         Starting LSB: daemon to balance interrupts for SMP systems...
[[0;32m  OK  [0m] Started Permit User Sessions.
[[0;32m  OK  [0m] Started Authenticate and Authorize Users to Run Privileged Tasks.
[[0;32m  OK  [0m] Started Accounts Service.
[[0;32m  OK  [0m] Started LSB: Set the CPU Frequency Scaling governor to "ondemand".
[[0;32m  OK  [0m] Started LSB: VirtualBox Linux Additions.
[[0;32m  OK  [0m] Created slice User Slice of ubuntu.
         Starting User Manager for UID 1000...
         Starting Terminate Plymouth Boot Screen...
         Starting Hold until boot process finishes up...
[[0;32m  OK  [0m] Started User Manager for UID 1000.
[[0;32m  OK  [0m] Started LSB: automatic crash report generation.
[[0;32m  OK  [0m] Started LSB: daemon to balance interrupts for SMP systems.
[[0;32m  OK  [0m] Started Terminate Plymouth Boot Screen.
[[0;32m  OK  [0m] Started Hold until boot process finishes up.
[[0;32m  OK  [0m] Started Session 1 of user ubuntu.
[[0;32m  OK  [0m] Started Getty on tty1.
[[0;32m  OK  [0m] Started Serial Getty on ttyS0.
[[0;32m  OK  [0m] Reached target Login Prompts.
         Starting Set console scheme...
[[0;32m  OK  [0m] Started MySQL Community Server.
[[0;32m  OK  [0m] Started Set console scheme.
[[0;32m  OK  [0m] Started LSB: Apache2 web server.
[[0;32m  OK  [0m] Reached target Multi-User System.
         Starting Execute cloud user/final scripts...
[[0;32m  OK  [0m] Reached target Graphical Interface.
         Starting Update UTMP about System Runlevel Changes...
[[0;32m  OK  [0m] Started Update UTMP about System Runlevel Changes.
[   38.527570] cloud-init[1463]: Cloud-init v. 0.7.8 running 'modules:final' at Tue, 14 Mar 2017 02:17:43 +0000. Up 38.41 seconds.
[   38.604516] [cloud-init[0;32m  OK  [0m[1463]: ] Cloud-init v. 0.7.8 finished at Tue, 14 Mar 2017 02:17:43 +0000. Datasource DataSourceNoCloud [seed=/dev/sdb][dsmode=net].  Up 38.51 secondsStarted Execute cloud user/final scripts.

[[0;32m  OK  [0m] Reached target Cloud-init target.

Ubuntu 16.04.2 LTS ubuntu-xenial ttyS0

ubuntu-xenial login: 