[    0.000000] Initializing cgroup subsys cpuset
[    0.000000] Initializing cgroup subsys cpu
[    0.000000] Initializing cgroup subsys cpuacct
[    0.000000] Linux version 4.4.0-66-generic (buildd@lgw01-28) (gcc version 5.4.0 20160609 (Ubuntu 5.4.0-6ubuntu1~16.04.4) ) #87-Ubuntu SMP Fri Mar 3 15:29:05 UTC 2017 (Ubuntu 4.4.0-66.87-generic 4.4.44)
[    0.000000] Command line: BOOT_IMAGE=/boot/vmlinuz-4.4.0-66-generic root=UUID=7664720c-3742-49b9-b4d5-196d2a148900 ro console=tty1 console=ttyS0
[    0.000000] KERNEL supported cpus:
[    0.000000]   Intel GenuineIntel
[    0.000000]   AMD AuthenticAMD
[    0.000000]   Centaur CentaurHauls
[    0.000000] x86/fpu: xstate_offset[2]:  576, xstate_sizes[2]:  256
[    0.000000] x86/fpu: Supporting XSAVE feature 0x01: 'x87 floating point registers'
[    0.000000] x86/fpu: Supporting XSAVE feature 0x02: 'SSE registers'
[    0.000000] x86/fpu: Supporting XSAVE feature 0x04: 'AVX registers'
[    0.000000] x86/fpu: Enabled xstate features 0x7, context size is 832 bytes, using 'standard' format.
[    0.000000] x86/fpu: Using 'lazy' FPU context switches.
[    0.000000] e820: BIOS-provided physical RAM map:
[    0.000000] BIOS-e820: [mem 0x0000000000000000-0x000000000009fbff] usable
[    0.000000] BIOS-e820: [mem 0x000000000009fc00-0x000000000009ffff] reserved
[    0.000000] BIOS-e820: [mem 0x00000000000f0000-0x00000000000fffff] reserved
[    0.000000] BIOS-e820: [mem 0x0000000000100000-0x000000003ffeffff] usable
[    0.000000] BIOS-e820: [mem 0x000000003fff0000-0x000000003fffffff] ACPI data
[    0.000000] BIOS-e820: [mem 0x00000000fec00000-0x00000000fec00fff] reserved
[    0.000000] BIOS-e820: [mem 0x00000000fee00000-0x00000000fee00fff] reserved
[    0.000000] BIOS-e820: [mem 0x00000000fffc0000-0x00000000ffffffff] reserved
[    0.000000] NX (Execute Disable) protection: active
[    0.000000] SMBIOS 2.5 present.
[    0.000000] Hypervisor detected: KVM
[    0.000000] e820: last_pfn = 0x3fff0 max_arch_pfn = 0x400000000
[    0.000000] MTRR: Disabled
[    0.000000] x86/PAT: MTRRs disabled, skipping PAT initialization too.
[    0.000000] x86/PAT: Configuration [0-7]: WB  WT  UC- UC  WB  WT  UC- UC  
[    0.000000] CPU MTRRs all blank - virtualized system.
[    0.000000] found SMP MP-table at [mem 0x0009fff0-0x0009ffff] mapped at [ffff88000009fff0]
[    0.000000] Scanning 1 areas for low memory corruption
[    0.000000] RAMDISK: [mem 0x3623a000-0x37114fff]
[    0.000000] ACPI: Early table checksum verification disabled
[    0.000000] ACPI: RSDP 0x00000000000E0000 000024 (v02 VBOX  )
[    0.000000] ACPI: XSDT 0x000000003FFF0030 00003C (v01 VBOX   VBOXXSDT 00000001 ASL  00000061)
[    0.000000] ACPI: FACP 0x000000003FFF00F0 0000F4 (v04 VBOX   VBOXFACP 00000001 ASL  00000061)
[    0.000000] ACPI: DSDT 0x000000003FFF0470 00210F (v01 VBOX   VBOXBIOS 00000002 INTL 20100528)
[    0.000000] ACPI: FACS 0x000000003FFF0200 000040
[    0.000000] ACPI: FACS 0x000000003FFF0200 000040
[    0.000000] ACPI: APIC 0x000000003FFF0240 00005C (v02 VBOX   VBOXAPIC 00000001 ASL  00000061)
[    0.000000] ACPI: SSDT 0x000000003FFF02A0 0001CC (v01 VBOX   VBOXCPUT 00000002 INTL 20100528)
[    0.000000] No NUMA configuration found
[    0.000000] Faking a node at [mem 0x0000000000000000-0x000000003ffeffff]
[    0.000000] NODE_DATA(0) allocated [mem 0x3ffeb000-0x3ffeffff]
[    0.000000] kvm-clock: Using msrs 4b564d01 and 4b564d00
[    0.000000] kvm-clock: cpu 0, msr 0:3ffe3001, primary cpu clock
[    0.000000] kvm-clock: using sched offset of 3203187988 cycles
[    0.000000] clocksource: kvm-clock: mask: 0xffffffffffffffff max_cycles: 0x1cd42e4dffb, max_idle_ns: 881590591483 ns
[    0.000000] Zone ranges:
[    0.000000]   DMA      [mem 0x0000000000001000-0x0000000000ffffff]
[    0.000000]   DMA32    [mem 0x0000000001000000-0x000000003ffeffff]
[    0.000000]   Normal   empty
[    0.000000]   Device   empty
[    0.000000] Movable zone start for each node
[    0.000000] Early memory node ranges
[    0.000000]   node   0: [mem 0x0000000000001000-0x000000000009efff]
[    0.000000]   node   0: [mem 0x0000000000100000-0x000000003ffeffff]
[    0.000000] Initmem setup node 0 [mem 0x0000000000001000-0x000000003ffeffff]
[    0.000000] ACPI: PM-Timer IO Port: 0x4008
[    0.000000] IOAPIC[0]: apic_id 2, version 32, address 0xfec00000, GSI 0-23
[    0.000000] ACPI: INT_SRC_OVR (bus 0 bus_irq 0 global_irq 2 dfl dfl)
[    0.000000] ACPI: INT_SRC_OVR (bus 0 bus_irq 9 global_irq 9 high level)
[    0.000000] Using ACPI (MADT) for SMP configuration information
[    0.000000] smpboot: Allowing 2 CPUs, 0 hotplug CPUs
[    0.000000] PM: Registered nosave memory: [mem 0x00000000-0x00000fff]
[    0.000000] PM: Registered nosave memory: [mem 0x0009f000-0x0009ffff]
[    0.000000] PM: Registered nosave memory: [mem 0x000a0000-0x000effff]
[    0.000000] PM: Registered nosave memory: [mem 0x000f0000-0x000fffff]
[    0.000000] e820: [mem 0x40000000-0xfebfffff] available for PCI devices
[    0.000000] Booting paravirtualized kernel on KVM
[    0.000000] clocksource: refined-jiffies: mask: 0xffffffff max_cycles: 0xffffffff, max_idle_ns: 7645519600211568 ns
[    0.000000] setup_percpu: NR_CPUS:512 nr_cpumask_bits:512 nr_cpu_ids:2 nr_node_ids:1
[    0.000000] PERCPU: Embedded 33 pages/cpu @ffff88003fc00000 s98264 r8192 d28712 u1048576
[    0.000000] PV qspinlock hash table entries: 256 (order: 0, 4096 bytes)
[    0.000000] Built 1 zonelists in Node order, mobility grouping on.  Total pages: 257913
[    0.000000] Policy zone: DMA32
[    0.000000] Kernel command line: BOOT_IMAGE=/boot/vmlinuz-4.4.0-66-generic root=UUID=7664720c-3742-49b9-b4d5-196d2a148900 ro console=tty1 console=ttyS0
[    0.000000] PID hash table entries: 4096 (order: 3, 32768 bytes)
[    0.000000] Memory: 997364K/1048120K available (8452K kernel code, 1293K rwdata, 3980K rodata, 1488K init, 1316K bss, 50756K reserved, 0K cma-reserved)
[    0.000000] SLUB: HWalign=64, Order=0-3, MinObjects=0, CPUs=2, Nodes=1
[    0.000000] Hierarchical RCU implementation.
[    0.000000] 	Build-time adjustment of leaf fanout to 64.
[    0.000000] 	RCU restricting CPUs from NR_CPUS=512 to nr_cpu_ids=2.
[    0.000000] RCU: Adjusting geometry for rcu_fanout_leaf=64, nr_cpu_ids=2
[    0.000000] NR_IRQS:33024 nr_irqs:440 16
[    0.000000] Console: colour VGA+ 80x25
[    0.000000] console [tty1] enabled
[    0.000000] console [ttyS0] enabled
[    0.000000] tsc: Detected 2194.918 MHz processor
[   12.410575] Calibrating delay loop (skipped) preset value.. 4389.83 BogoMIPS (lpj=8779672)
[   12.481202] pid_max: default: 32768 minimum: 301
[   12.532914] ACPI: Core revision 20150930
[   12.603961] ACPI: 2 ACPI AML tables successfully acquired and loaded
[   12.738386] Security Framework initialized
[   12.822920] Yama: becoming mindful.
[   12.898622] AppArmor: AppArmor initialized
[   13.004250] Dentry cache hash table entries: 131072 (order: 8, 1048576 bytes)
[   13.125027] Inode-cache hash table entries: 65536 (order: 7, 524288 bytes)
[   13.240666] Mount-cache hash table entries: 2048 (order: 2, 16384 bytes)
[   13.400524] Mountpoint-cache hash table entries: 2048 (order: 2, 16384 bytes)
[   13.565491] Initializing cgroup subsys io
[   13.651942] Initializing cgroup subsys memory
[   13.708253] Initializing cgroup subsys devices
[   13.753088] Initializing cgroup subsys freezer
[   13.770623] Initializing cgroup subsys net_cls
[   13.840429] Initializing cgroup subsys perf_event
[   13.920799] Initializing cgroup subsys net_prio
[   13.952678] Initializing cgroup subsys hugetlb
[   13.975591] Initializing cgroup subsys pids
[   13.996815] CPU: Physical Processor ID: 0
[   14.012749] CPU: Processor Core ID: 0
[   14.024083] mce: CPU supports 0 MCE banks
[   14.034742] Last level iTLB entries: 4KB 1024, 2MB 1024, 4MB 1024
[   14.043961] Last level dTLB entries: 4KB 1024, 2MB 1024, 4MB 1024, 1GB 4
[   14.062671] Freeing SMP alternatives memory: 32K (ffffffff820b9000 - ffffffff820c1000)
[   14.112444] ftrace: allocating 32123 entries in 126 pages
[   14.249604] smpboot: APIC(0) Converting physical 0 to logical package 0
[   14.262536] smpboot: Max logical packages: 1
[   14.324869] x2apic enabled
[   14.366381] Switched APIC routing to physical x2apic.
[   14.454585] ..TIMER: vector=0x30 apic1=0 pin1=2 apic2=-1 pin2=-1
[   14.654169] smpboot: CPU0: Intel(R) Core(TM) i7-4770HQ CPU @ 2.20GHz (family: 0x6, model: 0x46, stepping: 0x1)
[   14.833364] Performance Events: unsupported p6 CPU model 70 no PMU driver, software events only.
[   14.986834] KVM setup paravirtual spinlock
[   15.068295] x86: Booting SMP configuration:
[   15.170918] .... node  #0, CPUs:      #1
[   15.273127] kvm-clock: cpu 1, msr 0:3ffe3041, secondary cpu clock
[   15.322272] mce: CPU supports 0 MCE banks
[   15.341326] x86: Booted up 1 node, 2 CPUs
[   15.350669] smpboot: Total of 2 processors activated (8779.67 BogoMIPS)
[   15.355034] devtmpfs: initialized
[   15.421222] evm: security.selinux
[   15.495262] evm: security.SMACK64
[   15.565540] evm: security.SMACK64EXEC
[   15.614726] evm: security.SMACK64TRANSMUTE
[   15.666808] evm: security.SMACK64MMAP
[   15.737704] evm: security.ima
[   15.778085] evm: security.capability
[   15.782464] clocksource: jiffies: mask: 0xffffffff max_cycles: 0xffffffff, max_idle_ns: 7645041785100000 ns
[   15.861197] pinctrl core: initialized pinctrl subsystem
[   15.903041] RTC time:  3:47:03, date: 03/12/17
[   15.990319] NET: Registered protocol family 16
[   16.074628] cpuidle: using governor ladder
[   16.106771] cpuidle: using governor menu
[   16.157933] PCCT header not found.
[   16.184413] ACPI: bus type PCI registered
[   16.190845] acpiphp: ACPI Hot Plug PCI Controller Driver version: 0.5
[   16.229669] PCI: Using configuration type 1 for base access
[   16.311835] ACPI: Added _OSI(Module Device)
[   16.327364] ACPI: Added _OSI(Processor Device)
[   16.356095] ACPI: Added _OSI(3.0 _SCP Extensions)
[   16.398012] ACPI: Added _OSI(Processor Aggregator Device)
[   16.438415] ACPI: Executed 1 blocks of module-level executable AML code
[   16.509226] ACPI: Interpreter enabled
[   16.523466] ACPI: (supports S0 S5)
[   16.526480] ACPI: Using IOAPIC for interrupt routing
[   16.597064] PCI: Using host bridge windows from ACPI; if necessary, use "pci=nocrs" and report a bug
[   16.719409] ACPI: PCI Root Bridge [PCI0] (domain 0000 [bus 00-ff])
[   16.794970] acpi PNP0A03:00: _OSC: OS supports [ASPM ClockPM Segments MSI]
[   16.926483] acpi PNP0A03:00: _OSC failed (AE_NOT_FOUND); disabling ASPM
[   17.014299] acpi PNP0A03:00: fail to add MMCONFIG information, can't access extended PCI configuration space under this bridge.
[   17.142316] PCI host bridge to bus 0000:00
[   17.183076] pci_bus 0000:00: root bus resource [io  0x0000-0x0cf7 window]
[   17.279352] pci_bus 0000:00: root bus resource [io  0x0d00-0xffff window]
[   17.334545] pci_bus 0000:00: root bus resource [mem 0x000a0000-0x000bffff window]
[   17.450356] pci_bus 0000:00: root bus resource [mem 0x40000000-0xffdfffff window]
[   17.495641] pci_bus 0000:00: root bus resource [bus 00-ff]
[   17.547735] pci 0000:00:01.1: legacy IDE quirk: reg 0x10: [io  0x01f0-0x01f7]
[   17.561675] pci 0000:00:01.1: legacy IDE quirk: reg 0x14: [io  0x03f6]
[   17.562714] pci 0000:00:01.1: legacy IDE quirk: reg 0x18: [io  0x0170-0x0177]
[   17.563924] pci 0000:00:01.1: legacy IDE quirk: reg 0x1c: [io  0x0376]
[   17.577941] pci 0000:00:07.0: quirk: [io  0x4000-0x403f] claimed by PIIX4 ACPI
[   17.614816] pci 0000:00:07.0: quirk: [io  0x4100-0x410f] claimed by PIIX4 SMB
[   17.713662] ACPI: PCI Interrupt Link [LNKA] (IRQs 5 9 10 *11)
[   17.799806] ACPI: PCI Interrupt Link [LNKB] (IRQs 5 9 10 *11)
[   17.868453] ACPI: PCI Interrupt Link [LNKC] (IRQs 5 9 *10 11)
[   17.908378] ACPI: PCI Interrupt Link [LNKD] (IRQs 5 *9 10 11)
[   17.943024] ACPI: Enabled 2 GPEs in block 00 to 07
[   18.022740] vgaarb: setting as boot device: PCI:0000:00:02.0
[   18.147317] vgaarb: device added: PCI:0000:00:02.0,decodes=io+mem,owns=io+mem,locks=none
[   18.195960] vgaarb: loaded
[   18.231456] vgaarb: bridge control possible 0000:00:02.0
[   18.303016] SCSI subsystem initialized
[   18.366172] ACPI: bus type USB registered
[   18.456478] usbcore: registered new interface driver usbfs
[   18.563961] usbcore: registered new interface driver hub
[   18.630969] usbcore: registered new device driver usb
[   18.675382] PCI: Using ACPI for IRQ routing
[   18.761177] NetLabel: Initializing
[   18.841233] NetLabel:  domain hash size = 128
[   18.883220] NetLabel:  protocols = UNLABELED CIPSOv4
[   18.934148] NetLabel:  unlabeled traffic allowed by default
[   18.972534] amd_nb: Cannot enumerate AMD northbridges
[   19.011079] clocksource: Switched to clocksource kvm-clock
[   19.092515] AppArmor: AppArmor Filesystem Enabled
[   19.173632] pnp: PnP ACPI init
[   19.198203] pnp: PnP ACPI: found 3 devices
[   19.215830] clocksource: acpi_pm: mask: 0xffffff max_cycles: 0xffffff, max_idle_ns: 2085701024 ns
[   19.426650] NET: Registered protocol family 2
[   19.519195] TCP established hash table entries: 8192 (order: 4, 65536 bytes)
[   19.645417] TCP bind hash table entries: 8192 (order: 5, 131072 bytes)
[   19.658905] TCP: Hash tables configured (established 8192 bind 8192)
[   19.732418] UDP hash table entries: 512 (order: 2, 16384 bytes)
[   19.828452] UDP-Lite hash table entries: 512 (order: 2, 16384 bytes)
[   19.952671] NET: Registered protocol family 1
[   20.025084] pci 0000:00:00.0: Limiting direct PCI/PCI transfers
[   20.058964] pci 0000:00:01.0: Activating ISA DMA hang workarounds
[   20.095925] Trying to unpack rootfs image as initramfs...
[   20.396029] Freeing initrd memory: 15212K (ffff88003623a000 - ffff880037115000)
[   20.522290] platform rtc_cmos: registered platform RTC device (no PNP device found)
[   20.529238] Scanning for low memory corruption every 60 seconds
[   20.542014] futex hash table entries: 512 (order: 3, 32768 bytes)
[   20.564309] audit: initializing netlink subsys (disabled)
[   20.660731] audit: type=2000 audit(1489290414.716:1): initialized
[   20.787572] Initialise system trusted keyring
[   20.807843] HugeTLB registered 2 MB page size, pre-allocated 0 pages
[   20.837021] zbud: loaded
[   20.837793] VFS: Disk quotas dquot_6.6.0
[   20.838535] VFS: Dquot-cache hash table entries: 512 (order 0, 4096 bytes)
[   20.839828] squashfs: version 4.0 (2009/01/31) Phillip Lougher
[   20.841066] fuse init (API version 7.23)
[   20.841954] Key type big_key registered
[   20.842691] Allocating IMA MOK and blacklist keyrings.
[   20.927169] Key type asymmetric registered
[   21.027825] Asymmetric key parser 'x509' registered
[   21.114780] Block layer SCSI generic (bsg) driver version 0.4 loaded (major 249)
[   21.269641] io scheduler noop registered
[   21.351845] io scheduler deadline registered (default)
[   21.427922] io scheduler cfq registered
[   21.502281] pci_hotplug: PCI Hot Plug PCI Core version: 0.5
[   21.625154] tsc: Refined TSC clocksource calibration: 2195.030 MHz
[   21.635703] clocksource: tsc: mask: 0xffffffffffffffff max_cycles: 0x1fa3dbd4c47, max_idle_ns: 440795218471 ns
[   21.635790] pciehp: PCI Express Hot Plug Controller Driver version: 0.4
ÿ[   21.636274] ACPI: AC Adapter [AC] (off-line)
[   21.636342] input: Power Button as /devices/LNXSYSTM:00/LNXPWRBN:00/input/input0
[   21.636344] ACPI: Power Button [PWRF]
[   21.636412] input: Sleep Button as /devices/LNXSYSTM:00/LNXSLPBN:00/input/input1
[   21.636413] ACPI: Sleep Button [SLPF]
[   21.874425] GHES: HEST is not enabled!
[   21.875498] ACPI: Battery Slot [BAT0] (battery present)
[   21.875563] Serial: 8250/16550 driver, 32 ports, IRQ sharing enabled
[   22.047105] 00:02: ttyS0 at I/O 0x3f8 (irq = 4, base_baud = 115200) is a 16550A
[   22.176517] Linux agpgart interface v0.103
[   22.245985] brd: module loaded
[   22.246670] loop: module loaded
[   22.247147] scsi host0: ata_piix
[   22.247194] scsi host1: ata_piix
[   22.247220] ata1: PATA max UDMA/33 cmd 0x1f0 ctl 0x3f6 bmdma 0xd000 irq 14
[   22.247221] ata2: PATA max UDMA/33 cmd 0x170 ctl 0x376 bmdma 0xd008 irq 15
[   22.247284] libphy: Fixed MDIO Bus: probed
[   22.247286] tun: Universal TUN/TAP device driver, 1.6
[   22.247286] tun: (C) 1999-2004 Max Krasnyansky <maxk@qualcomm.com>
[   22.247549] PPP generic driver version 2.4.2
[   22.247595] ehci_hcd: USB 2.0 'Enhanced' Host Controller (EHCI) Driver
[   22.247599] ehci-pci: EHCI PCI platform driver
[   22.247611] ehci-platform: EHCI generic platform driver
[   22.247618] ohci_hcd: USB 1.1 'Open' Host Controller (OHCI) Driver
[   22.247620] ohci-pci: OHCI PCI platform driver
[   22.247627] ohci-platform: OHCI generic platform driver
[   22.247633] uhci_hcd: USB Universal Host Controller Interface driver
[   22.247681] i8042: PNP: PS/2 Controller [PNP0303:PS2K,PNP0f03:PS2M] at 0x60,0x64 irq 1,12
[   22.269284] serio: i8042 KBD port at 0x60,0x64 irq 1
[   22.269291] serio: i8042 AUX port at 0x60,0x64 irq 12
[   22.269424] mousedev: PS/2 mouse device common for all mice
[   22.269721] rtc_cmos rtc_cmos: rtc core: registered rtc_cmos as rtc0
[   22.269849] rtc_cmos rtc_cmos: alarms up to one day, 114 bytes nvram
[   22.269862] i2c /dev entries driver
[   22.270001] device-mapper: uevent: version 1.0.3
[   22.270077] device-mapper: ioctl: 4.34.0-ioctl (2015-10-28) initialised: dm-devel@redhat.com
[   22.270101] ledtrig-cpu: registered to indicate activity on CPUs
[   22.270453] NET: Registered protocol family 10
[   22.270617] NET: Registered protocol family 17
[   22.270625] Key type dns_resolver registered
[   22.280378] microcode: CPU0 sig=0x40661, pf=0x40, revision=0x0
[   22.280453] microcode: CPU1 sig=0x40661, pf=0x40, revision=0x0
[   22.280505] microcode: Microcode Update Driver: v2.01 <tigran@aivazian.fsnet.co.uk>, Peter Oruba
[   22.280619] registered taskstats version 1
[   22.280633] Loading compiled-in X.509 certificates
[   22.281208] Loaded X.509 cert 'Build time autogenerated kernel key: 32ca4feee90b5cde51f5f8c0e024b22f8c679982'
[   22.281228] zswap: loaded using pool lzo/zbud
[   22.282471] Key type trusted registered
[   22.284754] Key type encrypted registered
[   22.284759] AppArmor: AppArmor sha1 policy hashing enabled
[   22.284762] ima: No TPM chip found, activating TPM-bypass!
[   22.284779] evm: HMAC attrs: 0x1
[   22.285007]   Magic number: 9:433:765
[   22.494814] rtc_cmos rtc_cmos: setting system clock to 2017-03-12 03:47:09 UTC (1489290429)
[   22.494966] BIOS EDD facility v0.16 2004-Jun-25, 0 devices found
[   22.494967] EDD information not available.
[   22.936052] input: AT Translated Set 2 keyboard as /devices/platform/i8042/serio0/input/input2
[   25.796040] Freeing unused kernel memory: 1488K (ffffffff81f45000 - ffffffff820b9000)
[   26.154411] Write protecting the kernel read-only data: 14336k
[   26.231495] Freeing unused kernel memory: 1776K (ffff880001844000 - ffff880001a00000)
[   26.325391] Freeing unused kernel memory: 116K (ffff880001de3000 - ffff880001e00000)
Loading, please [   26.692334] random: systemd-udevd: uninitialized urandom read (16 bytes read, 4 bits of entropy available)
wait...
starting version 229
[   26.692823] random: udevadm: uninitialized urandom read (16 bytes read, 4 bits of entropy available)
[   26.692853] random: udevadm: uninitialized urandom read (16 bytes read, 4 bits of entropy available)
[   26.692956] random: udevadm: uninitialized urandom read (16 bytes read, 4 bits of entropy available)
[   26.692990] random: udevadm: uninitialized urandom read (16 bytes read, 4 bits of entropy available)
[   26.693034] random: udevadm: uninitialized urandom read (16 bytes read, 4 bits of entropy available)
[   26.693064] random: udevadm: uninitialized urandom read (16 bytes read, 4 bits of entropy available)
[   26.693115] random: udevadm: uninitialized urandom read (16 bytes read, 4 bits of entropy available)
[   26.693146] random: udevadm: uninitialized urandom read (16 bytes read, 4 bits of entropy available)
[   26.693176] random: udevadm: uninitialized urandom read (16 bytes read, 4 bits of entropy available)
[   27.609310] Fusion MPT base driver 3.04.20
[   27.624189] Copyright (c) 1999-2008 LSI Corporation
[   27.719930] e1000: Intel(R) PRO/1000 Network Driver - version 7.3.21-k8-NAPI
[   27.916307] e1000: Copyright (c) 1999-2006 Intel Corporation.
[   28.085513] Fusion MPT SPI Host driver 3.04.20
[   28.227243] AVX version of gcm_enc/dec engaged.
[   28.353536] AES CTR mode by8 optimization enabled
[   28.416035] input: ImExPS/2 Generic Explorer Mouse as /devices/platform/i8042/serio1/input/input4
[   28.605186] e1000 0000:00:03.0 eth0: (PCI:33MHz:32-bit) 02:f2:f2:0c:4e:d5
[   28.764757] e1000 0000:00:03.0 eth0: Intel(R) PRO/1000 Network Connection
[   28.957047] e1000 0000:00:03.0 enp0s3: renamed from eth0
[   29.135080] mptbase: ioc0: Initiating bringup
[   29.311726] ioc0: LSI53C1030 A0: Capabilities={Initiator}
[   29.633596] scsi host2: ioc0: LSI53C1030 A0, FwRev=00000000h, Ports=1, MaxQ=256, IRQ=20
[   30.004900] scsi 2:0:0:0: Direct-Access     VBOX     HARDDISK         1.0  PQ: 0 ANSI: 5
[   30.224730] scsi target2:0:0: Beginning Domain Validation
[   30.466121] scsi target2:0:0: Domain Validation skipping write tests
[   30.567469] scsi target2:0:0: Ending Domain Validation
[   30.582486] scsi target2:0:0: asynchronous
[   30.626194] scsi 2:0:1:0: Direct-Access     VBOX     HARDDISK         1.0  PQ: 0 ANSI: 5
[   30.963316] floppy0: no floppy controllers found
[   30.963317] scsi target2:0:1: Beginning Domain Validation
[   31.255458] scsi target2:0:1: Domain Validation skipping write tests
[   31.544748] scsi target2:0:1: Ending Domain Validation
[   31.644786] scsi target2:0:1: asynchronous
[   31.670469] sd 2:0:0:0: Attached scsi generic sg0 type 0
[   31.675296] sd 2:0:0:0: [sda] 20971520 512-byte logical blocks: (10.7 GB/10.0 GiB)
[   31.676838] sd 2:0:0:0: [sda] Write Protect is off
[   31.677861] sd 2:0:0:0: [sda] Incomplete mode parameter data
[   31.678772] sd 2:0:0:0: [sda] Assuming drive cache: write through
[   31.680297] sd 2:0:1:0: [sdb] 20480 512-byte logical blocks: (10.5 MB/10.0 MiB)
[   31.681800] sd 2:0:1:0: Attached scsi generic sg1 type 0
[   31.952421] sd 2:0:1:0: [sdb] Write Protect is off
[   32.185284] sd 2:0:1:0: [sdb] Incomplete mode parameter data
[   32.187202]  sda: sda1
[   32.424145] sd 2:0:0:0: [sda] Attached SCSI disk
[   32.720638] sd 2:0:1:0: [sdb] Assuming drive cache: write through
[   32.744837] sd 2:0:1:0: [sdb] Attached SCSI disk
Begin: Loading e[   34.092845] md: linear personality registered for level -1
ssential drivers[   34.258252] md: multipath personality registered for level -4
 ... [   34.440076] md: raid0 personality registered for level 0
[   34.580372] md: raid1 personality registered for level 1
[   34.795606] raid6: sse2x1   gen() 10041 MB/s
[   34.955668] raid6: sse2x1   xor()  7562 MB/s
[   35.147612] raid6: sse2x2   gen() 13125 MB/s
[   35.303159] raid6: sse2x2   xor()  8261 MB/s
[   35.491092] raid6: sse2x4   gen() 13876 MB/s
[   35.683188] raid6: sse2x4   xor() 10090 MB/s
[   35.794280] raid6: using algorithm sse2x4 gen() 13876 MB/s
[   35.952612] raid6: .... xor() 10090 MB/s, rmw enabled
[   36.002154] raid6: using ssse3x2 recovery algorithm
[   36.004527] xor: automatically using best checksumming function:
[   36.375347]    avx       : 21117.000 MB/sec
[   36.682148] async_tx: api initialized (async)
[   36.809165] md: raid6 personality registered for level 6
[   36.975371] md: raid5 personality registered for level 5
[   37.063818] md: raid4 personality registered for level 4
[   37.137119] md: raid10 personality registered for level 10
done.
Begin: Running /scripts/init-p[   37.214964] Btrfs loaded
remount ... done.
Begin: Mounting root file system ... Begin: Running /scripts/local-top ... done.
Begin: Running /scripts/local-premount ... Scanning for Btrfs filesystems
done.
Warning: fsck not present, so sk[   37.352346] EXT4-fs (sda1): mounted filesystem with ordered data mode. Opts: (null)
ipping root file system
done.
Begin: Running /scripts/local-bottom ... done.
Begin: Running /scripts/init-bottom ... done.
[   37.428255] systemd[1]: systemd 229 running in system mode. (+PAM +AUDIT +SELINUX +IMA +APPARMOR +SMACK +SYSVINIT +UTMP +LIBCRYPTSETUP +GCRYPT +GNUTLS +ACL +XZ -LZ4 +SECCOMP +BLKID +ELFUTILS +KMOD -IDN)
[   37.730909] systemd[1]: Detected virtualization oracle.
[   37.774704] systemd[1]: Detected architecture x86-64.

Welcome to [1mUbuntu 16.04.2 LTS[0m!

[   37.911310] systemd[1]: Set hostname to <ubuntu-xenial>.
[   38.114570] systemd[1]: Set up automount Arbitrary Executable File Formats File System Automount Point.
[[0;32m  OK  [0m] Set up automount Arbitrary Executab...ats File System Automount Point.
[   38.161235] systemd[1]: Reached target Encrypted Volumes.
[[0;32m  OK  [0m] Reached target Encrypted Volumes.
[   38.163294] systemd[1]: Listening on LVM2 metadata daemon socket.
[[0;32m  OK  [0m] Listening on LVM2 metadata daemon socket.
[   38.211865] systemd[1]: Listening on LVM2 poll daemon socket.
[[0;32m  OK  [0m] Listening on LVM2 poll daemon socket.
[   38.387508] systemd[1]: Reached target Swap.
[[0;32m  OK  [0m] Reached target Swap.
[   38.531660] systemd[1]: Listening on udev Kernel Socket.
[[0;32m  OK  [0m] Listening on udev Kernel Socket.
[   38.687940] systemd[1]: Created slice System Slice.
[[0;32m  OK  [0m] Created slice System Slice.
[   38.851962] systemd[1]: Created slice system-serial\x2dgetty.slice.
[[0;32m  OK  [0m] Created slice system-serial\x2dgetty.slice.
[   39.071900] systemd[1]: Listening on Syslog Socket.
[[0;32m  OK  [0m] Listening on Syslog Socket.
[   39.211343] systemd[1]: Reached target User and Group Name Lookups.
[[0;32m  OK  [0m] Reached target User and Group Name Lookups.
[   39.383410] systemd[1]: Listening on Journal Socket.
[[0;32m  OK  [0m] Listening on Journal Socket.
[   39.515531] systemd[1]: Starting Nameserver information manager...
         Starting Nameserver information manager...
[   39.671476] systemd[1]: Mounting POSIX Message Queue File System...
         Mounting POSIX Message Queue File System...
[   39.875694] systemd[1]: Starting Create list of required static device nodes for the current kernel...
         Starting Create list of required st... nodes for the current kernel...
[   40.131500] systemd[1]: Starting Load Kernel Modules...
         Starting Load Ke[   40.191192] Loading iSCSI transport class v2.0-870.
rnel Modules...
[   40.278685] iscsi: registered transport (tcp)
[   40.303374] systemd[1]: Starting Uncomplicated firewall...
         Starting Uncomplicated firewall.[   40.347890] iscsi: registered transport (iser)
..
[   40.443736] systemd[1]: Started Forward Password Requests to Wall Directory Watch.
[[0;32m  OK  [0m] Started Forward Password Requests to Wall Directory Watch.
[   40.687790] systemd[1]: Starting Remount Root and Kernel File Systems...
[   40.835308] random: nonblocking pool is initialized
         [   40.927980] EXT4-fs (sda1): re-mounted. Opts: (null)
Starting Remount Root and Kernel File Systems...
[   41.067455] systemd[1]: Listening on Device-mapper event daemon FIFOs.
[[0;32m  OK  [0m] Listening on Device-mapper event daemon FIFOs.
[   41.175383] systemd[1]: Starting Monitoring of LVM2 mirrors, snapshots etc. using dmeventd or progress polling...
         Starting Monitoring of LVM2 mirrors... dmeventd or progress polling...
[   41.252206] systemd[1]: Listening on Journal Audit Socket.
[[0;32m  OK  [0m] Listening on Journal Audit Socket.
[   41.368027] systemd[1]: Created slice User and Session Slice.
[[0;32m  OK  [0m] Created slice User and Session Slice.
[   41.451362] systemd[1]: Reached target Slices.
[[0;32m  OK  [0m] Reached target Slices.
[   41.555274] systemd[1]: Mounting Huge Pages File System...
         Mounting Huge Pages File System...
[   41.691547] systemd[1]: Listening on udev Control Socket.
[[0;32m  OK  [0m] Listening on udev Control Socket.
[   41.835618] systemd[1]: Listening on Journal Socket (/dev/log).
[[0;32m  OK  [0m] Listening on Journal Socket (/dev/log).
[   42.055815] systemd[1]: Starting Journal Service...
         Starting Journal Service...
[   42.175719] systemd[1]: Starting Set console keymap...
         Starting Set console keymap...
[   42.307499] systemd[1]: Listening on /dev/initctl Compatibility Named Pipe.
[[0;32m  OK  [0m] Listening on /dev/initctl Compatibility Named Pipe.
[   42.523330] systemd[1]: Mounting Debug File System...
         Mounting Debug File System...
[   42.595898] systemd[1]: Mounted POSIX Message Queue File System.
[[0;32m  OK  [0m] Mounted POSIX Message Queue File System.
[   42.703583] systemd[1]: Mounted Huge Pages File System.
[[0;32m  OK  [0m] Mounted Huge Pages File System.
[   42.779467] systemd[1]: Mounted Debug File System.
[[0;32m  OK  [0m] Mounted Debug File System.
[   42.798124] systemd[1]: Started Journal Service.
[[0;32m  OK  [0m] Started Journal Service.
[[0;32m  OK  [0m] Started Create list of required sta...ce nodes for the current kernel.
[[0;32m  OK  [0m] Started Load Kernel Modules.
[[0;32m  OK  [0m] Started Uncomplicated firewall.
[[0;32m  OK  [0m] Started Remount Root and Kernel File Systems.
[[0;32m  OK  [0m] Started Set console keymap.
[[0;32m  OK  [0m] Started Nameserver information manager.
[[0;32m  OK  [0m] Started LVM2 metadata daemon.
         Starting Initial cloud-init job (pre-networking)...
         Starting udev Coldplug all Devices...
         Starting Load/Save Random Seed...
         Mounting FUSE Control File System...
         Starting Apply Kernel Variables...
         Starting Create Static Device Nodes in /dev...
         Starting Flush Journal to Persistent Storage...
[[0;32m  OK  [0m] Mounted FUSE Control File System.
[[0;32m  OK  [0m] Started Load/Save Random Seed.
[[0;32m  OK  [0m] Started Apply Kernel Variables.
[[0;32m  OK  [0m] Started Monitoring of LVM2 mirrors,...ng dmeventd or progress polling.
[[0;32m  OK  [0m] Started Create Static Device Nodes in /dev.
[[0;32m  OK  [0m] Started udev Coldplug all Devices.
[[0;32m  OK  [0m] Started Flush Journal to Persistent Storage.
         Starting udev Kernel Device Manager...
[[0;32m  OK  [0m] Started udev Kernel Device Manager.
[[0;32m  OK  [0m] Reached target Local File Systems (Pre).
[[0;32m  OK  [0m] Reached target Local File Systems.
         Starting Tell Plymouth To Write Out Runtime Data...
         Starting Create Volatile Files and Directories...
[   25.628889] cloud-init[472]: Cloud-init v. 0.7.8 running 'init-local' at Sun, 12 Mar 2017 03:47:30 +0000. Up 25.30 seconds.
         Starting LSB: AppArmor initialization...
         Starting Set console font and keymap...
[[0;32m  OK  [0m] Started Dispatch Password Requests to Console Directory Watch.
[[0;32m  OK  [0m] Started Tell Plymouth To Write Out Runtime Data.
[[0;32m  OK  [0m] Started Create Volatile Files and Directories.
[[0;32m  OK  [0m] Started Initial cloud-init job (pre-networking).
[[0;32m  OK  [0m] Found device /dev/ttyS0.
[[0;32m  OK  [0m] Started LSB: AppArmor initialization.
[[0;32m  OK  [0m] Started Set console font and keymap.
[[0;32m  OK  [0m] Listening on Load/Save RF Kill Switch Status /dev/rfkill Watch.
[[0;32m  OK  [0m] Created slice system-getty.slice.
[[0;32m  OK  [0m] Reached target Network (Pre).
[[0;32m  OK  [0m] Started ifup for enp0s3.
         Starting Raise network interfaces...
[[0;32m  OK  [0m] Reached target System Time Synchronized.
         Starting Update UTMP about System Boot/Shutdown...
[[0;32m  OK  [0m] Found device 82540EM Gigabit Ethern...r (PRO/1000 MT Desktop Adapter).
[[0;32m  OK  [0m] Started Update UTMP about System Boot/Shutdown.
[[0;1;31mFAILED[0m] Failed to start Raise network interfaces.
See 'systemctl status networking.service' for details.
[[0;32m  OK  [0m] Reached target Network.
         Starting Initial cloud-init job (metadata service crawler)...
[   29.270173] cloud-init[1077]: Cloud-init v. 0.7.8 running 'init' at Sun, 12 Mar 2017 03:47:34 +0000. Up 29.05 seconds.
[   29.368615] [cloud-init[0;32m  OK  [0m[1077]: ] ci-info: +++++++++++++++++++++++++++++++++++++Net device info++++++++++++++++++++++++++++++++++++++Started Initial cloud-init job (metadata service crawler).

[   29.369196] cloud-init[1077]: ci-info: +--------+------+----------------------------+---------------+-------+-------------------+
[   29.536649] [cloud-init[0;32m  OK  [0m[1077]: ] ci-info: | Device |  Up  |          Address           |      Mask     | Scope |     Hw-Address    |Reached target Network is Online.

[   29.536988] cloud-init[1077]: ci-info: +--------+------+----------------------------+---------------+-------+-------------------+
[   29.732860]          cloud-initStarting iSCSI initiator daemon (iscsid)...[1077]: 
ci-info: |   lo   | True |         127.0.0.1          |   255.0.0.0   |   .   |         .         |
[   29.852678] [[0;32m  OK  [0m] Reached target Cloud-config availability.
cloud-init[1077]: ci-info: |   lo   | True |          ::1/128           |       .       |  host |         .         |
[   29.981072] [cloud-init[0;32m  OK  [0m[1077]: ] ci-info: | enp0s3 | True |         10.0.2.15          | 255.255.255.0 |   .   | 02:f2:f2:0c:4e:d5 |Reached target System Initialization.

[   29.981748] cloud-init[1077]: ci-info: | enp0s3 | True | fe80::f2:f2ff:fe0c:4ed5/64 |       .       |  link | 02:f2:f2:0c:4e:d5 |
[   30.176913]          cloud-initStarting LXD - unix socket.[1077]: 
ci-info: +--------+------+----------------------------+---------------+-------+-------------------+
[[0;32m  OK  [0m] Started Daily Cleanup of Temporary Directories.
[   30.300587] cloud-init[1077]: ci-info: +++++++++++++++++++++++++++Route IPv4 info++++++++++++++++++++++++++++
[   30.432681] [cloud-init[0;32m  OK  [0m[1077]: ] ci-info: +-------+-------------+----------+---------------+-----------+-------+Started Timer to automatically refresh installed snaps.

[[0;32m  OK  [0m] Listening on ACPID Listen Socket.
[[0;32m  OK  [0m] Listening on D-Bus System Message Bus Socket.
[   30.433270] cloud-init[1077]: ci-info: | Route | Destination | Gateway  |    Genmask    | Interface | Flags |
[   30.728479]          cloud-initStarting Socket activation for snappy daemon.[1077]: 
ci-info: +-------+-------------+----------+---------------+-----------+-------+
[   30.804495] [cloud-init[0;32m  OK  [0m[1077]: ] ci-info: |   0   |   0.0.0.0   | 10.0.2.2 |    0.0.0.0    |   enp0s3  |   UG  |Listening on UUID daemon activation socket.

[[0;32m  OK  [0m] Started Trigger resolvconf update for networkd DNS.
[[0;32m  OK  [0m] Started Daily apt activities.
[   30.804935] cloud-init[1077]: ci-info: |   1   |   10.0.2.0  | 0.0.0.0  | 255.255.255.0 |   enp0s3  |   U   |
[   31.104433] [cloud-init[0;32m  OK  [0m[1077]: ] ci-info: +-------+-------------+----------+---------------+-----------+-------+Reached target Timers.

[[0;32m  OK  [0m] Started ACPI Events Check.
[[0;32m  OK  [0m] Reached target Paths.
[[0;32m  OK  [0m] Listening on LXD - unix socket.
[[0;32m  OK  [0m] Listening on Socket activation for snappy daemon.
[[0;32m  OK  [0m] Started iSCSI initiator daemon (iscsid).
         Starting Login to default iSCSI targets...
[[0;32m  OK  [0m] Reached target Sockets.
[[0;32m  OK  [0m] Reached target Basic System.
         Starting System Logging Service...
[[0;32m  OK  [0m] Started Snappy daemon.
         Starting Auto import assertions from block devices...
         Starting Login Service...
         Starting Apply the settings specified in cloud-config...
[[0;32m  OK  [0m] Started Regular background program processing daemon.
[[0;32m  OK  [0m] Started ACPI event daemon.
         Starting Accounts Service...
         Starting LSB: Record successful boot for GRUB...
[[0;32m  OK  [0m] Started Deferred execution scheduler.
[[0;32m  OK  [0m] Started D-Bus System Message Bus.
[[0;32m  OK  [0m] Started FUSE filesystem for LXC.
         Starting OpenBSD Secure Shell server...
         Starting LXD - container startup/shutdown...
[   32.093172] cloud-init         Starting MySQL Community Server...
[1154]: Cloud-init v. 0.7.8 running 'modules:config' at Sun, 12 Mar 2017 03:47:37 +0000. Up 32.00 seconds.
         Starting /etc/rc.local Compatibility...
         Starting LSB: MD monitoring daemon...
[[0;32m  OK  [0m] Started System Logging Service.
[[0;32m  OK  [0m] Started OpenBSD Secure Shell server.
[[0;32m  OK  [0m] Started Auto import assertions from block devices.
[[0;32m  OK  [0m] Started Apply the settings specified in cloud-config.
[[0;32m  OK  [0m] Started LXD - container startup/shutdown.
[[0;32m  OK  [0m] Started /etc/rc.local Compatibility.
[[0;32m  OK  [0m] Started Login to default iSCSI targets.
[[0;32m  OK  [0m] Started LSB: Record successful boot for GRUB.
[[0;32m  OK  [0m] Started LSB: MD monitoring daemon.
[[0;32m  OK  [0m] Started Login Service.
         Starting Authenticate and Authorize Users to Run Privileged Tasks...
[[0;32m  OK  [0m] Reached target Remote File Systems (Pre).
[[0;32m  OK  [0m] Reached target Remote File Systems.
         Starting LSB: automatic crash report generation...
         Starting LSB: Set the CPU Frequency Scaling governor to "ondemand"...
         Starting LSB: Apache2 web server...
         Starting LSB: VirtualBox Linux Additions...
         Starting Permit User Sessions...
         Starting LSB: daemon to balance interrupts for SMP systems...
[[0;32m  OK  [0m] Started Permit User Sessions.
[[0;32m  OK  [0m] Started Authenticate and Authorize Users to Run Privileged Tasks.
[[0;32m  OK  [0m] Started Accounts Service.
[[0;32m  OK  [0m] Started LSB: Set the CPU Frequency Scaling governor to "ondemand".
[[0;32m  OK  [0m] Started LSB: automatic crash report generation.
[[0;32m  OK  [0m] Created slice User Slice of ubuntu.
[[0;32m  OK  [0m] Started Session 1 of user ubuntu.
         Starting User Manager for UID 1000...
         Starting Terminate Plymouth Boot Screen...
         Starting Hold until boot process finishes up...
[[0;32m  OK  [0m] Started User Manager for UID 1000.
[[0;32m  OK  [0m] Started LSB: VirtualBox Linux Additions.
[[0;32m  OK  [0m] Started LSB: daemon to balance interrupts for SMP systems.
[[0;32m  OK  [0m] Started Terminate Plymouth Boot Screen.
[[0;32m  OK  [0m] Started Hold until boot process finishes up.
[[0;32m  OK  [0m] Started Serial Getty on ttyS0.
         Starting Set console scheme...
[[0;32m  OK  [0m] Started Getty on tty1.
[[0;32m  OK  [0m] Reached target Login Prompts.
[[0;32m  OK  [0m] Started Set console scheme.
[[0;32m  OK  [0m] Started MySQL Community Server.
[[0;32m  OK  [0m] Started LSB: Apache2 web server.
[[0;32m  OK  [0m] Reached target Multi-User System.
         Starting Execute cloud user/final scripts...
[[0;32m  OK  [0m] Reached target Graphical Interface.
         Starting Update UTMP about System Runlevel Changes...
[[0;32m  OK  [0m] Started Update UTMP about System Runlevel Changes.
[   34.563832] cloud-init[1451]: Cloud-init v. 0.7.8 running 'modules:final' at Sun, 12 Mar 2017 03:47:40 +0000. Up 34.47 seconds.
[[0;32m  OK  [0m] Started Execute cloud user/final scripts.
[   34.651485] cloud-init[1451]: Cloud-init v. 0.7.8 finished at Sun, 12 Mar 2017 03:47:40 +0000. Datasource DataSourceNoCloud [seed=/dev/sdb][dsmode=net].  Up 34.55 seconds
[[0;32m  OK  [0m] Reached target Cloud-init target.

Ubuntu 16.04.2 LTS ubuntu-xenial ttyS0

ubuntu-xenial login: [[0;32m  OK0         Stopping Regular background program processing daemon...
         Stopping LSB: MD monitoring daemon...
         Stopping LSB: daemon to balance interrupts for SMP systems...
         Stopping D-Bus System Message Bus...
         Stopping Snappy daemon...
         Stopping LSB: automatic crash report generation...
         Stopping Deferred execution scheduler...
         Stopping LSB: Apache2 web server...
         Stopping LSB: Set the CPU Frequency Scaling governor to "ondemand"...
         Stopping LXD - container startup/shutdown...
         Stopping FUSE filesystem for LXC...
[[0;32m  OK  [0m] Stopped Daily Cleanup of Temporary Directories.
         Stopping Getty on tty1...
         Stopping LSB: Record successful boot for GRUB...
[[0;32m  OK  [0m] Closed Load/Save RF Kill Switch Status /dev/rfkill Watch.
         Stopping MySQL Community Server...
         Stopping Accounts Service...
         Stopping OpenBSD Secure Shell server...
         Stopping System Logging Service...
         Stopping LSB: VirtualBox Linux Additions...
         Stopping User Manager for UID 1000...
[[0;32m  OK  [0m] Unmounted /var/lib/lxcfs.
[[0;32m  OK  [0m] Stopped System Logging Service.
[[0;32m  OK  [0m] Stopped Snappy daemon.
[[0;32m  OK  [0m] Stopped Regular background program processing daemon.
[[0;32m  OK  [0m] Stopped ACPI event daemon.
[[0;32m  OK  [0m] Stopped Accounts Service.
[[0;32m  OK  [0m] Stopped Deferred execution scheduler.
[[0;32m  OK  [0m] Stopped OpenBSD Secure Shell server.
[[0;32m  OK  [0m] Stopped Authenticate and Authorize Users to Run Privileged Tasks.
[[0;32m  OK  [0m] Stopped Serial Getty on ttyS0.
[[0;32m  OK  [0m] Stopped Getty on tty1.
[[0;32m  OK  [0m] Stopped User Manager for UID 1000.
[[0;32m  OK  [0m] Stopped Session 10 of user ubuntu.
[[0;32m  OK  [0m] Stopped D-Bus System Message Bus.
[[0;32m  OK  [0m] Stopped FUSE filesystem for LXC.
[[0;32m  OK  [0m] Stopped LSB: MD monitoring daemon.
[[0;32m  OK  [0m] Stopped LSB: daemon to balance interrupts for SMP systems.
[[0;32m  OK  [0m] Stopped LSB: automatic crash report generation.
[[0;32m  OK  [0m] Stopped LSB: Set the CPU Frequency Scaling governor to "ondemand".
[[0;32m  OK  [0m] Stopped MySQL Community Server.
[[0;32m  OK  [0m] Stopped LXD - container startup/shutdown.
[[0;32m  OK  [0m] Stopped LSB: Record successful boot for GRUB.
[[0;32m  OK  [0m] Stopped LSB: VirtualBox Linux Additions.
[[0;32m  OK  [0m] Removed slice User Slice of ubuntu.
         Stopping Login Service...
[[0;32m  OK  [0m] Removed slice system-getty.slice.
         Stopping Permit User Sessions...
[[0;32m  OK  [0m] Removed slice system-serial\x2dgetty.slice.
[[0;32m  OK  [0m] Stopped /etc/rc.local Compatibility.
[[0;32m  OK  [0m] Stopped Login Service.
[[0;32m  OK  [0m] Stopped Permit User Sessions.
[[0;32m  OK  [0m] Stopped target User and Group Name Lookups.
[[0;32m  OK  [0m] Stopped LSB: Apache2 web server.
[[0;32m  OK  [0m] Stopped target Remote File Systems.
[[0;32m  OK  [0m] Stopped target Remote File Systems (Pre).
         Stopping Login to default iSCSI targets...
[[0;32m  OK  [0m] Stopped target Basic System.
[[0;32m  OK  [0m] Stopped target Paths.
[[0;32m  OK  [0m] Stopped Forward Password Requests to Wall Directory Watch.
[[0;32m  OK  [0m] Stopped Trigger resolvconf update for networkd DNS.
[[0;32m  OK  [0m] Stopped ACPI Events Check.
[[0;32m  OK  [0m] Stopped Dispatch Password Requests to Console Directory Watch.
[[0;32m  OK  [0m] Stopped target Slices.
[[0;32m  OK  [0m] Removed slice User and Session Slice.
[[0;32m  OK  [0m] Stopped target Sockets.
[[0;32m  OK  [0m] Closed D-Bus System Message Bus Socket.
[[0;32m  OK  [0m] Closed Socket activation for snappy daemon.
[[0;32m  OK  [0m] Closed Syslog Socket.
[[0;32m  OK  [0m] Closed LXD - unix socket.
[[0;32m  OK  [0m] Closed UUID daemon activation socket.
[[0;32m  OK  [0m] Closed ACPID Listen Socket.
[[0;32m  OK  [0m] Stopped target System Initialization.
[[0;32m  OK  [0m] Stopped target Encrypted Volumes.
[[0;32m  OK  [0m] Stopped Apply Kernel Variables.
[[0;32m  OK  [0m] Stopped Load Kernel Modules.
[[0;32m  OK  [0m] Stopped target Swap.
         Stopping Load/Save Random Seed...
         Stopping Update UTMP about System Boot/Shutdown...
[[0;32m  OK  [0m] Stopped Load/Save Random Seed.
[[0;32m  OK  [0m] Stopped Login to default iSCSI targets.
[[0;32m  OK  [0m] Stopped Update UTMP about System Boot/Shutdown.
[[0;32m  OK  [0m] Stopped Create Volatile Files and Directories.
[[0;32m  OK  [0m] Stopped target Local File Systems.
         Unmounting /vagrant_data...
         Unmounting /run/user/1000...
         Stopping iSCSI initiator daemon (iscsid)...
[[0;32m  OK  [0m] Unmounted /vagrant_data.
[[0;32m  OK  [0m] Unmounted /run/user/1000.
[[0;32m  OK  [0m] Stopped iSCSI initiator daemon (iscsid).
[[0;32m  OK  [0m] Stopped target Network is Online.
[[0;32m  OK  [0m] Stopped Initial cloud-init job (metadata service crawler).
[[0;32m  OK  [0m] Stopped target Network.
         Starting Unattended Upgrades Shutdown...
[[0;32m  OK  [0m] Stopped target Network (Pre).
[[0;32m  OK  [0m] Stopped Initial cloud-init job (pre-networking).
[[0;32m  OK  [0m] Reached target Unmount All Filesystems.
[[0;32m  OK  [0m] Stopped target Local File Systems (Pre).
[[0;32m  OK  [0m] Stopped Remount Root and Kernel File Systems.
[[0;32m  OK  [0m] Stopped Create Static Device Nodes in /dev.
         Stopping Monitoring of LVM2 mirrors... dmeventd or progress polling...
[[0;32m  OK  [0m] Started Unattended Upgrades Shutdown.
[[0;32m  OK  [0m] Stopped Monitoring of LVM2 mirrors,...ng dmeventd or progress polling.
         Stopping LVM2 metadata daemon...
[[0;32m  OK  [0m] Reached target Shutdown.
[ 5222.427544] reboot: Power down
