[    0.000000] Initializing cgroup subsys cpuset
[    0.000000] Initializing cgroup subsys cpu
[    0.000000] Initializing cgroup subsys cpuacct
[    0.000000] Linux version 4.4.0-64-generic (buildd@lgw01-56) (gcc version 5.4.0 20160609 (Ubuntu 5.4.0-6ubuntu1~16.04.4) ) #85-Ubuntu SMP Mon Feb 20 11:50:30 UTC 2017 (Ubuntu 4.4.0-64.85-generic 4.4.44)
[    0.000000] Command line: BOOT_IMAGE=/boot/vmlinuz-4.4.0-64-generic root=UUID=7664720c-3742-49b9-b4d5-196d2a148900 ro console=tty1 console=ttyS0
[    0.000000] KERNEL supported cpus:
[    0.000000]   Intel GenuineIntel
[    0.000000]   AMD AuthenticAMD
[    0.000000]   Centaur CentaurHauls
[    0.000000] x86/fpu: xstate_offset[2]:  576, xstate_sizes[2]:  256
[    0.000000] x86/fpu: Supporting XSAVE feature 0x01: 'x87 floating point registers'
[    0.000000] x86/fpu: Supporting XSAVE feature 0x02: 'SSE registers'
[    0.000000] x86/fpu: Supporting XSAVE feature 0x04: 'AVX registers'
[    0.000000] x86/fpu: Enabled xstate features 0x7, context size is 832 bytes, using 'standard' format.
[    0.000000] x86/fpu: Using 'lazy' FPU context switches.
[    0.000000] e820: BIOS-provided physical RAM map:
[    0.000000] BIOS-e820: [mem 0x0000000000000000-0x000000000009fbff] usable
[    0.000000] BIOS-e820: [mem 0x000000000009fc00-0x000000000009ffff] reserved
[    0.000000] BIOS-e820: [mem 0x00000000000f0000-0x00000000000fffff] reserved
[    0.000000] BIOS-e820: [mem 0x0000000000100000-0x000000003ffeffff] usable
[    0.000000] BIOS-e820: [mem 0x000000003fff0000-0x000000003fffffff] ACPI data
[    0.000000] BIOS-e820: [mem 0x00000000fec00000-0x00000000fec00fff] reserved
[    0.000000] BIOS-e820: [mem 0x00000000fee00000-0x00000000fee00fff] reserved
[    0.000000] BIOS-e820: [mem 0x00000000fffc0000-0x00000000ffffffff] reserved
[    0.000000] NX (Execute Disable) protection: active
[    0.000000] SMBIOS 2.5 present.
[    0.000000] Hypervisor detected: KVM
[    0.000000] e820: last_pfn = 0x3fff0 max_arch_pfn = 0x400000000
[    0.000000] MTRR: Disabled
[    0.000000] x86/PAT: MTRRs disabled, skipping PAT initialization too.
[    0.000000] x86/PAT: Configuration [0-7]: WB  WT  UC- UC  WB  WT  UC- UC  
[    0.000000] CPU MTRRs all blank - virtualized system.
[    0.000000] found SMP MP-table at [mem 0x0009fff0-0x0009ffff] mapped at [ffff88000009fff0]
[    0.000000] Scanning 1 areas for low memory corruption
[    0.000000] RAMDISK: [mem 0x3623a000-0x37114fff]
[    0.000000] ACPI: Early table checksum verification disabled
[    0.000000] ACPI: RSDP 0x00000000000E0000 000024 (v02 VBOX  )
[    0.000000] ACPI: XSDT 0x000000003FFF0030 00003C (v01 VBOX   VBOXXSDT 00000001 ASL  00000061)
[    0.000000] ACPI: FACP 0x000000003FFF00F0 0000F4 (v04 VBOX   VBOXFACP 00000001 ASL  00000061)
[    0.000000] ACPI: DSDT 0x000000003FFF0470 00210F (v01 VBOX   VBOXBIOS 00000002 INTL 20100528)
[    0.000000] ACPI: FACS 0x000000003FFF0200 000040
[    0.000000] ACPI: FACS 0x000000003FFF0200 000040
[    0.000000] ACPI: APIC 0x000000003FFF0240 00005C (v02 VBOX   VBOXAPIC 00000001 ASL  00000061)
[    0.000000] ACPI: SSDT 0x000000003FFF02A0 0001CC (v01 VBOX   VBOXCPUT 00000002 INTL 20100528)
[    0.000000] No NUMA configuration found
[    0.000000] Faking a node at [mem 0x0000000000000000-0x000000003ffeffff]
[    0.000000] NODE_DATA(0) allocated [mem 0x3ffeb000-0x3ffeffff]
[    0.000000] kvm-clock: Using msrs 4b564d01 and 4b564d00
[    0.000000] kvm-clock: cpu 0, msr 0:3ffe3001, primary cpu clock
[    0.000000] kvm-clock: using sched offset of 3184450915 cycles
[    0.000000] clocksource: kvm-clock: mask: 0xffffffffffffffff max_cycles: 0x1cd42e4dffb, max_idle_ns: 881590591483 ns
[    0.000000] Zone ranges:
[    0.000000]   DMA      [mem 0x0000000000001000-0x0000000000ffffff]
[    0.000000]   DMA32    [mem 0x0000000001000000-0x000000003ffeffff]
[    0.000000]   Normal   empty
[    0.000000]   Device   empty
[    0.000000] Movable zone start for each node
[    0.000000] Early memory node ranges
[    0.000000]   node   0: [mem 0x0000000000001000-0x000000000009efff]
[    0.000000]   node   0: [mem 0x0000000000100000-0x000000003ffeffff]
[    0.000000] Initmem setup node 0 [mem 0x0000000000001000-0x000000003ffeffff]
[    0.000000] ACPI: PM-Timer IO Port: 0x4008
[    0.000000] IOAPIC[0]: apic_id 2, version 32, address 0xfec00000, GSI 0-23
[    0.000000] ACPI: INT_SRC_OVR (bus 0 bus_irq 0 global_irq 2 dfl dfl)
[    0.000000] ACPI: INT_SRC_OVR (bus 0 bus_irq 9 global_irq 9 high level)
[    0.000000] Using ACPI (MADT) for SMP configuration information
[    0.000000] smpboot: Allowing 2 CPUs, 0 hotplug CPUs
[    0.000000] PM: Registered nosave memory: [mem 0x00000000-0x00000fff]
[    0.000000] PM: Registered nosave memory: [mem 0x0009f000-0x0009ffff]
[    0.000000] PM: Registered nosave memory: [mem 0x000a0000-0x000effff]
[    0.000000] PM: Registered nosave memory: [mem 0x000f0000-0x000fffff]
[    0.000000] e820: [mem 0x40000000-0xfebfffff] available for PCI devices
[    0.000000] Booting paravirtualized kernel on KVM
[    0.000000] clocksource: refined-jiffies: mask: 0xffffffff max_cycles: 0xffffffff, max_idle_ns: 7645519600211568 ns
[    0.000000] setup_percpu: NR_CPUS:512 nr_cpumask_bits:512 nr_cpu_ids:2 nr_node_ids:1
[    0.000000] PERCPU: Embedded 33 pages/cpu @ffff88003fc00000 s98264 r8192 d28712 u1048576
[    0.000000] PV qspinlock hash table entries: 256 (order: 0, 4096 bytes)
[    0.000000] Built 1 zonelists in Node order, mobility grouping on.  Total pages: 257913
[    0.000000] Policy zone: DMA32
[    0.000000] Kernel command line: BOOT_IMAGE=/boot/vmlinuz-4.4.0-64-generic root=UUID=7664720c-3742-49b9-b4d5-196d2a148900 ro console=tty1 console=ttyS0
[    0.000000] PID hash table entries: 4096 (order: 3, 32768 bytes)
[    0.000000] Memory: 997364K/1048120K available (8452K kernel code, 1293K rwdata, 3980K rodata, 1488K init, 1316K bss, 50756K reserved, 0K cma-reserved)
[    0.000000] SLUB: HWalign=64, Order=0-3, MinObjects=0, CPUs=2, Nodes=1
[    0.000000] Hierarchical RCU implementation.
[    0.000000] 	Build-time adjustment of leaf fanout to 64.
[    0.000000] 	RCU restricting CPUs from NR_CPUS=512 to nr_cpu_ids=2.
[    0.000000] RCU: Adjusting geometry for rcu_fanout_leaf=64, nr_cpu_ids=2
[    0.000000] NR_IRQS:33024 nr_irqs:440 16
[    0.000000] Console: colour VGA+ 80x25
[    0.000000] console [tty1] enabled
[    0.000000] console [ttyS0] enabled
[    0.000000] tsc: Detected 2194.918 MHz processor
[    9.859186] Calibrating delay loop (skipped) preset value.. 4389.83 BogoMIPS (lpj=8779672)
[    9.942294] pid_max: default: 32768 minimum: 301
[    9.992083] ACPI: Core revision 20150930
[   10.022249] ACPI: 2 ACPI AML tables successfully acquired and loaded
[   10.091429] Security Framework initialized
[   10.133234] Yama: becoming mindful.
[   10.172383] AppArmor: AppArmor initialized
[   10.214798] Dentry cache hash table entries: 131072 (order: 8, 1048576 bytes)
[   10.262081] Inode-cache hash table entries: 65536 (order: 7, 524288 bytes)
[   10.328322] Mount-cache hash table entries: 2048 (order: 2, 16384 bytes)
[   10.397342] Mountpoint-cache hash table entries: 2048 (order: 2, 16384 bytes)
[   10.453356] Initializing cgroup subsys io
[   10.510289] Initializing cgroup subsys memory
[   10.530568] Initializing cgroup subsys devices
[   10.558607] Initializing cgroup subsys freezer
[   10.611497] Initializing cgroup subsys net_cls
[   10.662587] Initializing cgroup subsys perf_event
[   10.698453] Initializing cgroup subsys net_prio
[   10.738613] Initializing cgroup subsys hugetlb
[   10.772848] Initializing cgroup subsys pids
[   10.809315] CPU: Physical Processor ID: 0
[   10.822642] CPU: Processor Core ID: 0
[   10.842738] mce: CPU supports 0 MCE banks
[   10.857283] Last level iTLB entries: 4KB 1024, 2MB 1024, 4MB 1024
[   10.887564] Last level dTLB entries: 4KB 1024, 2MB 1024, 4MB 1024, 1GB 4
[   10.915175] Freeing SMP alternatives memory: 32K (ffffffff820b9000 - ffffffff820c1000)
[   11.018037] ftrace: allocating 32123 entries in 126 pages
[   11.119553] smpboot: APIC(0) Converting physical 0 to logical package 0
[   11.198636] smpboot: Max logical packages: 1
[   11.261024] x2apic enabled
[   11.286663] Switched APIC routing to physical x2apic.
[   11.342331] ..TIMER: vector=0x30 apic1=0 pin1=2 apic2=-1 pin2=-1
[   11.505053] smpboot: CPU0: Intel(R) Core(TM) i7-4770HQ CPU @ 2.20GHz (family: 0x6, model: 0x46, stepping: 0x1)
[   11.606091] Performance Events: unsupported p6 CPU model 70 no PMU driver, software events only.
[   11.690037] KVM setup paravirtual spinlock
[   11.741716] x86: Booting SMP configuration:
[   11.794042] .... node  #0, CPUs:      #1
[   11.838786] kvm-clock: cpu 1, msr 0:3ffe3041, secondary cpu clock
[   11.917168] mce: CPU supports 0 MCE banks
[   11.935428] x86: Booted up 1 node, 2 CPUs
[   11.987982] smpboot: Total of 2 processors activated (8779.67 BogoMIPS)
[   12.066194] devtmpfs: initialized
[   12.112410] evm: security.selinux
[   12.126573] evm: security.SMACK64
[   12.182821] evm: security.SMACK64EXEC
[   12.218267] evm: security.SMACK64TRANSMUTE
[   12.252309] evm: security.SMACK64MMAP
[   12.278240] evm: security.ima
[   12.300238] evm: security.capability
[   12.336348] clocksource: jiffies: mask: 0xffffffff max_cycles: 0xffffffff, max_idle_ns: 7645041785100000 ns
[   12.407209] pinctrl core: initialized pinctrl subsystem
[   12.444838] RTC time:  4:27:31, date: 03/11/17
[   12.477130] NET: Registered protocol family 16
[   12.521467] cpuidle: using governor ladder
[   12.569331] cpuidle: using governor menu
[   12.641786] PCCT header not found.
[   12.686202] ACPI: bus type PCI registered
[   12.730594] acpiphp: ACPI Hot Plug PCI Controller Driver version: 0.5
[   12.798586] PCI: Using configuration type 1 for base access
[   12.854264] ACPI: Added _OSI(Module Device)
[   12.902554] ACPI: Added _OSI(Processor Device)
[   12.952817] ACPI: Added _OSI(3.0 _SCP Extensions)
[   12.973585] ACPI: Added _OSI(Processor Aggregator Device)
[   13.006948] ACPI: Executed 1 blocks of module-level executable AML code
[   13.065328] ACPI: Interpreter enabled
[   13.089903] ACPI: (supports S0 S5)
[   13.116464] ACPI: Using IOAPIC for interrupt routing
[   13.158108] PCI: Using host bridge windows from ACPI; if necessary, use "pci=nocrs" and report a bug
[   13.241886] ACPI: PCI Root Bridge [PCI0] (domain 0000 [bus 00-ff])
[   13.310209] acpi PNP0A03:00: _OSC: OS supports [ASPM ClockPM Segments MSI]
[   13.359453] acpi PNP0A03:00: _OSC failed (AE_NOT_FOUND); disabling ASPM
[   13.404928] acpi PNP0A03:00: fail to add MMCONFIG information, can't access extended PCI configuration space under this bridge.
[   13.539084] PCI host bridge to bus 0000:00
[   13.566825] pci_bus 0000:00: root bus resource [io  0x0000-0x0cf7 window]
[   13.662516] pci_bus 0000:00: root bus resource [io  0x0d00-0xffff window]
[   13.767863] pci_bus 0000:00: root bus resource [mem 0x000a0000-0x000bffff window]
[   13.788655] pci_bus 0000:00: root bus resource [mem 0x40000000-0xffdfffff window]
[   13.859232] pci_bus 0000:00: root bus resource [bus 00-ff]
[   13.917107] pci 0000:00:01.1: legacy IDE quirk: reg 0x10: [io  0x01f0-0x01f7]
[   13.993028] pci 0000:00:01.1: legacy IDE quirk: reg 0x14: [io  0x03f6]
[   14.090013] pci 0000:00:01.1: legacy IDE quirk: reg 0x18: [io  0x0170-0x0177]
[   14.212953] pci 0000:00:01.1: legacy IDE quirk: reg 0x1c: [io  0x0376]
[   14.266299] pci 0000:00:07.0: quirk: [io  0x4000-0x403f] claimed by PIIX4 ACPI
[   14.383593] pci 0000:00:07.0: quirk: [io  0x4100-0x410f] claimed by PIIX4 SMB
[   14.444411] ACPI: PCI Interrupt Link [LNKA] (IRQs 5 9 10 *11)
[   14.481651] ACPI: PCI Interrupt Link [LNKB] (IRQs 5 9 10 *11)
[   14.504272] ACPI: PCI Interrupt Link [LNKC] (IRQs 5 9 *10 11)
[   14.582530] ACPI: PCI Interrupt Link [LNKD] (IRQs 5 *9 10 11)
[   14.665848] ACPI: Enabled 2 GPEs in block 00 to 07
[   14.750571] vgaarb: setting as boot device: PCI:0000:00:02.0
[   14.802565] vgaarb: device added: PCI:0000:00:02.0,decodes=io+mem,owns=io+mem,locks=none
[   14.943586] vgaarb: loaded
[   14.990607] vgaarb: bridge control possible 0000:00:02.0
[   15.082159] SCSI subsystem initialized
[   15.148252] ACPI: bus type USB registered
[   15.150664] usbcore: registered new interface driver usbfs
[   15.151832] usbcore: registered new interface driver hub
[   15.260765] usbcore: registered new device driver usb
[   15.373878] PCI: Using ACPI for IRQ routing
[   15.451983] NetLabel: Initializing
[   15.481050] NetLabel:  domain hash size = 128
[   15.545429] NetLabel:  protocols = UNLABELED CIPSOv4
[   15.573305] NetLabel:  unlabeled traffic allowed by default
[   15.632082] amd_nb: Cannot enumerate AMD northbridges
[   15.633079] clocksource: Switched to clocksource kvm-clock
[   15.641554] AppArmor: AppArmor Filesystem Enabled
[   15.742268] pnp: PnP ACPI init
[   15.816586] pnp: PnP ACPI: found 3 devices
[   15.922262] clocksource: acpi_pm: mask: 0xffffff max_cycles: 0xffffff, max_idle_ns: 2085701024 ns
[   16.140400] NET: Registered protocol family 2
[   16.226957] TCP established hash table entries: 8192 (order: 4, 65536 bytes)
[   16.366080] TCP bind hash table entries: 8192 (order: 5, 131072 bytes)
[   16.496828] TCP: Hash tables configured (established 8192 bind 8192)
[   16.618006] UDP hash table entries: 512 (order: 2, 16384 bytes)
[   16.704848] UDP-Lite hash table entries: 512 (order: 2, 16384 bytes)
[   16.860032] NET: Registered protocol family 1
[   16.949782] pci 0000:00:00.0: Limiting direct PCI/PCI transfers
[   17.047385] pci 0000:00:01.0: Activating ISA DMA hang workarounds
[   17.184350] Trying to unpack rootfs image as initramfs...
[   17.524146] Freeing initrd memory: 15212K (ffff88003623a000 - ffff880037115000)
[   17.742386] platform rtc_cmos: registered platform RTC device (no PNP device found)
[   17.759353] Scanning for low memory corruption every 60 seconds
[   17.813282] futex hash table entries: 512 (order: 3, 32768 bytes)
[   18.010284] audit: initializing netlink subsys (disabled)
[   18.179225] audit: type=2000 audit(1489206446.700:1): initialized
[   18.410594] Initialise system trusted keyring
[   18.561369] HugeTLB registered 2 MB page size, pre-allocated 0 pages
[   18.775583] tsc: Refined TSC clocksource calibration: 2194.918 MHz
[   18.830035] clocksource: tsc: mask: 0xffffffffffffffff max_cycles: 0x1fa37202099, max_idle_ns: 440795206796 ns
[   18.831386] zbud: loaded
[   18.856710] VFS: Disk quotas dquot_6.6.0
[   18.856741] VFS: Dquot-cache hash table entries: 512 (order 0, 4096 bytes)
[   18.856962] squashfs: version 4.0 (2009/01/31) Phillip Lougher
[   19.027181] fuse init (API version 7.23)
[   19.027318] Key type big_key registered
[   19.027335] Allocating IMA MOK and blacklist keyrings.
[   19.027535] Key type asymmetric registered
[   19.027540] Asymmetric key parser 'x509' registered
[   19.027570] Block layer SCSI generic (bsg) driver version 0.4 loaded (major 249)
[   19.027593] io scheduler noop registered
[   19.027595] io scheduler deadline registered (default)
[   19.027618] io scheduler cfq registered
[   19.027708] pci_hotplug: PCI Hot Plug PCI Core version: 0.5
[   19.027713] pciehp: PCI Express Hot Plug Controller Driver version: 0.4
[   19.028060] ACPI: AC Adapter [AC] (on-line)
[   19.028105] input: Power Button as /devices/LNXSYSTM:00/LNXPWRBN:00/input/input0
[   19.028107] ACPI: Power Button [PWRF]
[   19.028167] input: Sleep Button as /deviees/LNXSYSTM:00/LNXSLPBN:00/input/input1
[   19.028168] ACPI: Sleep Button [SLPF]
[   19.028292] GHES: HEST is not enabled!
[   19.028364] Serial: 8250/16550 driver, 32 ports, IRQ sharing enabled
[   19.150270] 00:02: ttyS0 at I/O 0x3f8 (irq = 4, base_baud = 115200) is a 16550A
[   19.228371] Linux agpgart interface v0.103
[   19.299935] brd: module loaded
[   19.300608] loop: module loaded
[   19.301115] scsi host0: ata_piix
[   19.301161] scsi host1: ata_piix
[   19.301185] ata1: PATA max UDMA/33 cmd 0x1f0 ctl 0x3f6 bmdma 0xd000 irq 14
[   19.301186] ata2: PATA max UDMA/33 cmd 0x170 ctl 0x376 bmdma 0xd008 irq 15
[   19.301249] libphy: Fixed MDIO Bus: probed
[   19.301252] tun: Universal TUN/TAP device driver, 1.6
[   19.301252] tun: (C) 1999-2004 Max Krasnyansky <maxk@qualcomm.com>
[   19.301278] PPP generic driver version 2.4.2
[   19.301321] ehci_hcd: USB 2.0 'Enhanced' Host Controller (EHCI) Driver
[   19.301324] ehci-pci: EHCI PCI platform driver
[   19.301337] ehci-platform: EHCI generic platform driver
[   19.301344] ohci_hcd: USB 1.1 'Open' Host Controller (OHCI) Driver
[   19.301346] ohci-pci: OHCI PCI platform driver
[   19.301354] ohci-platform: OHCI generic platform driver
[   19.301359] uhci_hcd: USB Universal Host Controller Interface driver
[   19.301407] i8042: PNP: PS/2 Controller [PNP0303:PS2K,PNP0f03:PS2M] at 0x60,0x64 irq 1,12
[   19.301843] serio: i8042 KBD port at 0x60,0x64 irq 1
[   19.301846] serio: i8042 AUX port at 0x60,0x64 irq 12
[   19.301927] mousedev: PS/2 mouse device common for all mice
[   19.302173] input: AT Translated Set 2 keyboard as /devices/platform/i8042/serio0/input/input2
[   19.302466] rtc_cmos rtc_cmos: rtc core: registered rtc_cmos as rtc0
[   19.302513] rtc_cmos rtc_cmos: alarms up to one day, 114 bytes nvram
[   19.302518] i2c /dev entries driver
[   19.302564] device-mapper: uevent: version 1.0.3
[   19.302606] device-mapper: ioctl: 4.34.0-ioctl (2015-10-28) initialised: dm-devel@redhat.com
[   19.302623] ledtrig-cpu: registered to indicate activity on CPUs
[   19.302829] NET: Registered protocol family 10
[   19.302952] NET: Registered protocol family 17
[   19.302960] Key type dns_resolver registered
[   19.303066] microcode: CPU0 sig=0x40661, pf=0x40, revision=0x0
[   19.384452] microcode: CPU1 sig=0x40661, pf=0x40, revision=0x0
[   19.384563] microcode: Microcode Update Driver: v2.01 <tigran@aivazian.fsnet.co.uk>, Peter Oruba
[   19.384692] registered taskstats version 1
[   19.384705] Loading compiled-in X.509 certificates
[   19.385297] Loaded X.509 cert 'Build time autogenerated kernel key: 11f495fa9f4186f263f5fd144a167c99990e2f12'
[   19.385318] zswap: loaded using pool lzo/zbud
[   19.386330] ACPI: Battery Slot [BAT0] (battery present)
[   19.388401] Key type trusted registered
[   19.390366] Key type encrypted registered
[   19.390370] AppArmor: AppArmor sha1 policy hashing enabled
[   19.390373] ima: No TPM chip found, activating TPM-bypass!
[   19.390400] evm: HMAC attrs: 0x1
[   19.390614]   Magic number: 9:155:464
[   19.470503] rtc_cmos rtc_cmos: setting system clock to 2017-03-11 04:27:38 UTC (1489206458)
[   19.470645] BIOS EDD facility v0.16 2004-Jun-25, 0 devices found
[   19.470645] EDD information not available.
[   24.333021] Freeing unused kernel memory: 1488K (ffffffff81f45000 - ffffffff820b9000)
[   24.451713] Write protecting the kernel read-only data: 14336k
[   24.453230] Freeing unused kernel memory: 1776K (ffff880001844000 - ffff880001a00000)
[   24.574817] Freeing unused kernel memory: 116K (ffff880001de3000 - ffff880001e00000)
Loading, please wait...
[   24.663254] random: systemd-udevd: uninitialized urandom read (16 bytes read, 4 bits of entropy available)
starting version[   24.663893] random: udevadm: uninitialized urandom read (16 bytes read, 4 bits of entropy available)
 229
[   24.663934] random: udevadm: uninitialized urandom read (16 bytes read, 4 bits of entropy available)
[   24.664071] random: udevadm: uninitialized urandom read (16 bytes read, 4 bits of entropy available)
[   24.664104] random: udevadm: uninitialized urandom read (16 bytes read, 4 bits of entropy available)
[   24.664137] random: udevadm: uninitialized urandom read (16 bytes read, 4 bits of entropy available)
[   24.664168] random: udevadm: uninitialized urandom read (16 bytes read, 4 bits of entropy available)
[   24.664201] random: udevadm: uninitialized urandom read (16 bytes read, 4 bits of entropy available)
[   24.664230] random: udevadm: uninitialized urandom read (16 bytes read, 4 bits of entropy available)
[   24.664274] random: udevadm: uninitialized urandom read (16 bytes read, 4 bits of entropy available)
[   26.005893] e1000: Intel(R) PRO/1000 Network Driver - version 7.3.21-k8-NAPI
[   26.189967] e1000: Copyright (c) 1999-2006 Intel Corporation.
[   26.306192] Fusion MPT base driver 3.04.20
[   26.337904] Copyright (c) 1999-2008 LSI Corporation
[   26.381433] Fusion MPT SPI Host driver 3.04.20
[   26.392533] AVX version of gcm_enc/dec engaged.
[   26.404728] AES CTR mode by8 optimization enabled
[   26.592793] input: ImExPS/2 Generic Explorer Mouse as /devices/platform/i8042/serio1/input/input4
[   26.746804] e1000 0000:00:03.0 eth0: (PCI:33MHz:32-bit) 02:f2:f2:0c:4e:d5
[   26.834243] e1000 0000:00:03.0 eth0: Intel(R) PRO/1000 Network Connection
[   26.881721] mptbase: ioc0: Initiating bringup
[   26.882300] e1000 0000:00:03.0 enp0s3: renamed from eth0
[   27.029394] ioc0: LSI53C1030 A0: Capabilities={Initiator}
[   27.292093] scsi host2: ioc0: LSI53C1030 A0, FwRev=00000000h, Ports=1, MaxQ=256, IRQ=20
[   27.585693] scsi 2:0:0:0: Direct-Access     VBOX     HARDDISK         1.0  PQ: 0 ANSI: 5
[   27.682998] scsi target2:0:0: Beginning Domain Validation
[   27.714879] scsi target2:0:0: Domain Validation skipping write tests
[   27.794996] scsi target2:0:0: Ending Domain Validation
[   27.810810] scsi target2:0:0: asynchronous
[   27.853355] scsi 2:0:1:0: Direct-Access     VBOX     HARDDISK         1.0  PQ: 0 ANSI: 5
[   27.888979] scsi target2:0:1: Beginning Domain Validation
[   27.921515] scsi target2:0:1: Domain Validation skipping write tests
[   27.994526] scsi target2:0:1: Ending Domain Validation
[   28.005604] scsi target2:0:1: asynchronous
[   28.036977] sd 2:0:0:0: Attached scsi generic sg0 type 0
[   28.041201] sd 2:0:0:0: [sda] 20971520 512-byte logical blocks: (10.7 GB/10.0 GiB)
[   28.086354] sd 2:0:0:0: [sda] Write Protect is off
[   28.101641] sd 2:0:1:0: [sdb] 20480 512-byte logical blocks: (10.5 MB/10.0 MiB)
[   28.101644] sd 2:0:0:0: [sda] Incomplete mode parameter data
[   28.101645] sd 2:0:0:0: [sda] Assuming drive cache: write through
[   28.101665] sd 2:0:1:0: Attached scsi generic sg1 type 0
[   28.263782] sd 2:0:1:0: [sdb] Write Protect is off
[   28.291840] sd 2:0:1:0: [sdb] Incomplete mode parameter data
[   28.318303] sd 2:0:1:0: [sdb] Assuming drive cache: write through
[   28.323318]  sda: sda1
[   28.345850] sd 2:0:0:0: [sda] Attached SCSI disk
[   28.409998] sd 2:0:1:0: [sdb] Attached SCSI disk
[   29.301622] floppy0: no floppy controllers found
Begin: Loading e[   30.665473] md: linear personality registered for level -1
ssential drivers ... [   30.694549] md: multipath personality registered for level -4
[   30.728110] md: raid0 personality registered for level 0
[   30.745617] md: raid1 personality registered for level 1
[   30.837443] raid6: sse2x1   gen()  9627 MB/s
[   30.929176] raid6: sse2x1   xor()  6472 MB/s
[   31.041120] raid6: sse2x2   gen() 12243 MB/s
[   31.117181] raid6: sse2x2   xor()  8339 MB/s
[   31.197465] raid6: sse2x4   gen() 14350 MB/s
[   31.297361] raid6: sse2x4   xor()  9802 MB/s
[   31.329524] raid6: using algorithm sse2x4 gen() 14350 MB/s
[   31.350892] raid6: .... xor() 9802 MB/s, rmw enabled
[   31.373583] raid6: using ssse3x2 recovery algorithm
[   31.383442] xor: automatically using best checksumming function:
[   31.493670]    avx       : 39588.000 MB/sec
[   31.545035] async_tx: api initialized (async)
[   31.588287] md: raid6 personality registered for level 6
[   31.612087] md: raid5 personality registered for level 5
[   31.638736] md: raid4 personality registered for level 4
[   31.652425] md: raid10 personality registered for level 10
done.
Begin: Running /scripts/init-premount ... done.
Begin: Mounting root file system ... Begin: Running /scripts/lo[   31.695393] Btrfs loaded
cal-top ... done.
Begin: Running /scripts/local-premount ... Scanning for Btrfs filesystems
done.
Warning: fsck not present, so skipping root file[   31.760492] EXT4-fs (sda1): mounted filesystem with ordered data mode. Opts: (null)
 system
done.
Begin: Running /scripts/local-bottom ... done.
Begin: Running /scripts/init-bottom ... done.
[   31.899014] systemd[1]: systemd 229 running in system mode. (+PAM +AUDIT +SELINUX +IMA +APPARMOR +SMACK +SYSVINIT +UTMP +LIBCRYPTSETUP +GCRYPT +GNUTLS +ACL +XZ -LZ4 +SECCOMP +BLKID +ELFUTILS +KMOD -IDN)
[   31.972498] systemd[1]: Detected virtualization oracle.
[   32.004747] systemd[1]: Detected architecture x86-64.

Welcome to [1mUbuntu 16.04.2 LTS[0m!

[   32.037726] systemd[1]: Set hostname to <ubuntu-xenial>.
[   32.165392] systemd[1]: Listening on LVM2 poll daemon socket.
[[0;32m  OK  [0m] Listening on LVM2 poll daemon socket.
[   32.213916] systemd[1]: Created slice User and Session Slice.
[[0;32m  OK  [0m] Created slice User and Session Slice.
[   32.257539] systemd[1]: Listening on LVM2 metadata daemon socket.
[[0;32m  OK  [0m] Listening on LVM2 metadata daemon socket.
[   32.315167] systemd[1]: Created slice System Slice.
[[0;32m  OK  [0m] Created slice System Slice.
[   32.351105] systemd[1]: Created slice system-serial\x2dgetty.slice.
[[0;32m  OK  [0m] Created slice system-serial\x2dgetty.slice.
[   32.365060] systemd[1]: Started Forward Password Requests to Wall Directory Watch.
[[0;32m  OK  [0m] Started Forward Password Requests to Wall Directory Watch.
[   32.385698] systemd[1]: Listening on udev Control Socket.
[[0;32m  OK  [0m] Listening on udev Control Socket.
[   32.443668] systemd[1]: Listening on Journal Socket.
[[0;32m  OK  [0m] Listening on Journal Socket.
[   32.517296] systemd[1]: Starting Remount Root and Kernel File Systems...
         [   32.570139] EXT4-fs (sda1): re-mounted. Opts: (null)
Starting Remount Root and Kernel File Systems...
[   32.645256] systemd[1]: Mounting Debug File System...
         Mounting Debug File System...
[   32.709384] systemd[1]: Starting Uncomplicated firewall...
         Starting Uncomplicated firewall...
[   32.785469] systemd[1]: Starting Create list of required static device nodes for the current kernel...
         Starting Create list of required st... nodes for the current kernel...
[   32.895918] systemd[1]: Reached target Slices.
[[0;32m  OK  [0m] Reached target Slices.
[   32.925282] systemd[1]: Mounting POSIX Message Queue File System...
         Mounting POSIX Message Queue File System...
[   32.989370] systemd[1]: Reached target User and Group Name Lookups.
[[0;32m  OK  [0m] Reached target User and Group Name Lookups.
[   33.041651] systemd[1]: Starting Load Kernel Modules...
[   33.063746] Loading iSCSI transport class v2.0-870.
         Starting Load Kernel Mo[   33.131574] iscsi: registered transport (tcp)
dules...
[   33.234135] systemd[1]: Starting Nameserver information manager...
         Starting Nameserver information manager...
[   33.274849] systemd[1]: Starting Set console keymap...
         Starting Set con[   33.344013] iscsi: registered transport (iser)
sole keymap...
[   33.362660] random: nonblocking pool is initialized
[   33.400283] systemd[1]: Set up automount Arbitrary Executable File Formats File System Automount Point.
[[0;32m  OK  [0m] Set up automount Arbitrary Executab...ats File System Automount Point.
[   33.481347] systemd[1]: Reached target Swap.
[[0;32m  OK  [0m] Reached target Swap.
[   33.533428] systemd[1]: Listening on /dev/initctl Compatibility Named Pipe.
[[0;32m  OK  [0m] Listening on /dev/initctl Compatibility Named Pipe.
[   33.557540] systemd[1]: Listening on Syslog Socket.
[[0;32m  OK  [0m] Listening on Syslog Socket.
[   33.629189] systemd[1]: Mounting Huge Pages File System...
         Mounting Huge Pages File System...
[   33.681435] systemd[1]: Listening on Device-mapper event daemon FIFOs.
[[0;32m  OK  [0m] Listening on Device-mapper event daemon FIFOs.
[   33.731921] systemd[1]: Listening on Journal Audit Socket.
[[0;32m  OK  [0m] Listening on Journal Audit Socket.
[   33.777735] systemd[1]: Listening on Journal Socket (/dev/log).
[[0;32m  OK  [0m] Listening on Journal Socket (/dev/log).
[   33.821604] systemd[1]: Starting Journal Service...
         Starting Journal Service...
[   33.867966] systemd[1]: Starting Monitoring of LVM2 mirrors, snapshots etc. using dmeventd or progress polling...
         Starting Monitoring of LVM2 mirrors... dmeventd or progress polling...
[   33.960637] systemd[1]: Listening on udev Kernel Socket.
[[0;32m  OK  [0m] Listening on udev Kernel Socket.
[   34.017659] systemd[1]: Reached target Encrypted Volumes.
[[0;32m  OK  [0m] Reached target Encrypted Volumes.
[   34.065928] systemd[1]: Mounted POSIX Message Queue File System.
[[0;32m  OK  [0m] Mounted POSIX Message Queue File System.
[   34.104181] systemd[1]: Mounted Huge Pages File System.
[[0;32m  OK  [0m] Mounted Huge Pages File System.
[   34.148936] systemd[1]: Mounted Debug File System.
[[0;32m  OK  [0m] Mounted Debug File System.
[   34.221667] systemd[1]: Started Journal Service.
[[0;32m  OK  [0m] Started Journal Service.
[[0;32m  OK  [0m] Started Remount Root and Kernel File Systems.
[[0;32m  OK  [0m] Started Uncomplicated firewall.
[[0;32m  OK  [0m] Started Create list of required sta...ce nodes for the current kernel.
[[0;32m  OK  [0m] Started Load Kernel Modules.
[[0;32m  OK  [0m] Started Set console keymap.
[[0;32m  OK  [0m] Started Nameserver information manager.
[[0;32m  OK  [0m] Started LVM2 metadata daemon.
         Mounting FUSE Control File System...
         Starting Apply Kernel Variables...
         Starting Create Static Device Nodes in /dev...
         Starting udev Coldplug all Devices...
         Starting Load/Save Random Seed...
         Starting Initial cloud-init job (pre-networking)...
         Starting Flush Journal to Persistent Storage...
[[0;32m  OK  [0m] Mounted FUSE Control File System.
[[0;32m  OK  [0m] Started Apply Kernel Variables.
[[0;32m  OK  [0m] Started Create Static Device Nodes in /dev.
[[0;32m  OK  [0m] Started Load/Save Random Seed.
[[0;32m  OK  [0m] Started udev Coldplug all Devices.
[[0;32m  OK  [0m] Started Flush Journal to Persistent Storage.
         Starting udev Kernel Device Manager...
[[0;32m  OK  [0m] Started udev Kernel Device Manager.
[[0;32m  OK  [0m] Started Dispatch Password Requests to Console Directory Watch.
[[0;32m  OK  [0m] Started Monitoring of LVM2 mirrors,...ng dmeventd or progress polling.
[[0;32m  OK  [0m] Reached target Local File Systems (Pre).
[[0;32m  OK  [0m] Reached target Local File Systems.
         Starting Create Volatile Files and Directories...
         Starting LSB: AppArmor initialization...
         Starting Tell Plymouth To Write Out Runtime Data...
         Starting Set console font and keymap...
[[0;32m  OK  [0m] Started Create Volatile Files and Directories.
[[0;32m  OK  [0m] Started Tell Plymouth To Write Out Runtime Data.
[[0;32m  OK  [0m] Found device /dev/ttyS0.
[[0;32m  OK  [0m] Started LSB: AppArmor initialization.
[   20.651826] cloud-init[485]: Cloud-init v. 0.7.8 running 'init-local' at Sat, 11 Mar 2017 04:27:54 +0000. Up 20.20 seconds.
[[0;32m  OK  [0m] Listening on Load/Save RF Kill Switch Status /dev/rfkill Watch.
[[0;32m  OK  [0m] Reached target System Time Synchronized.
         Starting Update UTMP about System Boot/Shutdown...
[[0;32m  OK  [0m] Started Set console font and keymap.
[[0;32m  OK  [0m] Started Initial cloud-init job (pre-networking).
[[0;32m  OK  [0m] Found device 82540EM Gigabit Ethern...r (PRO/1000 MT Desktop Adapter).
[[0;32m  OK  [0m] Reached target Network (Pre).
[[0;32m  OK  [0m] Started ifup for enp0s3.
         Starting Raise network interfaces...
[[0;32m  OK  [0m] Created slice system-getty.slice.
[[0;32m  OK  [0m] Started Update UTMP about System Boot/Shutdown.
[[0;1;31mFAILED[0m] Failed to start Raise network interfaces.
See 'systemctl status networking.service' for details.
[[0;32m  OK  [0m] Reached target Network.
         Starting Initial cloud-init job (metadata service crawler)...
[   23.756433] cloud-init[1090]: Cloud-init v. 0.7.8 running 'init' at Sat, 11 Mar 2017 04:27:57 +0000. Up 23.55 seconds.
[   23.868647] cloud-init[1090]: ci-info: +++++++++++++++++++++++++++++++++++++Net device info++++++++++++++++++++++++++++++++++++++
[[0;32m  OK  [0m] Started Initial cloud-init job (metadata service crawler).
[[   23.968182] cloud-init[1090]: ci-info: +--------+------+----------------------------+---------------+-------+-------------------+
[   24.022644] cloud-init[1090]: ci-info: | Device |  Up  |          Address           |      Mask     | Scope |     Hw-Address    |
[0;32m  OK  [0m] Reached target Network is Online.
[   24.022764] cloud-init[1090]: ci-info: +--------+------+----------------------------+---------------+-------+-------------------+
[   24.356630] cloud-init[1090]: ci-info: |   lo   | True |         127.0.0.1          |   255.0.0.0   |   .   |         .         |
         Starting iSCSI initiator daemon (iscsid)...
[   24.357100] cloud-init[1090]: ci-info: |   lo   | True |          ::1/128           |       .       |  host |         .         |
[   24.588592] cloud-init[1090]: ci-info: | enp0s3 | True |         10.0.2.15          | 255.255.255.0 |   .   | 02:f2:f2:0c:4e:d5 |
[   24.589112] cloud-init[1090]: ci-info: | enp0s3 | True | fe80::f2:f2ff:fe0c:4ed5/64 |       .       |  link | 02:f2:f2:0c:4e:d5 |
[[0;32m  OK  [0m] Reached target Cloud-config availability.
[[   24.589331] cloud-init[1090]: ci-info: +--------+------+----------------------------+---------------+-------+-------------------+
[   24.804667] cloud-init[1090]: ci-info: +++++++++++++++++++++++++++Route IPv4 info++++++++++++++++++++++++++++
[   24.804739] cloud-init[1090]: ci-info: +-------+-------------+----------+---------------+-----------+-------+
[   24.804859] cloud-init[1090]: ci-info: | Route | Destination | Gateway  |    Genmask    | Interface | Flags |
[   24.804985] cloud-init[1090]: ci-info: +-------+-------------+----------+---------------+-----------+-------+
[   24.805118] cloud-init[1090]: ci-info: |   0   |   0.0.0.0   | 10.0.2.2 |    0.0.0.0    |   enp0s3  |   UG  |
[   24.805235] cloud-init[1090]: ci-info: |   1   |   10.0.2.0  | 0.0.0.0  | 255.255.255.0 |   enp0s3  |   U   |
[   24.805361] cloud-init[1090]: ci-info: +-------+-------------+----------+---------------+-----------+-------+
[0;32m  OK  [0m] Reached target System Initialization.
[[0;32m  OK  [0m] Started Daily Cleanup of Temporary Directories.
[[0;32m  OK  [0m] Started Timer to automatically refresh installed snaps.
[[0;32m  OK  [0m] Started Trigger resolvconf update for networkd DNS.
         Starting Socket activation for snappy daemon.
[[0;32m  OK  [0m] Listening on ACPID Listen Socket.
         Starting LXD - unix socket.
[[0;32m  OK  [0m] Listening on UUID daemon activation socket.
[[0;32m  OK  [0m] Started ACPI Events Check.
[[0;32m  OK  [0m] Reached target Paths.
[[0;32m  OK  [0m] Listening on D-Bus System Message Bus Socket.
[[0;32m  OK  [0m] Started Daily apt activities.
[[0;32m  OK  [0m] Reached target Timers.
[[0;32m  OK  [0m] Listening on Socket activation for snappy daemon.
[[0;32m  OK  [0m] Listening on LXD - unix socket.
[[0;32m  OK  [0m] Started iSCSI initiator daemon (iscsid).
         Starting Login to default iSCSI targets...
[[0;32m  OK  [0m] Reached target Sockets.
[[0;32m  OK  [0m] Reached target Basic System.
         Starting LSB: Record successful boot for GRUB...
         Starting Login Service...
         Starting LXD - container startup/shutdown...
         Starting LSB: MD monitoring daemon...
[[0;32m  OK  [0m] Started ACPI event daemon.
         Starting Apply the settings specified in cloud-config...
[[0;32m  OK  [0m] Started FUSE filesystem for LXC.
         Starting Accounts Service...
[[0;32m  OK  [0m] Started Snappy daemon.
         Starting Auto import assertions from block devices...
         Starting System Logging Service...
[[0;32m  OK  [0m] Started Deferred execution scheduler.
[   26.682406] cloud-init[1166]: Cloud-init v. 0.7.8 running 'modules:config' at Sat, 11 Mar 2017 04:28:00 +0000. Up 26.61 seconds.
         Starting MySQL Community Server...
         Starting Daily apt activities...
         Starting /etc/rc.local Compatibility...
         Starting OpenBSD Secure Shell server...
[[0;32m  OK  [0m] Started D-Bus System Message Bus.
[[0;32m  OK  [0m] Started Regular background program processing daemon.
[[0;32m  OK  [0m] Started System Logging Service.
[[0;32m  OK  [0m] Started OpenBSD Secure Shell server.
[[0;32m  OK  [0m] Started LXD - container startup/shutdown.
[[0;32m  OK  [0m] Started Apply the settings specified in cloud-config.
[[0;32m  OK  [0m] Started Auto import assertions from block devices.
[[0;32m  OK  [0m] Started /etc/rc.local Compatibility.
[[0;32m  OK  [0m] Started LSB: Record successful boot for GRUB.
[[0;32m  OK  [0m] Started Login to default iSCSI targets.
[[0;32m  OK  [0m] Started LSB: MD monitoring daemon.
[[0;32m  OK  [0m] Started Login Service.
         Starting Authenticate and Authorize Users to Run Privileged Tasks...
[[0;32m  OK  [0m] Reached target Remote File Systems (Pre).
[[0;32m  OK  [0m] Reached target Remote File Systems.
         Starting LSB: daemon to balance interrupts for SMP systems...
         Starting LSB: Set the CPU Frequency Scaling governor to "ondemand"...
         Starting LSB: Apache2 web server...
         Starting LSB: VirtualBox Linux Additions...
         Starting Permit User Sessions...
         Starting LSB: automatic crash report generation...
[[0;32m  OK  [0m] Started Permit User Sessions.
[[0;32m  OK  [0m] Started Authenticate and Authorize Users to Run Privileged Tasks.
[[0;32m  OK  [0m] Started Accounts Service.
[[0;32m  OK  [0m] Started LSB: Set the CPU Frequency Scaling governor to "ondemand".
[[0;32m  OK  [0m] Started LSB: daemon to balance interrupts for SMP systems.
[[0;32m  OK  [0m] Started MySQL Community Server.
[[0;32m  OK  [0m] Created slice User Slice of ubuntu.
         Starting User Manager for UID 1000...
[[0;32m  OK  [0m] Started Session 1 of user ubuntu.
         Starting Terminate Plymouth Boot Screen...
         Starting Hold until boot process finishes up...
[[0;32m  OK  [0m] Started User Manager for UID 1000.
[[0;32m  OK  [0m] Started LSB: VirtualBox Linux Additions.
[[0;32m  OK  [0m] Started LSB: automatic crash report generation.
[[0;32m  OK  [0m] Started Terminate Plymouth Boot Screen.
[[0;32m  OK  [0m] Started Hold until boot process finishes up.
         Starting Set console scheme...
[[0;32m  OK  [0m] Started Serial Getty on ttyS0.
[[0;32m  OK  [0m] Started Getty on tty1.
[[0;32m  OK  [0m] Reached target Login Prompts.
[[0;32m  OK  [0m] Started Set console scheme.
[[0;32m  OK  [0m] Started LSB: Apache2 web server.
[[0;32m  OK  [0m] Reached target Multi-User System.
         Starting Execute cloud user/final scripts...
[[0;32m  OK  [0m] Reached target Graphical Interface.
         Starting Update UTMP about System Runlevel Changes...
[[0;32m  OK  [0m] Started Update UTMP about System Runlevel Changes.
[   30.010775] cloud-init[1666]: Cloud-init v. 0.7.8 running 'modules:final' at Sat, 11 Mar 2017 04:28:03 +0000. Up 29.90 seconds.
[[   30.120321] cloud-init[1666]: Cloud-init v. 0.7.8 finished at Sat, 11 Mar 2017 04:28:04 +0000. Datasource DataSourceNoCloud [seed=/dev/sdb][dsmode=net].  Up 30.00 seconds
[0;32m  OK  [0m] Started Execute cloud user/final scripts.
[[0;32m  OK  [0m] Reached target Cloud-init target.
         Stopping User Manager for UID 1000...
[[0;32m  OK  [0m] Stopped User Manager for UID 1000.
[[0;32m  OK  [0m] Removed slice User Slice of ubuntu.

Ubuntu 16.04.2 LTS ubuntu-xenial ttyS0

ubuntu-xenial login: [[0;32m  OK  [0m] Started ACPI event daemon.
[[0;32m  OK  [0m] Started Daily apt activities.
