[    0.000000] Initializing cgroup subsys cpuset
[    0.000000] Initializing cgroup subsys cpu
[    0.000000] Initializing cgroup subsys cpuacct
[    0.000000] Linux version 4.4.0-62-generic (buildd@lcy01-30) (gcc version 5.4.0 20160609 (Ubuntu 5.4.0-6ubuntu1~16.04.4) ) #83-Ubuntu SMP Wed Jan 18 14:10:15 UTC 2017 (Ubuntu 4.4.0-62.83-generic 4.4.40)
[    0.000000] Command line: BOOT_IMAGE=/boot/vmlinuz-4.4.0-62-generic root=LABEL=cloudimg-rootfs ro console=tty1 console=ttyS0
[    0.000000] KERNEL supported cpus:
[    0.000000]   Intel GenuineIntel
[    0.000000]   AMD AuthenticAMD
[    0.000000]   Centaur CentaurHauls
[    0.000000] x86/fpu: xstate_offset[2]:  576, xstate_sizes[2]:  256
[    0.000000] x86/fpu: Supporting XSAVE feature 0x01: 'x87 floating point registers'
[    0.000000] x86/fpu: Supporting XSAVE feature 0x02: 'SSE registers'
[    0.000000] x86/fpu: Supporting XSAVE feature 0x04: 'AVX registers'
[    0.000000] x86/fpu: Enabled xstate features 0x7, context size is 832 bytes, using 'standard' format.
[    0.000000] x86/fpu: Using 'lazy' FPU context switches.
[    0.000000] e820: BIOS-provided physical RAM map:
[    0.000000] BIOS-e820: [mem 0x0000000000000000-0x000000000009fbff] usable
[    0.000000] BIOS-e820: [mem 0x000000000009fc00-0x000000000009ffff] reserved
[    0.000000] BIOS-e820: [mem 0x00000000000f0000-0x00000000000fffff] reserved
[    0.000000] BIOS-e820: [mem 0x0000000000100000-0x000000003ffeffff] usable
[    0.000000] BIOS-e820: [mem 0x000000003fff0000-0x000000003fffffff] ACPI data
[    0.000000] BIOS-e820: [mem 0x00000000fec00000-0x00000000fec00fff] reserved
[    0.000000] BIOS-e820: [mem 0x00000000fee00000-0x00000000fee00fff] reserved
[    0.000000] BIOS-e820: [mem 0x00000000fffc0000-0x00000000ffffffff] reserved
[    0.000000] NX (Execute Disable) protection: active
[    0.000000] SMBIOS 2.5 present.
[    0.000000] Hypervisor detected: KVM
[    0.000000] e820: last_pfn = 0x3fff0 max_arch_pfn = 0x400000000
[    0.000000] MTRR: Disabled
[    0.000000] x86/PAT: MTRRs disabled, skipping PAT initialization too.
[    0.000000] x86/PAT: Configuration [0-7]: WB  WT  UC- UC  WB  WT  UC- UC  
[    0.000000] CPU MTRRs all blank - virtualized system.
[    0.000000] found SMP MP-table at [mem 0x0009fff0-0x0009ffff] mapped at [ffff88000009fff0]
[    0.000000] Scanning 1 areas for low memory corruption
[    0.000000] RAMDISK: [mem 0x36b76000-0x375b2fff]
[    0.000000] ACPI: Early table checksum verification disabled
[    0.000000] ACPI: RSDP 0x00000000000E0000 000024 (v02 VBOX  )
[    0.000000] ACPI: XSDT 0x000000003FFF0030 00003C (v01 VBOX   VBOXXSDT 00000001 ASL  00000061)
[    0.000000] ACPI: FACP 0x000000003FFF00F0 0000F4 (v04 VBOX   VBOXFACP 00000001 ASL  00000061)
[    0.000000] ACPI: DSDT 0x000000003FFF0470 00210F (v01 VBOX   VBOXBIOS 00000002 INTL 20100528)
[    0.000000] ACPI: FACS 0x000000003FFF0200 000040
[    0.000000] ACPI: FACS 0x000000003FFF0200 000040
[    0.000000] ACPI: APIC 0x000000003FFF0240 00005C (v02 VBOX   VBOXAPIC 00000001 ASL  00000061)
[    0.000000] ACPI: SSDT 0x000000003FFF02A0 0001CC (v01 VBOX   VBOXCPUT 00000002 INTL 20100528)
[    0.000000] No NUMA configuration found
[    0.000000] Faking a node at [mem 0x0000000000000000-0x000000003ffeffff]
[    0.000000] NODE_DATA(0) allocated [mem 0x3ffeb000-0x3ffeffff]
[    0.000000] kvm-clock: Using msrs 4b564d01 and 4b564d00
[    0.000000] kvm-clock: cpu 0, msr 0:3ffe3001, primary cpu clock
[    0.000000] kvm-clock: using sched offset of 3072327568 cycles
[    0.000000] clocksource: kvm-clock: mask: 0xffffffffffffffff max_cycles: 0x1cd42e4dffb, max_idle_ns: 881590591483 ns
[    0.000000] Zone ranges:
[    0.000000]   DMA      [mem 0x0000000000001000-0x0000000000ffffff]
[    0.000000]   DMA32    [mem 0x0000000001000000-0x000000003ffeffff]
[    0.000000]   Normal   empty
[    0.000000]   Device   empty
[    0.000000] Movable zone start for each node
[    0.000000] Early memory node ranges
[    0.000000]   node   0: [mem 0x0000000000001000-0x000000000009efff]
[    0.000000]   node   0: [mem 0x0000000000100000-0x000000003ffeffff]
[    0.000000] Initmem setup node 0 [mem 0x0000000000001000-0x000000003ffeffff]
[    0.000000] ACPI: PM-Timer IO Port: 0x4008
[    0.000000] IOAPIC[0]: apic_id 2, version 32, address 0xfec00000, GSI 0-23
[    0.000000] ACPI: INT_SRC_OVR (bus 0 bus_irq 0 global_irq 2 dfl dfl)
[    0.000000] ACPI: INT_SRC_OVR (bus 0 bus_irq 9 global_irq 9 high level)
[    0.000000] Using ACPI (MADT) for SMP configuration information
[    0.000000] smpboot: Allowing 2 CPUs, 0 hotplug CPUs
[    0.000000] PM: Registered nosave memory: [mem 0x00000000-0x00000fff]
[    0.000000] PM: Registered nosave memory: [mem 0x0009f000-0x0009ffff]
[    0.000000] PM: Registered nosave memory: [mem 0x000a0000-0x000effff]
[    0.000000] PM: Registered nosave memory: [mem 0x000f0000-0x000fffff]
[    0.000000] e820: [mem 0x40000000-0xfebfffff] available for PCI devices
[    0.000000] Booting paravirtualized kernel on KVM
[    0.000000] clocksource: refined-jiffies: mask: 0xffffffff max_cycles: 0xffffffff, max_idle_ns: 7645519600211568 ns
[    0.000000] setup_percpu: NR_CPUS:512 nr_cpumask_bits:512 nr_cpu_ids:2 nr_node_ids:1
[    0.000000] PERCPU: Embedded 33 pages/cpu @ffff88003fc00000 s98264 r8192 d28712 u1048576
[    0.000000] PV qspinlock hash table entries: 256 (order: 0, 4096 bytes)
[    0.000000] Built 1 zonelists in Node order, mobility grouping on.  Total pages: 257913
[    0.000000] Policy zone: DMA32
[    0.000000] Kernel command line: BOOT_IMAGE=/boot/vmlinuz-4.4.0-62-generic root=LABEL=cloudimg-rootfs ro console=tty1 console=ttyS0
[    0.000000] PID hash table entries: 4096 (order: 3, 32768 bytes)
[    0.000000] Memory: 1002096K/1048120K available (8436K kernel code, 1291K rwdata, 3960K rodata, 1488K init, 1316K bss, 46024K reserved, 0K cma-reserved)
[    0.000000] SLUB: HWalign=64, Order=0-3, MinObjects=0, CPUs=2, Nodes=1
[    0.000000] Hierarchical RCU implementation.
[    0.000000] 	Build-time adjustment of leaf fanout to 64.
[    0.000000] 	RCU restricting CPUs from NR_CPUS=512 to nr_cpu_ids=2.
[    0.000000] RCU: Adjusting geometry for rcu_fanout_leaf=64, nr_cpu_ids=2
[    0.000000] NR_IRQS:33024 nr_irqs:440 16
[    0.000000] Console: colour VGA+ 80x25
[    0.000000] console [tty1] enabled
[    0.000000] console [ttyS0] enabled
[    0.000000] tsc: Detected 2194.918 MHz processor
[   10.269802] Calibrating delay loop (skipped) preset value.. 4389.83 BogoMIPS (lpj=8779672)
[   10.424844] pid_max: default: 32768 minimum: 301
[   10.490686] ACPI: Core revision 20150930
[   10.517348] ACPI: 2 ACPI AML tables successfully acquired and loaded
[   10.672346] Security Framework initialized
[   10.739879] Yama: becoming mindful.
[   10.824177] AppArmor: AppArmor initialized
[   10.911454] Dentry cache hash table entries: 131072 (order: 8, 1048576 bytes)
[   11.078161] Inode-cache hash table entries: 65536 (order: 7, 524288 bytes)
[   11.138179] Mount-cache hash table entries: 2048 (order: 2, 16384 bytes)
[   11.296825] Mountpoint-cache hash table entries: 2048 (order: 2, 16384 bytes)
[   11.443712] Initializing cgroup subsys io
[   11.531858] Initializing cgroup subsys memory
[   11.616382] Initializing cgroup subsys devices
[   11.709979] Initializing cgroup subsys freezer
[   11.800760] Initializing cgroup subsys net_cls
[   11.892711] Initializing cgroup subsys perf_event
[   12.004905] Initializing cgroup subsys net_prio
[   12.111653] Initializing cgroup subsys hugetlb
[   12.200654] Initializing cgroup subsys pids
[   12.249148] CPU: Physical Processor ID: 0
[   12.330594] CPU: Processor Core ID: 0
[   12.421532] mce: CPU supports 0 MCE banks
[   12.480593] Last level iTLB entries: 4KB 1024, 2MB 1024, 4MB 1024
[   12.518165] Last level dTLB entries: 4KB 1024, 2MB 1024, 4MB 1024, 1GB 4
[   12.578384] Freeing SMP alternatives memory: 32K (ffffffff820b8000 - ffffffff820c0000)
[   12.734500] ftrace: allocating 32065 entries in 126 pages
[   12.802327] smpboot: APIC(0) Converting physical 0 to logical package 0
[   12.947200] smpboot: Max logical packages: 1
[   13.043670] x2apic enabled
[   13.108419] Switched APIC routing to physical x2apic.
[   13.224081] ..TIMER: vector=0x30 apic1=0 pin1=2 apic2=-1 pin2=-1
[   13.368436] smpboot: CPU0: Intel(R) Core(TM) i7-4770HQ CPU @ 2.20GHz (family: 0x6, model: 0x46, stepping: 0x1)
[   13.611304] Performance Events: unsupported p6 CPU model 70 no PMU driver, software events only.
[   13.818438] KVM setup paravirtual spinlock
[   13.854404] x86: Booting SMP configuration:
[   13.855306] .... node  #0, CPUs:      #1
[   13.856297] kvm-clock: cpu 1, msr 0:3ffe3041, secondary cpu clock
[   14.033789] mce: CPU supports 0 MCE banks
[   14.138438] x86: Booted up 1 node, 2 CPUs
[   14.213801] smpboot: Total of 2 processors activated (8779.67 BogoMIPS)
[   14.303526] devtmpfs: initialized
[   14.355465] evm: security.selinux
[   14.369929] evm: security.SMACK64
[   14.391426] evm: security.SMACK64EXEC
[   14.393885] evm: security.SMACK64TRANSMUTE
[   14.394627] evm: security.SMACK64MMAP
[   14.395309] evm: security.ima
[   14.395905] evm: security.capability
[   14.396778] clocksource: jiffies: mask: 0xffffffff max_cycles: 0xffffffff, max_idle_ns: 7645041785100000 ns
[   14.519807] pinctrl core: initialized pinctrl subsystem
[   14.640293] RTC time: 19:20:05, date: 02/17/17
[   14.742116] NET: Registered protocol family 16
[   14.841861] cpuidle: using governor ladder
[   14.930199] cpuidle: using governor menu
[   15.023642] PCCT header not found.
[   15.101735] ACPI: bus type PCI registered
[   15.209988] acpiphp: ACPI Hot Plug PCI Controller Driver version: 0.5
[   15.374536] PCI: Using configuration type 1 for base access
[   15.402646] ACPI: Added _OSI(Module Device)
[   15.453153] ACPI: Added _OSI(Processor Device)
[   15.481468] ACPI: Added _OSI(3.0 _SCP Extensions)
[   15.601739] ACPI: Added _OSI(Processor Aggregator Device)
[   15.722454] ACPI: Executed 1 blocks of module-level executable AML code
[   15.887003] ACPI: Interpreter enabled
[   15.953393] ACPI: (supports S0 S5)
[   16.026531] ACPI: Using IOAPIC for interrupt routing
[   16.114484] PCI: Using host bridge windows from ACPI; if necessary, use "pci=nocrs" and report a bug
[   16.333429] ACPI: PCI Root Bridge [PCI0] (domain 0000 [bus 00-ff])
[   16.464385] acpi PNP0A03:00: _OSC: OS supports [ASPM ClockPM Segments MSI]
[   16.551523] acpi PNP0A03:00: _OSC failed (AE_NOT_FOUND); disabling ASPM
[   16.680142] acpi PNP0A03:00: fail to add MMCONFIG information, can't access extended PCI configuration space under this bridge.
[   16.888478] PCI host bridge to bus 0000:00
[   16.889214] pci_bus 0000:00: root bus resource [io  0x0000-0x0cf7 window]
[   16.953560] pci_bus 0000:00: root bus resource [io  0x0d00-0xffff window]
[   17.127710] pci_bus 0000:00: root bus resource [mem 0x000a0000-0x000bffff window]
[   17.315545] pci_bus 0000:00: root bus resource [mem 0x40000000-0xffdfffff window]
[   17.466196] pci_bus 0000:00: root bus resource [bus 00-ff]
[   17.602108] pci 0000:00:01.1: legacy IDE quirk: reg 0x10: [io  0x01f0-0x01f7]
[   17.641422] pci 0000:00:01.1: legacy IDE quirk: reg 0x14: [io  0x03f6]
[   17.707191] pci 0000:00:01.1: legacy IDE quirk: reg 0x18: [io  0x0170-0x0177]
[   17.878794] pci 0000:00:01.1: legacy IDE quirk: reg 0x1c: [io  0x0376]
[   17.904798] pci 0000:00:07.0: quirk: [io  0x4000-0x403f] claimed by PIIX4 ACPI
[   18.091280] pci 0000:00:07.0: quirk: [io  0x4100-0x410f] claimed by PIIX4 SMB
[   18.221602] ACPI: PCI Interrupt Link [LNKA] (IRQs 5 9 10 *11)
[   18.347261] ACPI: PCI Interrupt Link [LNKB] (IRQs 5 9 10 *11)
[   18.484875] ACPI: PCI Interrupt Link [LNKC] (IRQs 5 9 *10 11)
[   18.606830] ACPI: PCI Interrupt Link [LNKD] (IRQs 5 *9 10 11)
[   18.686656] ACPI: Enabled 2 GPEs in block 00 to 07
[   18.720849] vgaarb: setting as boot device: PCI:0000:00:02.0
[   18.819470] vgaarb: device added: PCI:0000:00:02.0,decodes=io+mem,owns=io+mem,locks=none
[   18.999363] vgaarb: loaded
[   19.063173] vgaarb: bridge control possible 0000:00:02.0
[   19.203593] SCSI subsystem initialized
[   19.292323] ACPI: bus type USB registered
[   19.387343] usbcore: registered new interface driver usbfs
[   19.532928] usbcore: registered new interface driver hub
[   19.663273] usbcore: registered new device driver usb
[   19.773275] PCI: Using ACPI for IRQ routing
[   19.795318] NetLabel: Initializing
[   19.808509] NetLabel:  domain hash size = 128
[   19.809284] NetLabel:  protocols = UNLABELED CIPSOv4
[   19.810148] NetLabel:  unlabeled traffic allowed by default
[   19.823760] amd_nb: Cannot enumerate AMD northbridges
[   19.895964] clocksource: Switched to clocksource kvm-clock
[   20.020030] AppArmor: AppArmor Filesystem Enabled
[   20.132715] pnp: PnP ACPI init
[   20.214590] pnp: PnP ACPI: found 3 devices
[   20.331441] clocksource: acpi_pm: mask: 0xffffff max_cycles: 0xffffff, max_idle_ns: 2085701024 ns
[   20.564429] NET: Registered protocol family 2
[   20.681298] TCP established hash table entries: 8192 (order: 4, 65536 bytes)
[   20.869842] TCP bind hash table entries: 8192 (order: 5, 131072 bytes)
[   20.901728] TCP: Hash tables configured (established 8192 bind 8192)
[   21.003679] UDP hash table entries: 512 (order: 2, 16384 bytes)
[   21.177575] UDP-Lite hash table entries: 512 (order: 2, 16384 bytes)
[   21.353227] NET: Registered protocol family 1
[   21.460192] pci 0000:00:00.0: Limiting direct PCI/PCI transfers
[   21.620674] pci 0000:00:01.0: Activating ISA DMA hang workarounds
[   21.782621] Trying to unpack rootfs image as initramfs...
[   23.460822] Freeing initrd memory: 10484K (ffff880036b76000 - ffff8800375b3000)
[   23.629091] platform rtc_cmos: registered platform RTC device (no PNP device found)
[   23.824867] Scanning for low memory corruption every 60 seconds
[   23.962654] futex hash table entries: 512 (order: 3, 32768 bytes)
[   24.106671] audit: initializing netlink subsys (disabled)
[   24.137516] audit: type=2000 audit(1487359200.790:1): initialized
[   24.193577] Initialise system trusted keyring
[   24.300784] HugeTLB registered 2 MB page size, pre-allocated 0 pages
[   24.474472] zbud: loaded
[   24.531036] VFS: Disk quotas dquot_6.6.0
[   24.644496] tsc: Refined TSC clocksource calibration: 2194.534 MHz
[   24.828231] clocksource: tsc: mask: 0xffffffffffffffff max_cycles: 0x1fa20729b88, max_idle_ns: 440795227806 ns
[   24.828338] VFS: Dquot-cache hash table entries: 512 (order 0, 4096 bytes)
[   24.828547] squashfs: version 4.0 (2009/01/31) Phillip Lougher
[   24.828733] fuse init (API version 7.23)
[   24.828824] Key type big_key registered
[   24.828843] Allocating IMA MOK and blacklist keyrings.
[   24.829018] Key type asymmetric registered
[   24.829023] Asymmetric key parser 'x509' registered
[   24.829052] Block layer SCSI generic (bsg) driver version 0.4 loaded (major 249)
[   24.829074] io scheduler noop registered
[   24.829077] io scheduler deadline registered (default)
[   24.829099] io scheduler cfq registered
[   24.829178] pci_hotplug: PCI Hot Plug PCI Core version: 0.5
[   24.829182] pciehp: PCI Express Hot Plug Controller Driver version: 0.4
[   24.829545] ACPI: AC Adapter [AC] (off-line)
[   24.829604] input: Power Button as /devices/LNXSYSTM:00/LNXPWRBN:00/input/input0
[   24.829606] ACPI: Power Button [PWRF]
[   24.829665] input: Sleep Button as /devices/LNXSYSTM:00/LNXSLPBN:00/input/input1
[   24.829666] ACPI: Sleep Button [SLPF]
[   24.829782] GHES: HEST is not enabled!
[   24.830963] ACPI: Battery Slot [BAT0] (battery present)
[   24.831003] Serial: 8250/16550 driver, 32 ports, IRQ sharing enabled
[   25.119793] 00:02: ttyS0 at I/O 0x3f8 (irq = 4, base_baud = 115200) is a 16550A
[   25.296550] Linux agpgart interface v0.103
[   25.547125] brd: module loaded
[   25.547749] loop: module loaded
[   25.548226] scsi host0: ata_piix
[   25.548270] scsi host1: ata_piix
[   25.548295] ata1: PATA max UDMA/33 cmd 0x1f0 ctl 0x3f6 bmdma 0xd000 irq 14
[   25.548295] ata2: PATA max UDMA/33 cmd 0x170 ctl 0x376 bmdma 0xd008 irq 15
[   25.548357] libphy: Fixed MDIO Bus: probed
[   25.548359] tun: Universal TUN/TAP device driver, 1.6
[   25.548360] tun: (C) 1999-2004 Max Krasnyansky <maxk@qualcomm.com>
[   25.548616] PPP generic driver version 2.4.2
[   25.548672] ehci_hcd: USB 2.0 'Enhanced' Host Controller (EHCI) Driver
[   25.548676] ehci-pci: EHCI PCI platform driver
[   25.548690] ehci-platform: EHCI generic platform driver
[   25.548697] ohci_hcd: USB 1.1 'Open' Host Controller (OHCI) Driver
[   25.548700] ohci-pci: OHCI PCI platform driver
[   25.548707] ohci-platform: OHCI generic platform driver
[   25.548712] uhci_hcd: USB Universal Host Controller Interface driver
[   25.548762] i8042: PNP: PS/2 Controller [PNP0303:PS2K,PNP0f03:PS2M] at 0x60,0x64 irq 1,12
[   25.580937] serio: i8042 KBD port at 0x60,0x64 irq 1
[   25.580946] serio: i8042 AUX port at 0x60,0x64 irq 12
[   25.581130] mousedev: PS/2 mouse device common for all mice
[   25.581587] rtc_cmos rtc_cmos: rtc core: registered rtc_cmos as rtc0
[   25.581663] rtc_cmos rtc_cmos: alarms up to one day, 114 bytes nvram
[   25.581673] i2c /dev entries driver
[   25.581749] device-mapper: uevent: version 1.0.3
[   25.581843] device-mapper: ioctl: 4.34.0-ioctl (2015-10-28) initialised: dm-devel@redhat.com
[   25.581862] ledtrig-cpu: registered to indicate activity on CPUs
[   25.582194] NET: Registered protocol family 10
[   25.582375] NET: Registered protocol family 17
[   25.582386] Key type dns_resolver registered
[   25.727291] microcode: CPU0 sig=0x40661, pf=0x40, revision=0x0
[   25.727356] microcode: CPU1 sig=0x40661, pf=0x40, revision=0x0
[   25.727444] microcode: Microcode Update Driver: v2.01 <tigran@aivazian.fsnet.co.uk>, Peter Oruba
[   25.727558] registered taskstats version 1
[   25.727573] Loading compiled-in X.509 certificates
[   25.728145] Loaded X.509 cert 'Build time autogenerated kernel key: a630254739635d6fdc487c9f0afa5d9a0ff04f04'
[   25.728165] zswap: loaded using pool lzo/zbud
[   25.729401] Key type trusted registered
[   25.731224] Key type encrypted registered
[   25.731228] AppArmor: AppArmor sha1 policy hashing enabled
[   25.731231] ima: No TPM chip found, activating TPM-bypass!
[   25.731250] evm: HMAC attrs: 0x1
[   25.731483]   Magic number: 5:539:344
[   25.731505] tty tty61: hash matches
[   25.899517] rtc_cmos rtc_cmos: setting system clock to 2017-02-17 19:20:16 UTC (1487359216)
[   25.899676] BIOS EDD facility v0.16 2004-Jun-25, 0 devices found
[   25.899676] EDD information not available.
[   26.305038] input: AT Translated Set 2 keyboard as /devices/platform/i8042/serio0/input/input2
[   30.597161] Freeing unused kernel memory: 1488K (ffffffff81f44000 - ffffffff820b8000)
[   30.624287] Write protecting the kernel read-only data: 14336k
[   30.728949] Freeing unused kernel memory: 1792K (ffff880001840000 - ffff880001a00000)
[   31.082282] Freeing unused kernel memory: 136K (ffff880001dde000 - ffff880001e00000)
Loading, please wait...
[   31.383203] random: systemd-udevd: uninitialized urandom read (16 bytes read, 4 bits of entropy available)
starting version[   31.383770] random: udevadm: uninitialized urandom read (16 bytes read, 4 bits of entropy available)
 229
[   31.383799] random: udevadm: uninitialized urandom read (16 bytes read, 4 bits of entropy available)
[   31.383897] random: udevadm: uninitialized urandom read (16 bytes read, 4 bits of entropy available)
[   31.383930] random: udevadm: uninitialized urandom read (16 bytes read, 4 bits of entropy available)
[   31.383964] random: udevadm: uninitialized urandom read (16 bytes read, 4 bits of entropy available)
[   31.383996] random: udevadm: uninitialized urandom read (16 bytes read, 4 bits of entropy available)
[   31.384033] random: udevadm: uninitialized urandom read (16 bytes read, 4 bits of entropy available)
[   31.384103] random: udevadm: uninitialized urandom read (16 bytes read, 4 bits of entropy available)
[   31.384136] random: udevadm: uninitialized urandom read (16 bytes read, 4 bits of entropy available)
[   33.881482] Fusion MPT base driver 3.04.20
[   33.896882] Copyright (c) 1999-2008 LSI Corporation
[   34.015737] Fusion MPT SPI Host driver 3.04.20
[   34.128520] mptbase: ioc0: Initiating bringup
[   34.251354] e1000: Intel(R) PRO/1000 Network Driver - version 7.3.21-k8-NAPI
[   34.451672] e1000: Copyright (c) 1999-2006 Intel Corporation.
[   34.635570] AVX version of gcm_enc/dec engaged.
[   34.747963] AES CTR mode by8 optimization enabled
[   34.796153] ioc0: LSI53C1030 A0: Capabilities={Initiator}
[   34.957687] scsi host2: ioc0: LSI53C1030 A0, FwRev=00000000h, Ports=1, MaxQ=256, IRQ=20
[   35.071267] input: ImExPS/2 Generic Explorer Mouse as /devices/platform/i8042/serio1/input/input4
[   35.398087] scsi 2:0:0:0: Direct-Access     VBOX     HARDDISK         1.0  PQ: 0 ANSI: 5
[   35.798970] scsi target2:0:0: Beginning Domain Validation
[   35.933455] scsi target2:0:0: Domain Validation skipping write tests
[   36.051619] scsi target2:0:0: Ending Domain Validation
[   36.070258] scsi target2:0:0: asynchronous
[   36.093305] scsi 2:0:1:0: Direct-Access     VBOX     HARDDISK         1.0  PQ: 0 ANSI: 5
[   36.132347] e1000 0000:00:03.0 eth0: (PCI:33MHz:32-bit) 02:f2:f2:0c:4e:d5
[   36.132352] e1000 0000:00:03.0 eth0: Intel(R) PRO/1000 Network Connection
[   36.739981] scsi target2:0:1: Beginning Domain Validation
[   36.740670] e1000 0000:00:03.0 enp0s3: renamed from eth0
[   37.128964] scsi target2:0:1: Domain Validation skipping write tests
[   37.279565] scsi target2:0:1: Ending Domain Validation
[   37.415161] floppy0: no floppy controllers found
[   37.548195] scsi target2:0:1: asynchronous
[   37.758148] sd 2:0:0:0: Attached scsi generic sg0 type 0
[   37.759268] sd 2:0:0:0: [sda] 20971520 512-byte logical blocks: (10.7 GB/10.0 GiB)
[   37.768065] sd 2:0:1:0: Attached scsi generic sg1 type 0
[   38.025119] sd 2:0:1:0: [sdb] 20480 512-byte logical blocks: (10.5 MB/10.0 MiB)
[   38.025430] sd 2:0:1:0: [sdb] Write Protect is off
[   38.025708] sd 2:0:1:0: [sdb] Incomplete mode parameter data
[   38.025709] sd 2:0:1:0: [sdb] Assuming drive cache: write through
[   38.027781] sd 2:0:1:0: [sdb] Attached SCSI disk
[   39.131911] sd 2:0:0:0: [sda] Write Protect is off
[   39.261161] sd 2:0:0:0: [sda] Incomplete mode parameter data
[   39.316575] sd 2:0:0:0: [sda] Assuming drive cache: write through
[   39.427129]  sda: sda1
[   39.501058] sd 2:0:0:0: [sda] Attached SCSI disk
Begin: Loading e[   40.909713] md: linear personality registered for level -1
ssential drivers[   41.060769] md: multipath personality registered for level -4
 ... [   41.224936] md: raid0 personality registered for level 0
[   41.356475] md: raid1 personality registered for level 1
[   41.520527] raid6: sse2x1   gen()  9229 MB/s
[   41.688024] raid6: sse2x1   xor()  7439 MB/s
[   41.860394] raid6: sse2x2   gen() 11957 MB/s
[   42.004296] raid6: sse2x2   xor()  7803 MB/s
[   42.160200] raid6: sse2x4   gen() 12853 MB/s
[   42.320006] raid6: sse2x4   xor() 10208 MB/s
[   42.373682] raid6: using algorithm sse2x4 gen() 12853 MB/s
[   42.395774] raid6: .... xor() 10208 MB/s, rmw enabled
[   42.485733] raid6: using ssse3x2 recovery algorithm
[   42.557915] xor: automatically using best checksumming function:
[   42.608154]    avx       : 24050.000 MB/sec
[   42.772853] async_tx: api initialized (async)
[   42.856673] md: raid6 personality registered for level 6
[   42.914847] md: raid5 personality registered for level 5
[   42.952847] md: raid4 personality registered for level 4
[   42.999128] md: raid10 personality registered for level 10
done.
Begin: Running /scripts/init-premount ... done.
Begin: Mounting root file syst[   43.143879] Btrfs loaded
em ... Begin: Running /scripts/local-top ... done.
Begin: Runni[   43.238790] EXT4-fs (sda1): INFO: recovery required on readonly filesystem
ng /scripts/loca[   43.614885] EXT4-fs (sda1): write access will be enabled during recovery
l-premount ... Scanning for Btrfs filesystems
done.
Warning: fsck not present, so skipping root file system
[   43.698824] EXT4-fs (sda1): orphan cleanup on readonly fs
[   43.701333] EXT4-fs (sda1): 6 orphan inodes deleted
[   43.780788] EXT4-fs (sda1): recovery complete
[   43.982070] EXT4-fs (sda1): mounted filesystem with ordered data mode. Opts: (null)
done.
Begin: Running /scripts/local-bottom ... done.
Begin: Running /scripts/init-bottom ... done.
[   44.109954] systemd[1]: systemd 229 running in system mode. (+PAM +AUDIT +SELINUX +IMA +APPARMOR +SMACK +SYSVINIT +UTMP +LIBCRYPTSETUP +GCRYPT +GNUTLS +ACL +XZ -LZ4 +SECCOMP +BLKID +ELFUTILS +KMOD -IDN)
[   44.504368] systemd[1]: Detected virtualization oracle.
[   44.711954] systemd[1]: Detected architecture x86-64.

Welcome to [1mUbuntu 16.04.2 LTS[0m!

[   44.743048] systemd[1]: Set hostname to <ubuntu-xenial>.
[   44.834619] systemd[1]: Listening on udev Kernel Socket.
[[0;32m  OK  [0m] Listening on udev Kernel Socket.
[   44.856545] systemd[1]: Reached target Encrypted Volumes.
[[0;32m  OK  [0m] Reached target Encrypted Volumes.
[   45.061013] systemd[1]: Created slice System Slice.
[[0;32m  OK  [0m] Created slice System Slice.
[   45.232580] systemd[1]: Listening on LVM2 metadata daemon socket.
[[0;32m  OK  [0m] Listening on LVM2 metadata daemon socket.
[   45.432658] systemd[1]: Listening on Journal Socket (/dev/log).
[[0;32m  OK  [0m] Listening on Journal Socket (/dev/log).
[   45.640706] systemd[1]: Listening on Journal Socket.
[[0;32m  OK  [0m] Listening on Journal Socket.
[   45.804112] systemd[1]: Mounting Debug File System...
         Mounting Debug File System...
[   45.865616] systemd[1]: Starting Create list of required static device nodes for the current kernel...
         Starting Create list of required st... nodes for the current kernel...
[   46.176481] systemd[1]: Mounting Huge Pages File System...
         Mounting Huge Pages File System...
[   46.368540] systemd[1]: Listening on Syslog Socket.
[[0;32m  OK  [0m] Listening on Syslog Socket.
[   46.545078] systemd[1]: Started Forward Password Requests to Wall Directory Watch.
[[0;32m  OK  [0m] Started Forward Password Requests to Wall Directory Watch.
[   46.793211] systemd[1]: Created slice system-serial\x2dgetty.slice.
[[0;32m  OK  [0m] Created slice system-serial\x2dgetty.slice.
[   46.978513] systemd[1]: Starting Nameserver information manager...
         Starting Nameserver information manager...
[   47.208401] systemd[1]: Starting Set console keymap...
         [   47.320713] random: nonblocking pool is initialized
Starting Set console keymap...
[   47.484600] systemd[1]: Listening on Journal Audit Socket.
[[0;32m  OK  [0m] Listening on Journal Audit Socket.
[   47.684460] systemd[1]: Starting Remount Root and Kernel File Systems...
         [   47.869923] EXT4-fs (sda1): re-mounted. Opts: (null)
Starting Remount Root and Kernel File Systems...
[   47.972658] systemd[1]: Listening on LVM2 poll daemon socket.
[[0;32m  OK  [0m] Listening on LVM2 poll daemon socket.
[   48.109233] systemd[1]: Listening on /dev/initctl Compatibility Named Pipe.
[[0;32m  OK  [0m] Listening on /dev/initctl Compatibility Named Pipe.
[   48.360338] systemd[1]: Mounting POSIX Message Queue File System...
         Mounting POSIX Message Queue File System...
[   48.544618] systemd[1]: Listening on udev Control Socket.
[[0;32m  OK  [0m] Listening on udev Control Socket.
[   48.769066] systemd[1]: Starting Load Kernel Modules...
         Starting Load Ke[   48.907445] Loading iSCSI transport class v2.0-870.
rnel Modules...[   49.052784] iscsi: registered transport (tcp)

[   49.068293] systemd[1]: Listening on Device-mapper event daemon FIFOs.
[[0;32m  OK  [0m] Listening on Device-mapper event daemon FIFOs[   49.304214] iscsi: registered transport (iser)
.
[   49.428398] systemd[1]: Starting Monitoring of LVM2 mirrors, snapshots etc. using dmeventd or progress polling...
         Starting Monitoring of LVM2 mirrors... dmeventd or progress polling...
[   49.782351] systemd[1]: Reached target User and Group Name Lookups.
[[0;32m  OK  [0m] Reached target User and Group Name Lookups.
[   50.087153] systemd[1]: Set up automount Arbitrary Executable File Formats File System Automount Point.
[[0;32m  OK  [0m] Set up automount Arbitrary Executab...ats File System Automount Point.
[   50.220326] systemd[1]: Starting Journal Service...
         Starting Journal Service...
[   50.468963] systemd[1]: Reached target Swap.
[[0;32m  OK  [0m] Reached target Swap.
[   50.528723] systemd[1]: Created slice User and Session Slice.
[[0;32m  OK  [0m] Created slice User and Session Slice.
[   50.860411] systemd[1]: Reached targtt Slices.
[[0;32m  OK  [0m] Reached target Slices.
[   51.094649] systemd[1]: Starting Uncomplicated firewall...
         Starting Uncomplicated firewall...
[   51.245752] systemd[1]: Mounted POSIX Message Queue File System.
[[0;32m  OK  [0m] Mounted POSIX Message Queue File System.
[   51.484846] systemd[1]: Mounted Huge Pages File System.
[[0;32m  OK  [0m] Mounted Huge Pages File System.
[   51.724518] systemd[1]: Mounted Debug File System.
[[0;32m  OK  [0m] Mounted Debug File System.
[   51.936970] systemd[1]: Started Journal Service.
[[0;32m  OK  [0m] Started Journal Service.
[[0;32m  OK  [0m] Started Create list of required sta...ce nodes for the current kernel.
[[0;32m  OK  [0m] Started Set console keymap.
[[0;32m  OK  [0m] Started Remount Root and Kernel File Systems.
[[0;32m  OK  [0m] Started Load Kernel Modules.
[[0;32m  OK  [0m] Started Uncomplicated firewall.
[[0;32m  OK  [0m] Started Nameserver information manager.
[[0;32m  OK  [0m] Started LVM2 metadata daemon.
         Mounting FUSE Control File System...
         Starting Apply Kernel Variables...
         Starting udev Coldplug all Devices...
         Starting Load/Save Random Seed...
         Starting Initial cloud-init job (pre-networking)...
         Starting Create Static Device Nodes in /dev...
         Starting Flush Journal to Persistent Storage...
[[0;32m  OK  [0m] Mounted FUSE Control File System.
[[0;32m  OK  [0m] Started Apply Kernel Variables.
[[0;32m  OK  [0m] Started Load/Save Random Seed.
[[0;32m  OK  [0m] Started Create Static Device Nodes in /dev.
[[0;32m  OK  [0m] Started udev Coldplug all Devices.
[[0;32m  OK  [0m] Started Flush Journal to Persistent Storage.
         Starting udev Kernel Device Manager...
[[0;32m  OK  [0m] Started udev Kernel Device Manager.
[[0;32m  OK  [0m] Started Dispatch Password Requests to Console Directory Watch.
[[0;32m  OK  [0m] Found device /dev/ttyS0.
[[0;32m  OK  [0m] Started Monitoring of LVM2 mirrors,...ng dmeventd or progress polling.
[[0;32m  OK  [0m] Reached target Local File Systems (Pre).
[[0;32m  OK  [0m] Reached target Local File Systems.
         Starting Create Volatile Files and Directories...
         Starting Set console font and keymap...
         Starting Tell Plymouth To Write Out Runtime Data...
[   34.527320] cloud-init[489]: Cloud-init v. 0.7.8 running 'init-local' at Fri, 17 Feb 2017 19:20:44 +0000. Up 34.22 seconds.
         Starting LSB: AppArmor initialization...
[[0;32m  OK  [0m] Started Create Volatile Files and Directories.
[[0;32m  OK  [0m] Started Set console font and keymap.
[[0;32m  OK  [0m] Started Tell Plymouth To Write Out Runtime Data.
[[0;32m  OK  [0m] Started Initial cloud-init job (pre-networking).
[[0;32m  OK  [0m] Listening on Load/Save RF Kill Switch Status /dev/rfkill Watch.
[[0;32m  OK  [0m] Reached target Network (Pre).
[[0;32m  OK  [0m] Created slice system-getty.slice.
         Starting Update UTMP about System Boot/Shutdown...
[[0;32m  OK  [0m] Reached target System Time Synchronized.
[[0;32m  OK  [0m] Started Update UTMP about System Boot/Shutdown.
[[0;32m  OK  [0m] Started LSB: AppArmor initialization.
[[0;32m  OK  [0m] Started ifup for enp0s3.
         Starting Raise network interfaces...
[[0;1;31mFAILED[0m] Failed to start Raise network interfaces.
See 'systemctl status networking.service' for details.
[[0;32m  OK  [0m] Reached target Network.
         Starting Initial cloud-init job (metadata service crawler)...
[   37.687894] cloud-init[1101]: Cloud-init v. 0.7.8 running 'init' at Fri, 17 Feb 2017 19:20:47 +0000. Up 37.49 seconds.
[   37.789048] cloud-init[1101]: ci-info: +++++++++++++++++++++++++++++++++++++Net device info++++++++++++++++++++++++++++++++++++++
[[0;32m  OK  [0m] Started Initial cloud-init job (metadata service crawler).
[[   37.892576] cloud-init[1101]: ci-info: +--------+------+----------------------------+---------------+-------+-------------------+
[   37.947467] cloud-init[1101]: ci-info: | Device |  Up  |          Address           |      Mask     | Scope |     Hw-Address    |
[0;32m  OK  [0m] Reached target System Initialization.
[[   37.947599] cloud-init[1101]: ci-info: +--------+------+----------------------------+---------------+-------+-------------------+
[   38.169164] cloud-init[1101]: ci-info: |   lo   | True |         127.0.0.1          |   255.0.0.0   |   .   |         .         |
[0;32m  OK  [0m] Listening on ACPID Listen Socket.
[   38.169277] cloud-init[1101]: ci-info: |   lo   | True |          ::1/128           |       .       |  host |         .         |
[   38.484937] cloud-init[1101]: ci-info: | enp0s3 | True |         10.0.2.15          | 255.255.255.0 |   .   | 02:f2:f2:0c:4e:d5 |
[   38.485459] cloud-init[1101]: ci-info: | enp0s3 | True | fe80::f2:f2ff:fe0c:4ed5/64 |       .       |  link | 02:f2:f2:0c:4e:d5 |
[[0;32m  OK  [0m] Started ACPI Events Check.
[   38.485765] cloud-init[1101]: ci-info: +--------+------+----------------------------+---------------+-------+-------------------+
[   38.752880] cloud-init[1101]: ci-info: +++++++++++++++++++++++++++Route IPv4 info++++++++++++++++++++++++++++
[   38.753281] cloud-init[1101]: ci-info: +-------+-------------+----------+---------------+-----------+-------+
[[0;32m  OK  [0m] Started Timer to automatically refresh installed snaps.
[[   38.753460] cloud-init[1101]: ci-info: | Route | Destination | Gateway  |    Genmask    | Interface | Flags |
[   38.954218] cloud-init[1101]: ci-info: +-------+-------------+----------+---------------+-----------+-------+
[0;32m  OK  [0m] Started Daily apt activities.
[[   38.954312] cloud-init[1101]: ci-info: |   0   |   0.0.0.0   | 10.0.2.2 |    0.0.0.0    |   enp0s3  |   UG  |
[   39.033011] cloud-init[1101]: ci-info: |   1   |   10.0.2.0  | 0.0.0.0  | 255.255.255.0 |   enp0s3  |   U   |
[   39.033147] cloud-init[1101]: ci-info: +-------+-------------+----------+---------------+-----------+-------+
[0;32m  OK  [0m] Listening on UUID daemon activation socket.
[[0;32m  OK  [0m] Listening on D-Bus System Message Bus Socket.
         Starting Socket activation for snappy daemon.
[[0;32m  OK  [0m] Started Daily Cleanup of Temporary Directories.
[[0;32m  OK  [0m] Reached target Timers.
         Starting LXD - unix socket.
[[0;32m  OK  [0m] Started Trigger resolvconf update for networkd DNS.
[[0;32m  OK  [0m] Reached target Paths.
[[0;32m  OK  [0m] Reached target Cloud-config availability.
[[0;32m  OK  [0m] Reached target Network is Online.
         Starting iSCSI initiator daemon (iscsid)...
[[0;32m  OK  [0m] Listening on Socket activation for snappy daemon.
[[0;32m  OK  [0m] Listening on LXD - unix socket.
[[0;32m  OK  [0m] Started iSCSI initiator daemon (iscsid).
         Starting Login to default iSCSI targets...
[[0;32m  OK  [0m] Reached target Sockets.
[[0;32m  OK  [0m] Reached target Basic System.
         Starting LSB: MD monitoring daemon...
[[0;32m  OK  [0m] Started Snappy daemon.
         Starting Accounts Service...
         Starting LXD - container startup/shutdown...
         Starting LSB: Record successful boot for GRUB...
         Starting Apply the settings specified in cloud-config...
         Starting System Logging Service...
[[0;32m  OK  [0m] Started D-Bus System Message Bus.
         Starting Login Service...
         Starting MySQL Community Server...
[[0;32m  OK  [0m] Started Deferred execution scheduler.
[[0;32m  OK  [0m] Started ACPI event daemon.
         Starting OpenBSD Secure Shell server...
         Starting /etc/rc.local Compatibility...
[[0;32m  OK  [0m] Started Regular background program processing daemon.
[[0;32m  OK  [0m] Started FUSE filesystem for LXC.
[   40.067409] cloud-init[1181]: Cloud-init v. 0.7.8 running 'modules:config' at Fri, 17 Feb 2017 19:20:49 +0000. Up 39.99 seconds.
         Starting Auto import assertions from block devices...
[[0;32m  OK  [0m] Started System Logging Service.
[[0;32m  OK  [0m] Started OpenBSD Secure Shell server.
[[0;32m  OK  [0m] Started LXD - container startup/shutdown.
[[0;32m  OK  [0m] Started Apply the settings specified in cloud-config.
[[0;32m  OK  [0m] Started /etc/rc.local Compatibility.
[[0;32m  OK  [0m] Started Auto import assertions from block devices.
[[0;32m  OK  [0m] Started Login to default iSCSI targets.
[[0;32m  OK  [0m] Started LSB: MD monitoring daemon.
[[0;32m  OK  [0m] Started LSB: Record successful boot for GRUB.
[[0;32m  OK  [0m] Started Login Service.
         Starting Authenticate and Authorize Users to Run Privileged Tasks...
[[0;32m  OK  [0m] Reached target Remote File Systems (Pre).
[[0;32m  OK  [0m] Reached target Remote File Systems.
         Starting LSB: daemon to balance interrupts for SMP systems...
         Starting LSB: Set the CPU Frequency Scaling governor to "ondemand"...
         Starting LSB: VirtualBox Linux Additions...
         Starting LSB: automatic crash report generation...
         Starting Permit User Sessions...
         Starting LSB: Apache2 web server...
[[0;32m  OK  [0m] Started Permit User Sessions.
[[0;32m  OK  [0m] Started Authenticate and Authorize Users to Run Privileged Tasks.
[[0;32m  OK  [0m] Started Accounts Service.
[[0;32m  OK  [0m] Started LSB: Set the CPU Frequency Scaling governor to "ondemand".
[[0;32m  OK  [0m] Started LSB: daemon to balance interrupts for SMP systems.
[[0;32m  OK  [0m] Started LSB: VirtualBox Linux Additions.
[[0;32m  OK  [0m] Created slice User Slice of ubuntu.
[[0;32m  OK  [0m] Started Session 1 of user ubuntu.
         Starting User Manager for UID 1000...
         Starting Hold until boot process finishes up...
         Starting Terminate Plymouth Boot Screen...
[[0;32m  OK  [0m] Started User Manager for UID 1000.
[[0;32m  OK  [0m] Started LSB: automatic crash report generation.
[[0;32m  OK  [0m] Started Hold until boot process finishes up.
[[0;32m  OK  [0m] Started Terminate Plymouth Boot Screen.
[[0;32m  OK  [0m] Started MySQL Community Server.
[[0;32m  OK  [0m] Started Getty on tty1.
         Starting Set console scheme...
[[0;32m  OK  [0m] Started Serial Getty on ttyS0.
[[0;32m  OK  [0m] Reached target Login Prompts.
[[0;32m  OK  [0m] Started Set console scheme.
[[0;32m  OK  [0m] Started LSB: Apache2 web server.
[[0;32m  OK  [0m] Reached target Multi-User System.
[[0;32m  OK  [0m] Reached target Graphical Interface.
         Starting Update UTMP about System Runlevel Changes...
         Starting Execute cloud user/final scripts...
[[0;32m  OK  [0m] Started Update UTMP about System Runlevel Changes.
[   42.777001] cloud-init[1478]: Cloud-init v. 0.7.8 running 'modules:final' at Fri, 17 Feb 2017 19:20:52 +0000. Up 42.67 seconds.
[   42.848669] cloud-init[1478]: Cloud-init v. 0.7.8 finished at Fri, 17 Feb 2017 19:20:52 +0000. Datasource DataSourceNoCloud [seed=/dev/sdb][dsmode=net].  Up 42.77 seconds
         Stopping User Manager for UID 1000...
[[0;32m  OK  [0m] Stopped User Manager for UID 1000.
[[0;32m  OK  [0m] Started Execute cloud user/final scripts.
[[0;32m  OK  [0m] Removed slice User Slice of ubuntu.
[[0;32m  OK  [0m] Reached target Cloud-init target.

Ubuntu 16.04.2 LTS ubuntu-xenial ttyS0

ubuntu-xenial login: 